<?xml version="1.0" encoding="utf-8"?>
<CoverageSession xmlns:xsd="http://www.w3.org/2001/XMLSchema" xmlns:xsi="http://www.w3.org/2001/XMLSchema-instance">
  <Summary numSequencePoints="1430" visitedSequencePoints="1225" numBranchPoints="509" visitedBranchPoints="456" sequenceCoverage="85.66" branchCoverage="89.59" maxCyclomaticComplexity="16" minCyclomaticComplexity="0" visitedClasses="40" numClasses="47" visitedMethods="203" numMethods="225" />
  <Modules>
    <Module skippedDueTo="Filter" hash="11-F1-CF-4A-23-3E-9A-D8-87-10-E4-FD-C1-EE-72-62-3E-08-E5-F1">
      <ModulePath>C:\WINDOWS\Microsoft.Net\assembly\GAC_64\mscorlib\v4.0_4.0.0.0__b77a5c561934e089\mscorlib.dll</ModulePath>
      <ModuleTime>2017-07-07T04:12:11.3466823Z</ModuleTime>
      <ModuleName>mscorlib</ModuleName>
      <Classes />
    </Module>
    <Module skippedDueTo="MissingPdb" hash="70-0A-8C-00-26-D7-8E-3A-41-3C-43-6D-01-3C-09-CC-C9-73-85-C0">
      <ModulePath>C:\Programming\GithubRepos\chess-with-tdd\packages\NUnit.ConsoleRunner.3.6.1\tools\nunit3-console.exe</ModulePath>
      <ModuleTime>2017-07-25T22:00:25.3989112Z</ModuleTime>
      <ModuleName>nunit3-console</ModuleName>
      <Classes />
    </Module>
    <Module skippedDueTo="Filter" hash="BA-4F-A1-35-97-44-A9-E0-41-2B-3D-42-2C-4C-AF-72-95-4A-4C-75">
      <ModulePath>C:\WINDOWS\Microsoft.Net\assembly\GAC_MSIL\System\v4.0_4.0.0.0__b77a5c561934e089\System.dll</ModulePath>
      <ModuleTime>2017-04-27T21:38:59.8763538Z</ModuleTime>
      <ModuleName>System</ModuleName>
      <Classes />
    </Module>
    <Module skippedDueTo="MissingPdb" hash="90-A5-CB-F1-B1-A1-C2-DE-2A-BF-0B-6F-28-E9-82-CA-41-44-09-3A">
      <ModulePath>C:\Programming\GithubRepos\chess-with-tdd\packages\NUnit.ConsoleRunner.3.6.1\tools\nunit.engine.api.dll</ModulePath>
      <ModuleTime>2017-07-25T22:00:25.3953863Z</ModuleTime>
      <ModuleName>nunit.engine.api</ModuleName>
      <Classes />
    </Module>
    <Module skippedDueTo="MissingPdb" hash="96-DE-EF-3F-02-DC-0C-37-07-3E-B9-1D-D2-EF-F9-A2-D3-8E-11-00">
      <ModulePath>C:\Programming\GithubRepos\chess-with-tdd\packages\NUnit.ConsoleRunner.3.6.1\tools\nunit.engine.dll</ModulePath>
      <ModuleTime>2017-07-25T22:00:25.3969109Z</ModuleTime>
      <ModuleName>nunit.engine</ModuleName>
      <Classes />
    </Module>
    <Module skippedDueTo="MissingPdb" hash="96-DE-EF-3F-02-DC-0C-37-07-3E-B9-1D-D2-EF-F9-A2-D3-8E-11-00">
      <ModulePath>C:\Programming\GithubRepos\chess-with-tdd\packages\NUnit.ConsoleRunner.3.6.1\tools\nunit.engine.dll</ModulePath>
      <ModuleTime>2017-07-25T22:00:25.3969109Z</ModuleTime>
      <ModuleName>nunit.engine</ModuleName>
      <Classes />
    </Module>
    <Module skippedDueTo="Filter" hash="88-45-F0-9C-3C-9F-72-79-CB-6A-82-FA-D7-DB-C3-4A-59-80-3C-6B">
      <ModulePath>C:\WINDOWS\Microsoft.Net\assembly\GAC_MSIL\System.Xml\v4.0_4.0.0.0__b77a5c561934e089\System.Xml.dll</ModulePath>
      <ModuleTime>2016-07-16T11:43:55.4992744Z</ModuleTime>
      <ModuleName>System.Xml</ModuleName>
      <Classes />
    </Module>
    <Module skippedDueTo="Filter" hash="11-98-E7-2B-6C-7D-11-C5-0F-66-CE-47-1E-CA-60-19-D0-EB-15-8B">
      <ModulePath>C:\WINDOWS\Microsoft.Net\assembly\GAC_64\System.Web\v4.0_4.0.0.0__b03f5f7f11d50a3a\System.Web.dll</ModulePath>
      <ModuleTime>2017-02-22T02:17:32.9959633Z</ModuleTime>
      <ModuleName>System.Web</ModuleName>
      <Classes />
    </Module>
    <Module skippedDueTo="MissingPdb" hash="8A-2E-8F-D6-9D-39-02-4A-2F-30-FC-06-42-F7-0F-A8-32-69-07-72">
      <ModulePath>C:\Programming\GithubRepos\chess-with-tdd\packages\NUnit.ConsoleRunner.3.6.1\tools\Mono.Cecil.dll</ModulePath>
      <ModuleTime>2017-07-25T22:00:25.3913868Z</ModuleTime>
      <ModuleName>Mono.Cecil</ModuleName>
      <Classes />
    </Module>
    <Module skippedDueTo="Filter" hash="A6-44-D7-5C-2C-AA-24-6D-2E-64-A4-48-13-C2-22-F5-E4-2D-CE-96">
      <ModulePath>C:\WINDOWS\Microsoft.Net\assembly\GAC_MSIL\System.Runtime.Remoting\v4.0_4.0.0.0__b77a5c561934e089\System.Runtime.Remoting.dll</ModulePath>
      <ModuleTime>2016-07-16T11:43:55.4680251Z</ModuleTime>
      <ModuleName>System.Runtime.Remoting</ModuleName>
      <Classes />
    </Module>
    <Module skippedDueTo="Filter" hash="34-A3-5D-67-8E-E7-DB-60-FE-97-F3-BD-D4-E7-40-6B-00-DA-51-C8">
      <ModulePath>C:\WINDOWS\Microsoft.Net\assembly\GAC_MSIL\System.Configuration\v4.0_4.0.0.0__b03f5f7f11d50a3a\System.Configuration.dll</ModulePath>
      <ModuleTime>2016-07-16T11:43:53.9992781Z</ModuleTime>
      <ModuleName>System.Configuration</ModuleName>
      <Classes />
    </Module>
    <Module skippedDueTo="Filter" hash="11-F1-CF-4A-23-3E-9A-D8-87-10-E4-FD-C1-EE-72-62-3E-08-E5-F1">
      <ModulePath>C:\WINDOWS\Microsoft.Net\assembly\GAC_64\mscorlib\v4.0_4.0.0.0__b77a5c561934e089\mscorlib.dll</ModulePath>
      <ModuleTime>2017-07-07T04:12:11.3466823Z</ModuleTime>
      <ModuleName>mscorlib</ModuleName>
      <Classes />
    </Module>
    <Module skippedDueTo="MissingPdb" hash="75-5F-1A-C1-0E-E6-C9-A3-EC-A1-F0-6E-89-B4-98-86-0B-A8-B2-AD">
      <ModulePath>C:\Programming\GithubRepos\chess-with-tdd\packages\NUnit.ConsoleRunner.3.6.1\tools\nunit-agent.exe</ModulePath>
      <ModuleTime>2017-07-25T22:00:25.3943879Z</ModuleTime>
      <ModuleName>nunit-agent</ModuleName>
      <Classes />
    </Module>
    <Module skippedDueTo="MissingPdb" hash="96-DE-EF-3F-02-DC-0C-37-07-3E-B9-1D-D2-EF-F9-A2-D3-8E-11-00">
      <ModulePath>C:\Programming\GithubRepos\chess-with-tdd\packages\NUnit.ConsoleRunner.3.6.1\tools\nunit.engine.dll</ModulePath>
      <ModuleTime>2017-07-25T22:00:25.3969109Z</ModuleTime>
      <ModuleName>nunit.engine</ModuleName>
      <Classes />
    </Module>
    <Module skippedDueTo="MissingPdb" hash="90-A5-CB-F1-B1-A1-C2-DE-2A-BF-0B-6F-28-E9-82-CA-41-44-09-3A">
      <ModulePath>C:\Programming\GithubRepos\chess-with-tdd\packages\NUnit.ConsoleRunner.3.6.1\tools\nunit.engine.api.dll</ModulePath>
      <ModuleTime>2017-07-25T22:00:25.3953863Z</ModuleTime>
      <ModuleName>nunit.engine.api</ModuleName>
      <Classes />
    </Module>
    <Module skippedDueTo="Filter" hash="BA-4F-A1-35-97-44-A9-E0-41-2B-3D-42-2C-4C-AF-72-95-4A-4C-75">
      <ModulePath>C:\WINDOWS\Microsoft.Net\assembly\GAC_MSIL\System\v4.0_4.0.0.0__b77a5c561934e089\System.dll</ModulePath>
      <ModuleTime>2017-04-27T21:38:59.8763538Z</ModuleTime>
      <ModuleName>System</ModuleName>
      <Classes />
    </Module>
    <Module skippedDueTo="Filter" hash="A6-44-D7-5C-2C-AA-24-6D-2E-64-A4-48-13-C2-22-F5-E4-2D-CE-96">
      <ModulePath>C:\WINDOWS\Microsoft.Net\assembly\GAC_MSIL\System.Runtime.Remoting\v4.0_4.0.0.0__b77a5c561934e089\System.Runtime.Remoting.dll</ModulePath>
      <ModuleTime>2016-07-16T11:43:55.4680251Z</ModuleTime>
      <ModuleName>System.Runtime.Remoting</ModuleName>
      <Classes />
    </Module>
    <Module skippedDueTo="Filter" hash="88-45-F0-9C-3C-9F-72-79-CB-6A-82-FA-D7-DB-C3-4A-59-80-3C-6B">
      <ModulePath>C:\WINDOWS\Microsoft.Net\assembly\GAC_MSIL\System.Xml\v4.0_4.0.0.0__b77a5c561934e089\System.Xml.dll</ModulePath>
      <ModuleTime>2016-07-16T11:43:55.4992744Z</ModuleTime>
      <ModuleName>System.Xml</ModuleName>
      <Classes />
    </Module>
    <Module skippedDueTo="Filter" hash="11-98-E7-2B-6C-7D-11-C5-0F-66-CE-47-1E-CA-60-19-D0-EB-15-8B">
      <ModulePath>C:\WINDOWS\Microsoft.Net\assembly\GAC_64\System.Web\v4.0_4.0.0.0__b03f5f7f11d50a3a\System.Web.dll</ModulePath>
      <ModuleTime>2017-02-22T02:17:32.9959633Z</ModuleTime>
      <ModuleName>System.Web</ModuleName>
      <Classes />
    </Module>
    <Module skippedDueTo="MissingPdb" hash="8A-2E-8F-D6-9D-39-02-4A-2F-30-FC-06-42-F7-0F-A8-32-69-07-72">
      <ModulePath>C:\Programming\GithubRepos\chess-with-tdd\packages\NUnit.ConsoleRunner.3.6.1\tools\Mono.Cecil.dll</ModulePath>
      <ModuleTime>2017-07-25T22:00:25.3913868Z</ModuleTime>
      <ModuleName>Mono.Cecil</ModuleName>
      <Classes />
    </Module>
    <Module skippedDueTo="Filter" hash="34-A3-5D-67-8E-E7-DB-60-FE-97-F3-BD-D4-E7-40-6B-00-DA-51-C8">
      <ModulePath>C:\WINDOWS\Microsoft.Net\assembly\GAC_MSIL\System.Configuration\v4.0_4.0.0.0__b03f5f7f11d50a3a\System.Configuration.dll</ModulePath>
      <ModuleTime>2016-07-16T11:43:53.9992781Z</ModuleTime>
      <ModuleName>System.Configuration</ModuleName>
      <Classes />
    </Module>
    <Module skippedDueTo="MissingPdb" hash="45-EA-4E-AC-19-19-00-3D-32-48-A5-9E-F4-BA-10-51-33-E1-F3-41">
      <ModulePath>C:\Programming\GithubRepos\chess-with-tdd\ChessWithTDD\bin\Debug\nunit.framework.dll</ModulePath>
      <ModuleTime>2017-07-25T22:00:25.3681593Z</ModuleTime>
      <ModuleName>nunit.framework</ModuleName>
      <Classes />
    </Module>
    <Module skippedDueTo="Filter" hash="BA-4F-A1-35-97-44-A9-E0-41-2B-3D-42-2C-4C-AF-72-95-4A-4C-75">
      <ModulePath>C:\WINDOWS\Microsoft.Net\assembly\GAC_MSIL\System\v4.0_4.0.0.0__b77a5c561934e089\System.dll</ModulePath>
      <ModuleTime>2017-04-27T21:38:59.8763538Z</ModuleTime>
      <ModuleName>System</ModuleName>
      <Classes />
    </Module>
    <Module skippedDueTo="Filter" hash="B2-A2-BD-63-F9-F2-57-08-E9-96-4F-80-7E-4F-54-31-E1-75-FD-E3">
      <ModulePath>C:\WINDOWS\Microsoft.Net\assembly\GAC_MSIL\System.Core\v4.0_4.0.0.0__b77a5c561934e089\System.Core.dll</ModulePath>
      <ModuleTime>2017-04-27T21:38:59.2669797Z</ModuleTime>
      <ModuleName>System.Core</ModuleName>
      <Classes />
    </Module>
    <Module skippedDueTo="Filter" hash="11-98-E7-2B-6C-7D-11-C5-0F-66-CE-47-1E-CA-60-19-D0-EB-15-8B">
      <ModulePath>C:\WINDOWS\Microsoft.Net\assembly\GAC_64\System.Web\v4.0_4.0.0.0__b03f5f7f11d50a3a\System.Web.dll</ModulePath>
      <ModuleTime>2017-02-22T02:17:32.9959633Z</ModuleTime>
      <ModuleName>System.Web</ModuleName>
      <Classes />
    </Module>
    <Module hash="E4-7E-E1-D8-02-1A-DA-DC-03-7C-23-B8-98-6E-E6-20-F2-87-D6-B4">
      <Summary numSequencePoints="1430" visitedSequencePoints="1225" numBranchPoints="509" visitedBranchPoints="456" sequenceCoverage="85.66" branchCoverage="89.59" maxCyclomaticComplexity="16" minCyclomaticComplexity="0" visitedClasses="40" numClasses="47" visitedMethods="203" numMethods="225" />
      <ModulePath>C:\Programming\GithubRepos\chess-with-tdd\ChessWithTDD\bin\Debug\ChessWithTDD.dll</ModulePath>
      <ModuleTime>2017-07-31T22:41:53.1355104Z</ModuleTime>
      <ModuleName>ChessWithTDD</ModuleName>
      <Files>
        <File uid="1" fullPath="C:\Programming\GithubRepos\chess-with-tdd\ChessWithTDD\BoardStateChanging\PositionLoader.cs" />
        <File uid="3" fullPath="C:\Programming\GithubRepos\chess-with-tdd\ChessWithTDD\BoardDependencies\BoardCache.cs" />
        <File uid="4" fullPath="C:\Programming\GithubRepos\chess-with-tdd\ChessWithTDD\BoardDependencies\CheckManagement\CheckManager.cs" />
        <File uid="5" fullPath="C:\Programming\GithubRepos\chess-with-tdd\ChessWithTDD\BoardDependencies\CheckManagement\CheckMateEscapeManager.cs" />
        <File uid="6" fullPath="C:\Programming\GithubRepos\chess-with-tdd\ChessWithTDD\BoardDependencies\CheckManagement\CheckMateManager.cs" />
        <File uid="7" fullPath="C:\Programming\GithubRepos\chess-with-tdd\ChessWithTDD\BoardDependencies\MoveValidation\MoveIntoCheckValidator.cs" />
        <File uid="8" fullPath="C:\Programming\GithubRepos\chess-with-tdd\ChessWithTDD\BoardDependencies\PawnManagement\EnPassantManager.cs" />
        <File uid="9" fullPath="C:\Programming\GithubRepos\chess-with-tdd\ChessWithTDD\BoardDependencies\MoveValidation\GenericMoveValidator.cs" />
        <File uid="10" fullPath="C:\Programming\GithubRepos\chess-with-tdd\ChessWithTDD\BoardDependencies\MoveValidation\MoveValidator.cs" />
        <File uid="11" fullPath="C:\Programming\GithubRepos\chess-with-tdd\ChessWithTDD\BoardDependencies\MoveValidation\MultiSquareMoveValidator.cs" />
        <File uid="21" fullPath="C:\Programming\GithubRepos\chess-with-tdd\ChessWithTDD\BoardDependencies\PawnManagement\PawnManager.cs" />
        <File uid="22" fullPath="C:\Programming\GithubRepos\chess-with-tdd\ChessWithTDD\BoardStateChanging\AlgebraicNotationGenerator.cs" />
        <File uid="24" fullPath="C:\Programming\GithubRepos\chess-with-tdd\ChessWithTDD\BoardStateChanging\AlgebraicNotationParser.cs" />
        <File uid="25" fullPath="C:\Programming\GithubRepos\chess-with-tdd\ChessWithTDD\BoardStateChanging\PositionStateManager.cs" />
        <File uid="26" fullPath="C:\Programming\GithubRepos\chess-with-tdd\ChessWithTDD\ContainerConfiguration.cs" />
        <File uid="27" fullPath="C:\Programming\GithubRepos\chess-with-tdd\ChessWithTDD\BoardStateChanging\MoveGenerationData.cs" />
        <File uid="28" fullPath="C:\Programming\GithubRepos\chess-with-tdd\ChessWithTDD\BoardStateChanging\MoveConversionData.cs" />
        <File uid="29" fullPath="C:\Programming\GithubRepos\chess-with-tdd\ChessWithTDD\BoardStateChanging\ParsingConstants.cs" />
        <File uid="30" fullPath="C:\Programming\GithubRepos\chess-with-tdd\ChessWithTDD\CloningExtensions.cs" />
        <File uid="31" fullPath="C:\Programming\GithubRepos\chess-with-tdd\ChessWithTDD\Interfaces\IMoveProvider.cs" />
        <File uid="33" fullPath="C:\Programming\GithubRepos\chess-with-tdd\ChessWithTDD\BoardDependencies\MoveExecutor.cs" />
        <File uid="34" fullPath="C:\Programming\GithubRepos\chess-with-tdd\ChessWithTDD\Pieces\BlackPawn.cs" />
        <File uid="35" fullPath="C:\Programming\GithubRepos\chess-with-tdd\ChessWithTDD\Pieces\Bishop.cs" />
        <File uid="36" fullPath="C:\Programming\GithubRepos\chess-with-tdd\ChessWithTDD\BoardDependencies\BoardInitialiser.cs" />
        <File uid="37" fullPath="C:\Programming\GithubRepos\chess-with-tdd\ChessWithTDD\Pieces\Pawn.cs" />
        <File uid="38" fullPath="C:\Programming\GithubRepos\chess-with-tdd\ChessWithTDD\StrictServiceLocator.cs" />
        <File uid="39" fullPath="C:\Programming\GithubRepos\chess-with-tdd\ChessWithTDD\SquareExtensions.cs" />
        <File uid="40" fullPath="C:\Programming\GithubRepos\chess-with-tdd\ChessWithTDD\Board.cs" />
        <File uid="41" fullPath="C:\Programming\GithubRepos\chess-with-tdd\ChessWithTDD\Pieces\Knight.cs" />
        <File uid="42" fullPath="C:\Programming\GithubRepos\chess-with-tdd\ChessWithTDD\Pieces\Rook.cs" />
        <File uid="43" fullPath="C:\Programming\GithubRepos\chess-with-tdd\ChessWithTDD\Pieces\King.cs" />
        <File uid="44" fullPath="C:\Programming\GithubRepos\chess-with-tdd\ChessWithTDD\Pieces\Queen.cs" />
        <File uid="45" fullPath="C:\Programming\GithubRepos\chess-with-tdd\ChessWithTDD\Move.cs" />
        <File uid="46" fullPath="C:\Programming\GithubRepos\chess-with-tdd\ChessWithTDD\Square.cs" />
        <File uid="47" fullPath="C:\Programming\GithubRepos\chess-with-tdd\ChessWithTDD\Pieces\WhitePawn.cs" />
      </Files>
      <Classes>
        <Class>
          <Summary numSequencePoints="0" visitedSequencePoints="0" numBranchPoints="0" visitedBranchPoints="0" sequenceCoverage="0" branchCoverage="0" maxCyclomaticComplexity="0" minCyclomaticComplexity="0" visitedClasses="0" numClasses="0" visitedMethods="0" numMethods="0" />
          <FullName>&lt;Module&gt;</FullName>
          <Methods />
        </Class>
        <Class>
          <Summary numSequencePoints="46" visitedSequencePoints="0" numBranchPoints="10" visitedBranchPoints="0" sequenceCoverage="0" branchCoverage="0" maxCyclomaticComplexity="4" minCyclomaticComplexity="1" visitedClasses="0" numClasses="1" visitedMethods="0" numMethods="2" />
          <FullName>ChessGameController.PositionLoader</FullName>
          <Methods>
            <Method visited="false" cyclomaticComplexity="4" nPathComplexity="4" sequenceCoverage="0" branchCoverage="0" isConstructor="false" isStatic="false" isGetter="false" isSetter="false">
              <Summary numSequencePoints="31" visitedSequencePoints="0" numBranchPoints="5" visitedBranchPoints="0" sequenceCoverage="0" branchCoverage="0" maxCyclomaticComplexity="4" minCyclomaticComplexity="4" visitedClasses="0" numClasses="0" visitedMethods="0" numMethods="1" />
              <MetadataToken>100663297</MetadataToken>
              <Name>System.Boolean ChessGameController.PositionLoader::LoadPositionIntoBoard(ChessWithTDD.IBoard,System.String)</Name>
              <FileRef uid="1" />
              <SequencePoints>
                <SequencePoint vc="0" uspid="1" ordinal="0" offset="0" sl="27" sc="9" el="27" ec="10" bec="0" bev="0" fileid="1" />
                <SequencePoint vc="0" uspid="2" ordinal="1" offset="1" sl="29" sc="13" el="29" ec="14" bec="0" bev="0" fileid="1" />
                <SequencePoint vc="0" uspid="3" ordinal="2" offset="2" sl="30" sc="17" el="30" ec="80" bec="0" bev="0" fileid="1" />
                <SequencePoint vc="0" uspid="4" ordinal="3" offset="8" sl="32" sc="17" el="32" ec="39" bec="2" bev="0" fileid="1" />
                <SequencePoint vc="0" uspid="5" ordinal="4" offset="18" sl="33" sc="17" el="33" ec="18" bec="0" bev="0" fileid="1" />
                <SequencePoint vc="0" uspid="6" ordinal="5" offset="19" sl="34" sc="21" el="34" ec="57" bec="0" bev="0" fileid="1" />
                <SequencePoint vc="0" uspid="7" ordinal="6" offset="26" sl="35" sc="21" el="35" ec="28" bec="0" bev="0" fileid="1" />
                <SequencePoint vc="0" uspid="8" ordinal="7" offset="27" sl="35" sc="42" el="35" ec="47" bec="0" bev="0" fileid="1" />
                <SequencePoint vc="0" uspid="9" ordinal="8" offset="34" sl="35" sc="30" el="35" ec="38" bec="0" bev="0" fileid="1" />
                <SequencePoint vc="0" uspid="10" ordinal="9" offset="40" sl="36" sc="21" el="36" ec="22" bec="0" bev="0" fileid="1" />
                <SequencePoint vc="0" uspid="11" ordinal="10" offset="41" sl="37" sc="25" el="37" ec="58" bec="0" bev="0" fileid="1" />
                <SequencePoint vc="0" uspid="12" ordinal="11" offset="61" sl="38" sc="25" el="38" ec="83" bec="0" bev="0" fileid="1" />
                <SequencePoint vc="0" uspid="13" ordinal="12" offset="73" sl="39" sc="25" el="39" ec="85" bec="0" bev="0" fileid="1" />
                <SequencePoint vc="0" uspid="14" ordinal="13" offset="85" sl="40" sc="25" el="40" ec="74" bec="0" bev="0" fileid="1" />
                <SequencePoint vc="0" uspid="15" ordinal="14" offset="101" sl="41" sc="25" el="41" ec="74" bec="0" bev="0" fileid="1" />
                <SequencePoint vc="0" uspid="16" ordinal="15" offset="117" sl="42" sc="21" el="42" ec="22" bec="0" bev="0" fileid="1" />
                <SequencePoint vc="0" uspid="17" ordinal="16" offset="124" sl="35" sc="39" el="35" ec="41" bec="0" bev="0" fileid="1" />
                <SequencePoint vc="0" uspid="18" ordinal="17" offset="131" sl="43" sc="17" el="43" ec="18" bec="0" bev="0" fileid="1" />
                <SequencePoint vc="0" uspid="19" ordinal="18" offset="134" sl="45" sc="17" el="45" ec="18" bec="0" bev="0" fileid="1" />
                <SequencePoint vc="0" uspid="20" ordinal="19" offset="135" sl="46" sc="21" el="46" ec="106" bec="0" bev="0" fileid="1" />
                <SequencePoint vc="0" uspid="21" ordinal="20" offset="146" sl="48" sc="17" el="48" ec="29" bec="0" bev="0" fileid="1" />
                <SequencePoint vc="0" uspid="22" ordinal="21" offset="151" sl="50" sc="13" el="50" ec="32" bec="0" bev="0" fileid="1" />
                <SequencePoint vc="0" uspid="23" ordinal="22" offset="153" sl="51" sc="13" el="51" ec="14" bec="0" bev="0" fileid="1" />
                <SequencePoint vc="0" uspid="24" ordinal="23" offset="154" sl="52" sc="17" el="52" ec="79" bec="0" bev="0" fileid="1" />
                <SequencePoint vc="0" uspid="25" ordinal="24" offset="161" sl="53" sc="17" el="53" ec="51" bec="2" bev="0" fileid="1" />
                <SequencePoint vc="0" uspid="26" ordinal="25" offset="177" sl="54" sc="17" el="54" ec="18" bec="0" bev="0" fileid="1" />
                <SequencePoint vc="0" uspid="27" ordinal="26" offset="178" sl="55" sc="21" el="55" ec="42" bec="0" bev="0" fileid="1" />
                <SequencePoint vc="0" uspid="28" ordinal="27" offset="194" sl="56" sc="17" el="56" ec="18" bec="0" bev="0" fileid="1" />
                <SequencePoint vc="0" uspid="29" ordinal="28" offset="195" sl="57" sc="17" el="57" ec="42" bec="0" bev="0" fileid="1" />
                <SequencePoint vc="0" uspid="30" ordinal="29" offset="203" sl="58" sc="17" el="58" ec="30" bec="0" bev="0" fileid="1" />
                <SequencePoint vc="0" uspid="31" ordinal="30" offset="208" sl="60" sc="9" el="60" ec="10" bec="0" bev="0" fileid="1" />
              </SequencePoints>
              <BranchPoints>
                <BranchPoint vc="0" uspid="32" ordinal="0" offset="16" sl="32" path="0" offsetend="18" fileid="1" />
                <BranchPoint vc="0" uspid="33" ordinal="1" offset="16" sl="32" path="1" offsetend="134" fileid="1" />
                <BranchPoint vc="0" uspid="36" ordinal="4" offset="175" sl="53" path="0" offsetend="177" fileid="1" />
                <BranchPoint vc="0" uspid="37" ordinal="5" offset="175" sl="53" path="1" offsetend="195" fileid="1" />
              </BranchPoints>
              <MethodPoint xsi:type="SequencePoint" vc="0" uspid="1" ordinal="0" offset="0" sl="27" sc="9" el="27" ec="10" bec="0" bev="0" fileid="1" />
            </Method>
            <Method visited="false" cyclomaticComplexity="3" nPathComplexity="4" sequenceCoverage="0" branchCoverage="0" isConstructor="false" isStatic="true" isGetter="false" isSetter="false">
              <Summary numSequencePoints="15" visitedSequencePoints="0" numBranchPoints="5" visitedBranchPoints="0" sequenceCoverage="0" branchCoverage="0" maxCyclomaticComplexity="3" minCyclomaticComplexity="3" visitedClasses="0" numClasses="0" visitedMethods="0" numMethods="1" />
              <MetadataToken>100663298</MetadataToken>
              <Name>System.Void ChessGameController.PositionLoader::TryToApplyMove(ChessWithTDD.IBoard,System.String[],ChessWithTDD.Move)</Name>
              <FileRef uid="1" />
              <SequencePoints>
                <SequencePoint vc="0" uspid="38" ordinal="0" offset="0" sl="63" sc="9" el="63" ec="10" bec="0" bev="0" fileid="1" />
                <SequencePoint vc="0" uspid="39" ordinal="1" offset="1" sl="64" sc="13" el="64" ec="33" bec="2" bev="0" fileid="1" />
                <SequencePoint vc="0" uspid="40" ordinal="2" offset="12" sl="65" sc="13" el="65" ec="14" bec="0" bev="0" fileid="1" />
                <SequencePoint vc="0" uspid="41" ordinal="3" offset="13" sl="67" sc="17" el="67" ec="87" bec="0" bev="0" fileid="1" />
                <SequencePoint vc="0" uspid="42" ordinal="4" offset="32" sl="68" sc="17" el="68" ec="81" bec="0" bev="0" fileid="1" />
                <SequencePoint vc="0" uspid="43" ordinal="5" offset="51" sl="69" sc="17" el="69" ec="59" bec="2" bev="0" fileid="1" />
                <SequencePoint vc="0" uspid="44" ordinal="6" offset="63" sl="70" sc="17" el="70" ec="18" bec="0" bev="0" fileid="1" />
                <SequencePoint vc="0" uspid="45" ordinal="7" offset="64" sl="71" sc="21" el="71" ec="53" bec="0" bev="0" fileid="1" />
                <SequencePoint vc="0" uspid="46" ordinal="8" offset="73" sl="72" sc="17" el="72" ec="18" bec="0" bev="0" fileid="1" />
                <SequencePoint vc="0" uspid="47" ordinal="9" offset="76" sl="74" sc="17" el="74" ec="18" bec="0" bev="0" fileid="1" />
                <SequencePoint vc="0" uspid="48" ordinal="10" offset="77" sl="75" sc="21" el="76" ec="92" bec="0" bev="0" fileid="1" />
                <SequencePoint vc="0" uspid="49" ordinal="11" offset="152" sl="78" sc="13" el="78" ec="14" bec="0" bev="0" fileid="1" />
                <SequencePoint vc="0" uspid="50" ordinal="12" offset="155" sl="80" sc="13" el="80" ec="14" bec="0" bev="0" fileid="1" />
                <SequencePoint vc="0" uspid="51" ordinal="13" offset="156" sl="81" sc="17" el="81" ec="103" bec="0" bev="0" fileid="1" />
                <SequencePoint vc="0" uspid="52" ordinal="14" offset="175" sl="83" sc="9" el="83" ec="10" bec="0" bev="0" fileid="1" />
              </SequencePoints>
              <BranchPoints>
                <BranchPoint vc="0" uspid="53" ordinal="0" offset="7" sl="64" path="0" offsetend="12" fileid="1" />
                <BranchPoint vc="0" uspid="54" ordinal="1" offset="7" sl="64" path="1" offsetend="155" fileid="1" />
                <BranchPoint vc="0" uspid="55" ordinal="2" offset="61" sl="69" path="0" offsetend="63" fileid="1" />
                <BranchPoint vc="0" uspid="56" ordinal="3" offset="61" sl="69" path="1" offsetend="76" fileid="1" />
              </BranchPoints>
              <MethodPoint xsi:type="SequencePoint" vc="0" uspid="38" ordinal="0" offset="0" sl="63" sc="9" el="63" ec="10" bec="0" bev="0" fileid="1" />
            </Method>
            <Method visited="false" cyclomaticComplexity="1" nPathComplexity="0" sequenceCoverage="0" branchCoverage="0" isConstructor="true" isStatic="false" isGetter="false" isSetter="false">
              <Summary numSequencePoints="0" visitedSequencePoints="0" numBranchPoints="0" visitedBranchPoints="0" sequenceCoverage="0" branchCoverage="0" maxCyclomaticComplexity="1" minCyclomaticComplexity="1" visitedClasses="0" numClasses="0" visitedMethods="0" numMethods="0" />
              <MetadataToken>100663299</MetadataToken>
              <Name>System.Void ChessGameController.PositionLoader::.ctor()</Name>
              <SequencePoints />
              <BranchPoints />
              <MethodPoint vc="0" uspid="57" ordinal="0" offset="0" />
            </Method>
          </Methods>
        </Class>
        <Class>
          <Summary numSequencePoints="3" visitedSequencePoints="0" numBranchPoints="1" visitedBranchPoints="0" sequenceCoverage="0" branchCoverage="0" maxCyclomaticComplexity="1" minCyclomaticComplexity="1" visitedClasses="0" numClasses="1" visitedMethods="0" numMethods="1" />
          <FullName>ChessGameController.PositionLoader/PositionLoadingException</FullName>
          <Methods>
            <Method visited="false" cyclomaticComplexity="1" nPathComplexity="0" sequenceCoverage="0" branchCoverage="0" isConstructor="true" isStatic="false" isGetter="false" isSetter="false">
              <Summary numSequencePoints="3" visitedSequencePoints="0" numBranchPoints="1" visitedBranchPoints="0" sequenceCoverage="0" branchCoverage="0" maxCyclomaticComplexity="1" minCyclomaticComplexity="1" visitedClasses="0" numClasses="0" visitedMethods="0" numMethods="1" />
              <MetadataToken>100663916</MetadataToken>
              <Name>System.Void ChessGameController.PositionLoader/PositionLoadingException::.ctor(System.String)</Name>
              <FileRef uid="1" />
              <SequencePoints>
                <SequencePoint vc="0" uspid="58" ordinal="0" offset="0" sl="87" sc="63" el="87" ec="76" bec="0" bev="0" fileid="1" />
                <SequencePoint vc="0" uspid="59" ordinal="1" offset="8" sl="87" sc="77" el="87" ec="78" bec="0" bev="0" fileid="1" />
                <SequencePoint vc="0" uspid="60" ordinal="2" offset="9" sl="87" sc="79" el="87" ec="80" bec="0" bev="0" fileid="1" />
              </SequencePoints>
              <BranchPoints />
              <MethodPoint xsi:type="SequencePoint" vc="0" uspid="58" ordinal="0" offset="0" sl="87" sc="63" el="87" ec="76" bec="0" bev="0" fileid="1" />
            </Method>
          </Methods>
        </Class>
        <Class>
          <Summary numSequencePoints="115" visitedSequencePoints="115" numBranchPoints="28" visitedBranchPoints="26" sequenceCoverage="100" branchCoverage="92.86" maxCyclomaticComplexity="5" minCyclomaticComplexity="1" visitedClasses="1" numClasses="1" visitedMethods="14" numMethods="14" />
          <FullName>ChessWithTDD.BoardCache</FullName>
          <Methods>
            <Method visited="true" cyclomaticComplexity="1" nPathComplexity="0" sequenceCoverage="100" branchCoverage="100" isConstructor="false" isStatic="false" isGetter="true" isSetter="false">
              <Summary numSequencePoints="3" visitedSequencePoints="3" numBranchPoints="1" visitedBranchPoints="1" sequenceCoverage="100" branchCoverage="100" maxCyclomaticComplexity="1" minCyclomaticComplexity="1" visitedClasses="0" numClasses="0" visitedMethods="1" numMethods="1" />
              <MetadataToken>100663301</MetadataToken>
              <Name>ChessWithTDD.ISquare ChessWithTDD.BoardCache::get_BlackKingSquare()</Name>
              <FileRef uid="3" />
              <SequencePoints>
                <SequencePoint vc="4" uspid="61" ordinal="0" offset="0" sl="20" sc="46" el="20" ec="47" bec="0" bev="0" fileid="3" />
                <SequencePoint vc="4" uspid="62" ordinal="1" offset="1" sl="20" sc="48" el="20" ec="72" bec="0" bev="0" fileid="3" />
                <SequencePoint vc="4" uspid="63" ordinal="2" offset="10" sl="20" sc="73" el="20" ec="74" bec="0" bev="0" fileid="3" />
              </SequencePoints>
              <BranchPoints />
              <MethodPoint xsi:type="SequencePoint" vc="4" uspid="61" ordinal="0" offset="0" sl="20" sc="46" el="20" ec="47" bec="0" bev="0" fileid="3" />
            </Method>
            <Method visited="true" cyclomaticComplexity="1" nPathComplexity="0" sequenceCoverage="100" branchCoverage="100" isConstructor="false" isStatic="false" isGetter="true" isSetter="false">
              <Summary numSequencePoints="3" visitedSequencePoints="3" numBranchPoints="1" visitedBranchPoints="1" sequenceCoverage="100" branchCoverage="100" maxCyclomaticComplexity="1" minCyclomaticComplexity="1" visitedClasses="0" numClasses="0" visitedMethods="1" numMethods="1" />
              <MetadataToken>100663302</MetadataToken>
              <Name>ChessWithTDD.ISquare ChessWithTDD.BoardCache::get_WhiteKingSquare()</Name>
              <FileRef uid="3" />
              <SequencePoints>
                <SequencePoint vc="4" uspid="64" ordinal="0" offset="0" sl="22" sc="46" el="22" ec="47" bec="0" bev="0" fileid="3" />
                <SequencePoint vc="4" uspid="65" ordinal="1" offset="1" sl="22" sc="48" el="22" ec="72" bec="0" bev="0" fileid="3" />
                <SequencePoint vc="4" uspid="66" ordinal="2" offset="10" sl="22" sc="73" el="22" ec="74" bec="0" bev="0" fileid="3" />
              </SequencePoints>
              <BranchPoints />
              <MethodPoint xsi:type="SequencePoint" vc="4" uspid="64" ordinal="0" offset="0" sl="22" sc="46" el="22" ec="47" bec="0" bev="0" fileid="3" />
            </Method>
            <Method visited="true" cyclomaticComplexity="1" nPathComplexity="0" sequenceCoverage="100" branchCoverage="100" isConstructor="false" isStatic="false" isGetter="true" isSetter="false">
              <Summary numSequencePoints="3" visitedSequencePoints="3" numBranchPoints="1" visitedBranchPoints="1" sequenceCoverage="100" branchCoverage="100" maxCyclomaticComplexity="1" minCyclomaticComplexity="1" visitedClasses="0" numClasses="0" visitedMethods="1" numMethods="1" />
              <MetadataToken>100663303</MetadataToken>
              <Name>ChessWithTDD.IBoard ChessWithTDD.BoardCache::get_TheBoard()</Name>
              <FileRef uid="3" />
              <SequencePoints>
                <SequencePoint vc="1" uspid="67" ordinal="0" offset="0" sl="24" sc="38" el="24" ec="39" bec="0" bev="0" fileid="3" />
                <SequencePoint vc="1" uspid="68" ordinal="1" offset="1" sl="24" sc="40" el="24" ec="57" bec="0" bev="0" fileid="3" />
                <SequencePoint vc="1" uspid="69" ordinal="2" offset="10" sl="24" sc="58" el="24" ec="59" bec="0" bev="0" fileid="3" />
              </SequencePoints>
              <BranchPoints />
              <MethodPoint xsi:type="SequencePoint" vc="1" uspid="67" ordinal="0" offset="0" sl="24" sc="38" el="24" ec="39" bec="0" bev="0" fileid="3" />
            </Method>
            <Method visited="true" cyclomaticComplexity="1" nPathComplexity="0" sequenceCoverage="100" branchCoverage="100" isConstructor="false" isStatic="false" isGetter="true" isSetter="false">
              <Summary numSequencePoints="3" visitedSequencePoints="3" numBranchPoints="1" visitedBranchPoints="1" sequenceCoverage="100" branchCoverage="100" maxCyclomaticComplexity="1" minCyclomaticComplexity="1" visitedClasses="0" numClasses="0" visitedMethods="1" numMethods="1" />
              <MetadataToken>100663304</MetadataToken>
              <Name>System.Collections.Generic.HashSet`1&lt;ChessWithTDD.ISquare&gt; ChessWithTDD.BoardCache::get_WhitePieceSquares()</Name>
              <FileRef uid="3" />
              <SequencePoints>
                <SequencePoint vc="19" uspid="70" ordinal="0" offset="0" sl="26" sc="57" el="26" ec="58" bec="0" bev="0" fileid="3" />
                <SequencePoint vc="19" uspid="71" ordinal="1" offset="1" sl="26" sc="59" el="26" ec="85" bec="0" bev="0" fileid="3" />
                <SequencePoint vc="19" uspid="72" ordinal="2" offset="10" sl="26" sc="86" el="26" ec="87" bec="0" bev="0" fileid="3" />
              </SequencePoints>
              <BranchPoints />
              <MethodPoint xsi:type="SequencePoint" vc="19" uspid="70" ordinal="0" offset="0" sl="26" sc="57" el="26" ec="58" bec="0" bev="0" fileid="3" />
            </Method>
            <Method visited="true" cyclomaticComplexity="1" nPathComplexity="0" sequenceCoverage="100" branchCoverage="100" isConstructor="false" isStatic="false" isGetter="true" isSetter="false">
              <Summary numSequencePoints="3" visitedSequencePoints="3" numBranchPoints="1" visitedBranchPoints="1" sequenceCoverage="100" branchCoverage="100" maxCyclomaticComplexity="1" minCyclomaticComplexity="1" visitedClasses="0" numClasses="0" visitedMethods="1" numMethods="1" />
              <MetadataToken>100663305</MetadataToken>
              <Name>System.Collections.Generic.HashSet`1&lt;ChessWithTDD.ISquare&gt; ChessWithTDD.BoardCache::get_BlackPieceSquares()</Name>
              <FileRef uid="3" />
              <SequencePoints>
                <SequencePoint vc="17" uspid="73" ordinal="0" offset="0" sl="28" sc="57" el="28" ec="58" bec="0" bev="0" fileid="3" />
                <SequencePoint vc="17" uspid="74" ordinal="1" offset="1" sl="28" sc="59" el="28" ec="85" bec="0" bev="0" fileid="3" />
                <SequencePoint vc="17" uspid="75" ordinal="2" offset="10" sl="28" sc="86" el="28" ec="87" bec="0" bev="0" fileid="3" />
              </SequencePoints>
              <BranchPoints />
              <MethodPoint xsi:type="SequencePoint" vc="17" uspid="73" ordinal="0" offset="0" sl="28" sc="57" el="28" ec="58" bec="0" bev="0" fileid="3" />
            </Method>
            <Method visited="true" cyclomaticComplexity="1" nPathComplexity="0" sequenceCoverage="100" branchCoverage="100" isConstructor="true" isStatic="false" isGetter="false" isSetter="false">
              <Summary numSequencePoints="5" visitedSequencePoints="5" numBranchPoints="1" visitedBranchPoints="1" sequenceCoverage="100" branchCoverage="100" maxCyclomaticComplexity="1" minCyclomaticComplexity="1" visitedClasses="0" numClasses="0" visitedMethods="1" numMethods="1" />
              <MetadataToken>100663300</MetadataToken>
              <Name>System.Void ChessWithTDD.BoardCache::.ctor()</Name>
              <FileRef uid="3" />
              <SequencePoints>
                <SequencePoint vc="15" uspid="76" ordinal="0" offset="0" sl="14" sc="9" el="14" ec="28" bec="0" bev="0" fileid="3" />
                <SequencePoint vc="15" uspid="77" ordinal="1" offset="7" sl="15" sc="9" el="15" ec="10" bec="0" bev="0" fileid="3" />
                <SequencePoint vc="15" uspid="78" ordinal="2" offset="8" sl="16" sc="13" el="16" ec="57" bec="0" bev="0" fileid="3" />
                <SequencePoint vc="15" uspid="79" ordinal="3" offset="19" sl="17" sc="13" el="17" ec="57" bec="0" bev="0" fileid="3" />
                <SequencePoint vc="15" uspid="80" ordinal="4" offset="30" sl="18" sc="9" el="18" ec="10" bec="0" bev="0" fileid="3" />
              </SequencePoints>
              <BranchPoints />
              <MethodPoint xsi:type="SequencePoint" vc="15" uspid="76" ordinal="0" offset="0" sl="14" sc="9" el="14" ec="28" bec="0" bev="0" fileid="3" />
            </Method>
            <Method visited="true" cyclomaticComplexity="1" nPathComplexity="0" sequenceCoverage="100" branchCoverage="100" isConstructor="false" isStatic="false" isGetter="false" isSetter="false">
              <Summary numSequencePoints="8" visitedSequencePoints="8" numBranchPoints="1" visitedBranchPoints="1" sequenceCoverage="100" branchCoverage="100" maxCyclomaticComplexity="1" minCyclomaticComplexity="1" visitedClasses="0" numClasses="0" visitedMethods="1" numMethods="1" />
              <MetadataToken>100663306</MetadataToken>
              <Name>System.Void ChessWithTDD.BoardCache::InitialiseBoardCache(ChessWithTDD.IBoard)</Name>
              <FileRef uid="3" />
              <SequencePoints>
                <SequencePoint vc="15" uspid="81" ordinal="0" offset="0" sl="31" sc="9" el="31" ec="10" bec="0" bev="0" fileid="3" />
                <SequencePoint vc="15" uspid="82" ordinal="1" offset="1" sl="32" sc="13" el="32" ec="34" bec="0" bev="0" fileid="3" />
                <SequencePoint vc="15" uspid="83" ordinal="2" offset="8" sl="33" sc="13" el="33" ec="80" bec="0" bev="0" fileid="3" />
                <SequencePoint vc="15" uspid="84" ordinal="3" offset="22" sl="34" sc="13" el="34" ec="80" bec="0" bev="0" fileid="3" />
                <SequencePoint vc="15" uspid="85" ordinal="4" offset="36" sl="35" sc="13" el="35" ec="42" bec="0" bev="0" fileid="3" />
                <SequencePoint vc="15" uspid="86" ordinal="5" offset="44" sl="36" sc="13" el="36" ec="46" bec="0" bev="0" fileid="3" />
                <SequencePoint vc="15" uspid="87" ordinal="6" offset="52" sl="37" sc="13" el="37" ec="46" bec="0" bev="0" fileid="3" />
                <SequencePoint vc="15" uspid="88" ordinal="7" offset="60" sl="38" sc="9" el="38" ec="10" bec="0" bev="0" fileid="3" />
              </SequencePoints>
              <BranchPoints />
              <MethodPoint xsi:type="SequencePoint" vc="15" uspid="81" ordinal="0" offset="0" sl="31" sc="9" el="31" ec="10" bec="0" bev="0" fileid="3" />
            </Method>
            <Method visited="true" cyclomaticComplexity="5" nPathComplexity="4" sequenceCoverage="100" branchCoverage="100" isConstructor="false" isStatic="false" isGetter="false" isSetter="false">
              <Summary numSequencePoints="29" visitedSequencePoints="29" numBranchPoints="5" visitedBranchPoints="5" sequenceCoverage="100" branchCoverage="100" maxCyclomaticComplexity="5" minCyclomaticComplexity="5" visitedClasses="0" numClasses="0" visitedMethods="1" numMethods="1" />
              <MetadataToken>100663307</MetadataToken>
              <Name>System.Void ChessWithTDD.BoardCache::UpdateBoardCache()</Name>
              <FileRef uid="3" />
              <SequencePoints>
                <SequencePoint vc="8" uspid="89" ordinal="0" offset="0" sl="41" sc="9" el="41" ec="10" bec="0" bev="0" fileid="3" />
                <SequencePoint vc="8" uspid="90" ordinal="1" offset="1" sl="42" sc="13" el="42" ec="82" bec="0" bev="0" fileid="3" />
                <SequencePoint vc="8" uspid="91" ordinal="2" offset="7" sl="43" sc="13" el="43" ec="20" bec="0" bev="0" fileid="3" />
                <SequencePoint vc="8" uspid="92" ordinal="3" offset="8" sl="43" sc="36" el="43" ec="60" bec="0" bev="0" fileid="3" />
                <SequencePoint vc="10" uspid="93" ordinal="4" offset="27" sl="43" sc="22" el="43" ec="32" bec="0" bev="0" fileid="3" />
                <SequencePoint vc="10" uspid="94" ordinal="5" offset="35" sl="44" sc="13" el="44" ec="14" bec="0" bev="0" fileid="3" />
                <SequencePoint vc="10" uspid="95" ordinal="6" offset="36" sl="45" sc="17" el="45" ec="42" bec="2" bev="2" fileid="3" />
                <SequencePoint vc="6" uspid="96" ordinal="7" offset="46" sl="46" sc="17" el="46" ec="18" bec="0" bev="0" fileid="3" />
                <SequencePoint vc="6" uspid="97" ordinal="8" offset="47" sl="47" sc="21" el="47" ec="47" bec="2" bev="2" fileid="3" />
                <SequencePoint vc="4" uspid="98" ordinal="9" offset="67" sl="48" sc="21" el="48" ec="22" bec="0" bev="0" fileid="3" />
                <SequencePoint vc="4" uspid="99" ordinal="10" offset="68" sl="49" sc="25" el="49" ec="76" bec="0" bev="0" fileid="3" />
                <SequencePoint vc="4" uspid="100" ordinal="11" offset="77" sl="50" sc="21" el="50" ec="22" bec="0" bev="0" fileid="3" />
                <SequencePoint vc="2" uspid="101" ordinal="12" offset="80" sl="52" sc="21" el="52" ec="22" bec="0" bev="0" fileid="3" />
                <SequencePoint vc="2" uspid="102" ordinal="13" offset="81" sl="53" sc="25" el="53" ec="77" bec="0" bev="0" fileid="3" />
                <SequencePoint vc="2" uspid="103" ordinal="14" offset="90" sl="54" sc="21" el="54" ec="22" bec="0" bev="0" fileid="3" />
                <SequencePoint vc="6" uspid="104" ordinal="15" offset="91" sl="55" sc="17" el="55" ec="18" bec="0" bev="0" fileid="3" />
                <SequencePoint vc="4" uspid="105" ordinal="16" offset="94" sl="57" sc="17" el="57" ec="18" bec="0" bev="0" fileid="3" />
                <SequencePoint vc="4" uspid="106" ordinal="17" offset="95" sl="58" sc="21" el="58" ec="80" bec="0" bev="0" fileid="3" />
                <SequencePoint vc="4" uspid="107" ordinal="18" offset="104" sl="59" sc="17" el="59" ec="18" bec="0" bev="0" fileid="3" />
                <SequencePoint vc="10" uspid="108" ordinal="19" offset="105" sl="60" sc="13" el="60" ec="14" bec="0" bev="0" fileid="3" />
                <SequencePoint vc="18" uspid="109" ordinal="20" offset="106" sl="43" sc="33" el="43" ec="35" bec="0" bev="0" fileid="3" />
                <SequencePoint vc="8" uspid="110" ordinal="21" offset="132" sl="61" sc="13" el="61" ec="20" bec="0" bev="0" fileid="3" />
                <SequencePoint vc="8" uspid="111" ordinal="22" offset="133" sl="61" sc="37" el="61" ec="63" bec="0" bev="0" fileid="3" />
                <SequencePoint vc="10" uspid="112" ordinal="23" offset="143" sl="61" sc="22" el="61" ec="32" bec="0" bev="0" fileid="3" />
                <SequencePoint vc="10" uspid="113" ordinal="24" offset="152" sl="62" sc="13" el="62" ec="14" bec="0" bev="0" fileid="3" />
                <SequencePoint vc="10" uspid="114" ordinal="25" offset="153" sl="63" sc="17" el="63" ec="57" bec="0" bev="0" fileid="3" />
                <SequencePoint vc="10" uspid="115" ordinal="26" offset="172" sl="64" sc="13" el="64" ec="14" bec="0" bev="0" fileid="3" />
                <SequencePoint vc="18" uspid="116" ordinal="27" offset="173" sl="61" sc="34" el="61" ec="36" bec="0" bev="0" fileid="3" />
                <SequencePoint vc="8" uspid="117" ordinal="28" offset="199" sl="65" sc="9" el="65" ec="10" bec="0" bev="0" fileid="3" />
              </SequencePoints>
              <BranchPoints>
                <BranchPoint vc="6" uspid="118" ordinal="0" offset="44" sl="45" path="0" offsetend="46" fileid="3" />
                <BranchPoint vc="4" uspid="119" ordinal="1" offset="44" sl="45" path="1" offsetend="94" fileid="3" />
                <BranchPoint vc="4" uspid="120" ordinal="2" offset="65" sl="47" path="0" offsetend="67" fileid="3" />
                <BranchPoint vc="2" uspid="121" ordinal="3" offset="65" sl="47" path="1" offsetend="80" fileid="3" />
              </BranchPoints>
              <MethodPoint xsi:type="SequencePoint" vc="8" uspid="89" ordinal="0" offset="0" sl="41" sc="9" el="41" ec="10" bec="0" bev="0" fileid="3" />
            </Method>
            <Method visited="true" cyclomaticComplexity="1" nPathComplexity="0" sequenceCoverage="100" branchCoverage="100" isConstructor="false" isStatic="false" isGetter="false" isSetter="false">
              <Summary numSequencePoints="5" visitedSequencePoints="5" numBranchPoints="1" visitedBranchPoints="1" sequenceCoverage="100" branchCoverage="100" maxCyclomaticComplexity="1" minCyclomaticComplexity="1" visitedClasses="0" numClasses="0" visitedMethods="1" numMethods="1" />
              <MetadataToken>100663308</MetadataToken>
              <Name>System.Void ChessWithTDD.BoardCache::RemoveSquareFromCaches(System.Collections.Generic.HashSet`1&lt;ChessWithTDD.ISquare&gt;,ChessWithTDD.ISquare)</Name>
              <FileRef uid="3" />
              <SequencePoints>
                <SequencePoint vc="4" uspid="126" ordinal="0" offset="0" sl="68" sc="9" el="68" ec="10" bec="0" bev="0" fileid="3" />
                <SequencePoint vc="4" uspid="127" ordinal="1" offset="1" sl="70" sc="13" el="70" ec="47" bec="0" bev="0" fileid="3" />
                <SequencePoint vc="4" uspid="128" ordinal="2" offset="14" sl="71" sc="13" el="71" ec="47" bec="0" bev="0" fileid="3" />
                <SequencePoint vc="4" uspid="129" ordinal="3" offset="27" sl="72" sc="13" el="72" ec="52" bec="0" bev="0" fileid="3" />
                <SequencePoint vc="4" uspid="130" ordinal="4" offset="35" sl="73" sc="9" el="73" ec="10" bec="0" bev="0" fileid="3" />
              </SequencePoints>
              <BranchPoints />
              <MethodPoint xsi:type="SequencePoint" vc="4" uspid="126" ordinal="0" offset="0" sl="68" sc="9" el="68" ec="10" bec="0" bev="0" fileid="3" />
            </Method>
            <Method visited="true" cyclomaticComplexity="3" nPathComplexity="4" sequenceCoverage="100" branchCoverage="80" isConstructor="false" isStatic="false" isGetter="false" isSetter="false">
              <Summary numSequencePoints="12" visitedSequencePoints="12" numBranchPoints="5" visitedBranchPoints="4" sequenceCoverage="100" branchCoverage="80" maxCyclomaticComplexity="3" minCyclomaticComplexity="3" visitedClasses="0" numClasses="0" visitedMethods="1" numMethods="1" />
              <MetadataToken>100663309</MetadataToken>
              <Name>System.Void ChessWithTDD.BoardCache::AddPieceToCache(System.Collections.Generic.HashSet`1&lt;ChessWithTDD.ISquare&gt;,ChessWithTDD.ISquare)</Name>
              <FileRef uid="3" />
              <SequencePoints>
                <SequencePoint vc="2" uspid="131" ordinal="0" offset="0" sl="76" sc="9" el="76" ec="10" bec="0" bev="0" fileid="3" />
                <SequencePoint vc="2" uspid="132" ordinal="1" offset="1" sl="77" sc="13" el="77" ec="53" bec="2" bev="2" fileid="3" />
                <SequencePoint vc="1" uspid="133" ordinal="2" offset="19" sl="78" sc="13" el="78" ec="14" bec="0" bev="0" fileid="3" />
                <SequencePoint vc="1" uspid="134" ordinal="3" offset="20" sl="79" sc="17" el="79" ec="85" bec="0" bev="0" fileid="3" />
                <SequencePoint vc="1" uspid="135" ordinal="4" offset="55" sl="80" sc="17" el="80" ec="56" bec="0" bev="0" fileid="3" />
                <SequencePoint vc="1" uspid="136" ordinal="5" offset="63" sl="81" sc="13" el="81" ec="14" bec="0" bev="0" fileid="3" />
                <SequencePoint vc="1" uspid="137" ordinal="6" offset="66" sl="82" sc="18" el="82" ec="58" bec="2" bev="1" fileid="3" />
                <SequencePoint vc="1" uspid="138" ordinal="7" offset="84" sl="83" sc="13" el="83" ec="14" bec="0" bev="0" fileid="3" />
                <SequencePoint vc="1" uspid="139" ordinal="8" offset="85" sl="84" sc="17" el="84" ec="85" bec="0" bev="0" fileid="3" />
                <SequencePoint vc="1" uspid="140" ordinal="9" offset="120" sl="85" sc="17" el="85" ec="56" bec="0" bev="0" fileid="3" />
                <SequencePoint vc="1" uspid="141" ordinal="10" offset="128" sl="86" sc="13" el="86" ec="14" bec="0" bev="0" fileid="3" />
                <SequencePoint vc="2" uspid="142" ordinal="11" offset="129" sl="87" sc="9" el="87" ec="10" bec="0" bev="0" fileid="3" />
              </SequencePoints>
              <BranchPoints>
                <BranchPoint vc="1" uspid="143" ordinal="0" offset="17" sl="77" path="0" offsetend="19" fileid="3" />
                <BranchPoint vc="1" uspid="144" ordinal="1" offset="17" sl="77" path="1" offsetend="66" fileid="3" />
                <BranchPoint vc="1" uspid="145" ordinal="2" offset="82" sl="82" path="0" offsetend="84" fileid="3" />
                <BranchPoint vc="0" uspid="146" ordinal="3" offset="82" sl="82" path="1" offsetend="129" fileid="3" />
              </BranchPoints>
              <MethodPoint xsi:type="SequencePoint" vc="2" uspid="131" ordinal="0" offset="0" sl="76" sc="9" el="76" ec="10" bec="0" bev="0" fileid="3" />
            </Method>
            <Method visited="true" cyclomaticComplexity="3" nPathComplexity="4" sequenceCoverage="100" branchCoverage="80" isConstructor="false" isStatic="false" isGetter="false" isSetter="false">
              <Summary numSequencePoints="14" visitedSequencePoints="14" numBranchPoints="5" visitedBranchPoints="4" sequenceCoverage="100" branchCoverage="80" maxCyclomaticComplexity="3" minCyclomaticComplexity="3" visitedClasses="0" numClasses="0" visitedMethods="1" numMethods="1" />
              <MetadataToken>100663310</MetadataToken>
              <Name>System.Void ChessWithTDD.BoardCache::AddKingToCache(System.Collections.Generic.HashSet`1&lt;ChessWithTDD.ISquare&gt;,ChessWithTDD.ISquare)</Name>
              <FileRef uid="3" />
              <SequencePoints>
                <SequencePoint vc="4" uspid="147" ordinal="0" offset="0" sl="90" sc="9" el="90" ec="10" bec="0" bev="0" fileid="3" />
                <SequencePoint vc="4" uspid="148" ordinal="1" offset="1" sl="91" sc="13" el="91" ec="53" bec="2" bev="2" fileid="3" />
                <SequencePoint vc="2" uspid="149" ordinal="2" offset="19" sl="92" sc="13" el="92" ec="14" bec="0" bev="0" fileid="3" />
                <SequencePoint vc="2" uspid="150" ordinal="3" offset="20" sl="93" sc="17" el="93" ec="80" bec="0" bev="0" fileid="3" />
                <SequencePoint vc="2" uspid="151" ordinal="4" offset="49" sl="94" sc="17" el="94" ec="48" bec="0" bev="0" fileid="3" />
                <SequencePoint vc="2" uspid="152" ordinal="5" offset="62" sl="95" sc="17" el="95" ec="56" bec="0" bev="0" fileid="3" />
                <SequencePoint vc="2" uspid="153" ordinal="6" offset="70" sl="96" sc="13" el="96" ec="14" bec="0" bev="0" fileid="3" />
                <SequencePoint vc="2" uspid="154" ordinal="7" offset="73" sl="97" sc="18" el="97" ec="58" bec="2" bev="1" fileid="3" />
                <SequencePoint vc="2" uspid="155" ordinal="8" offset="91" sl="98" sc="13" el="98" ec="14" bec="0" bev="0" fileid="3" />
                <SequencePoint vc="2" uspid="156" ordinal="9" offset="92" sl="99" sc="17" el="99" ec="80" bec="0" bev="0" fileid="3" />
                <SequencePoint vc="2" uspid="157" ordinal="10" offset="121" sl="100" sc="17" el="100" ec="48" bec="0" bev="0" fileid="3" />
                <SequencePoint vc="2" uspid="158" ordinal="11" offset="134" sl="101" sc="17" el="101" ec="56" bec="0" bev="0" fileid="3" />
                <SequencePoint vc="2" uspid="159" ordinal="12" offset="142" sl="102" sc="13" el="102" ec="14" bec="0" bev="0" fileid="3" />
                <SequencePoint vc="4" uspid="160" ordinal="13" offset="143" sl="103" sc="9" el="103" ec="10" bec="0" bev="0" fileid="3" />
              </SequencePoints>
              <BranchPoints>
                <BranchPoint vc="2" uspid="161" ordinal="0" offset="17" sl="91" path="0" offsetend="19" fileid="3" />
                <BranchPoint vc="2" uspid="162" ordinal="1" offset="17" sl="91" path="1" offsetend="73" fileid="3" />
                <BranchPoint vc="2" uspid="163" ordinal="2" offset="89" sl="97" path="0" offsetend="91" fileid="3" />
                <BranchPoint vc="0" uspid="164" ordinal="3" offset="89" sl="97" path="1" offsetend="143" fileid="3" />
              </BranchPoints>
              <MethodPoint xsi:type="SequencePoint" vc="4" uspid="147" ordinal="0" offset="0" sl="90" sc="9" el="90" ec="10" bec="0" bev="0" fileid="3" />
            </Method>
            <Method visited="true" cyclomaticComplexity="2" nPathComplexity="2" sequenceCoverage="100" branchCoverage="100" isConstructor="false" isStatic="false" isGetter="false" isSetter="false">
              <Summary numSequencePoints="9" visitedSequencePoints="9" numBranchPoints="3" visitedBranchPoints="3" sequenceCoverage="100" branchCoverage="100" maxCyclomaticComplexity="2" minCyclomaticComplexity="2" visitedClasses="0" numClasses="0" visitedMethods="1" numMethods="1" />
              <MetadataToken>100663311</MetadataToken>
              <Name>System.Void ChessWithTDD.BoardCache::InitialisePawnRows(ChessWithTDD.IBoard)</Name>
              <FileRef uid="3" />
              <SequencePoints>
                <SequencePoint vc="15" uspid="165" ordinal="0" offset="0" sl="106" sc="9" el="106" ec="10" bec="0" bev="0" fileid="3" />
                <SequencePoint vc="15" uspid="166" ordinal="1" offset="1" sl="107" sc="18" el="107" ec="27" bec="0" bev="0" fileid="3" />
                <SequencePoint vc="120" uspid="167" ordinal="2" offset="5" sl="108" sc="13" el="108" ec="14" bec="0" bev="0" fileid="3" />
                <SequencePoint vc="120" uspid="168" ordinal="3" offset="6" sl="109" sc="17" el="109" ec="86" bec="0" bev="0" fileid="3" />
                <SequencePoint vc="120" uspid="169" ordinal="4" offset="26" sl="110" sc="17" el="110" ec="86" bec="0" bev="0" fileid="3" />
                <SequencePoint vc="120" uspid="170" ordinal="5" offset="46" sl="111" sc="13" el="111" ec="14" bec="0" bev="0" fileid="3" />
                <SequencePoint vc="120" uspid="171" ordinal="6" offset="47" sl="107" sc="50" el="107" ec="53" bec="0" bev="0" fileid="3" />
                <SequencePoint vc="135" uspid="172" ordinal="7" offset="51" sl="107" sc="29" el="107" ec="48" bec="2" bev="2" fileid="3" />
                <SequencePoint vc="15" uspid="173" ordinal="8" offset="59" sl="112" sc="9" el="112" ec="10" bec="0" bev="0" fileid="3" />
              </SequencePoints>
              <BranchPoints>
                <BranchPoint vc="15" uspid="174" ordinal="0" offset="57" sl="107" path="0" offsetend="59" fileid="3" />
                <BranchPoint vc="120" uspid="175" ordinal="1" offset="57" sl="107" path="1" offsetend="5" fileid="3" />
              </BranchPoints>
              <MethodPoint xsi:type="SequencePoint" vc="15" uspid="165" ordinal="0" offset="0" sl="106" sc="9" el="106" ec="10" bec="0" bev="0" fileid="3" />
            </Method>
            <Method visited="true" cyclomaticComplexity="1" nPathComplexity="0" sequenceCoverage="100" branchCoverage="100" isConstructor="false" isStatic="false" isGetter="false" isSetter="false">
              <Summary numSequencePoints="9" visitedSequencePoints="9" numBranchPoints="1" visitedBranchPoints="1" sequenceCoverage="100" branchCoverage="100" maxCyclomaticComplexity="1" minCyclomaticComplexity="1" visitedClasses="0" numClasses="0" visitedMethods="1" numMethods="1" />
              <MetadataToken>100663312</MetadataToken>
              <Name>System.Void ChessWithTDD.BoardCache::InitialiseBlackBackRow(ChessWithTDD.IBoard)</Name>
              <FileRef uid="3" />
              <SequencePoints>
                <SequencePoint vc="15" uspid="176" ordinal="0" offset="0" sl="115" sc="9" el="115" ec="10" bec="0" bev="0" fileid="3" />
                <SequencePoint vc="15" uspid="177" ordinal="1" offset="1" sl="116" sc="13" el="116" ec="87" bec="0" bev="0" fileid="3" />
                <SequencePoint vc="15" uspid="178" ordinal="2" offset="21" sl="117" sc="13" el="117" ec="88" bec="0" bev="0" fileid="3" />
                <SequencePoint vc="15" uspid="179" ordinal="3" offset="41" sl="118" sc="13" el="118" ec="89" bec="0" bev="0" fileid="3" />
                <SequencePoint vc="15" uspid="180" ordinal="4" offset="61" sl="119" sc="13" el="119" ec="90" bec="0" bev="0" fileid="3" />
                <SequencePoint vc="15" uspid="181" ordinal="5" offset="81" sl="120" sc="13" el="120" ec="89" bec="0" bev="0" fileid="3" />
                <SequencePoint vc="15" uspid="182" ordinal="6" offset="101" sl="121" sc="13" el="121" ec="90" bec="0" bev="0" fileid="3" />
                <SequencePoint vc="15" uspid="183" ordinal="7" offset="121" sl="122" sc="13" el="122" ec="86" bec="0" bev="0" fileid="3" />
                <SequencePoint vc="15" uspid="184" ordinal="8" offset="141" sl="123" sc="9" el="123" ec="10" bec="0" bev="0" fileid="3" />
              </SequencePoints>
              <BranchPoints />
              <MethodPoint xsi:type="SequencePoint" vc="15" uspid="176" ordinal="0" offset="0" sl="115" sc="9" el="115" ec="10" bec="0" bev="0" fileid="3" />
            </Method>
            <Method visited="true" cyclomaticComplexity="1" nPathComplexity="0" sequenceCoverage="100" branchCoverage="100" isConstructor="false" isStatic="false" isGetter="false" isSetter="false">
              <Summary numSequencePoints="9" visitedSequencePoints="9" numBranchPoints="1" visitedBranchPoints="1" sequenceCoverage="100" branchCoverage="100" maxCyclomaticComplexity="1" minCyclomaticComplexity="1" visitedClasses="0" numClasses="0" visitedMethods="1" numMethods="1" />
              <MetadataToken>100663313</MetadataToken>
              <Name>System.Void ChessWithTDD.BoardCache::InitialiseWhiteBackRow(ChessWithTDD.IBoard)</Name>
              <FileRef uid="3" />
              <SequencePoints>
                <SequencePoint vc="15" uspid="185" ordinal="0" offset="0" sl="126" sc="9" el="126" ec="10" bec="0" bev="0" fileid="3" />
                <SequencePoint vc="15" uspid="186" ordinal="1" offset="1" sl="127" sc="13" el="127" ec="87" bec="0" bev="0" fileid="3" />
                <SequencePoint vc="15" uspid="187" ordinal="2" offset="21" sl="128" sc="13" el="128" ec="88" bec="0" bev="0" fileid="3" />
                <SequencePoint vc="15" uspid="188" ordinal="3" offset="41" sl="129" sc="13" el="129" ec="89" bec="0" bev="0" fileid="3" />
                <SequencePoint vc="15" uspid="189" ordinal="4" offset="61" sl="130" sc="13" el="130" ec="90" bec="0" bev="0" fileid="3" />
                <SequencePoint vc="15" uspid="190" ordinal="5" offset="81" sl="131" sc="13" el="131" ec="89" bec="0" bev="0" fileid="3" />
                <SequencePoint vc="15" uspid="191" ordinal="6" offset="101" sl="132" sc="13" el="132" ec="90" bec="0" bev="0" fileid="3" />
                <SequencePoint vc="15" uspid="192" ordinal="7" offset="121" sl="133" sc="13" el="133" ec="86" bec="0" bev="0" fileid="3" />
                <SequencePoint vc="15" uspid="193" ordinal="8" offset="141" sl="134" sc="9" el="134" ec="10" bec="0" bev="0" fileid="3" />
              </SequencePoints>
              <BranchPoints />
              <MethodPoint xsi:type="SequencePoint" vc="15" uspid="185" ordinal="0" offset="0" sl="126" sc="9" el="126" ec="10" bec="0" bev="0" fileid="3" />
            </Method>
          </Methods>
        </Class>
        <Class>
          <Summary numSequencePoints="0" visitedSequencePoints="0" numBranchPoints="0" visitedBranchPoints="0" sequenceCoverage="0" branchCoverage="0" maxCyclomaticComplexity="0" minCyclomaticComplexity="0" visitedClasses="0" numClasses="0" visitedMethods="0" numMethods="0" />
          <FullName>ChessWithTDD.BoardConstants</FullName>
          <Methods />
        </Class>
        <Class>
          <Summary numSequencePoints="24" visitedSequencePoints="24" numBranchPoints="8" visitedBranchPoints="8" sequenceCoverage="100" branchCoverage="100" maxCyclomaticComplexity="2" minCyclomaticComplexity="1" visitedClasses="1" numClasses="1" visitedMethods="4" numMethods="4" />
          <FullName>ChessWithTDD.CheckManager</FullName>
          <Methods>
            <Method visited="true" cyclomaticComplexity="1" nPathComplexity="0" sequenceCoverage="100" branchCoverage="100" isConstructor="true" isStatic="false" isGetter="false" isSetter="false">
              <Summary numSequencePoints="4" visitedSequencePoints="4" numBranchPoints="1" visitedBranchPoints="1" sequenceCoverage="100" branchCoverage="100" maxCyclomaticComplexity="1" minCyclomaticComplexity="1" visitedClasses="0" numClasses="0" visitedMethods="1" numMethods="1" />
              <MetadataToken>100663314</MetadataToken>
              <Name>System.Void ChessWithTDD.CheckManager::.ctor(ChessWithTDD.ICheckMateManager)</Name>
              <FileRef uid="4" />
              <SequencePoints>
                <SequencePoint vc="8" uspid="194" ordinal="0" offset="0" sl="7" sc="9" el="7" ec="64" bec="0" bev="0" fileid="4" />
                <SequencePoint vc="8" uspid="195" ordinal="1" offset="7" sl="8" sc="9" el="8" ec="10" bec="0" bev="0" fileid="4" />
                <SequencePoint vc="8" uspid="196" ordinal="2" offset="8" sl="9" sc="13" el="9" ec="50" bec="0" bev="0" fileid="4" />
                <SequencePoint vc="8" uspid="197" ordinal="3" offset="15" sl="10" sc="9" el="10" ec="10" bec="0" bev="0" fileid="4" />
              </SequencePoints>
              <BranchPoints />
              <MethodPoint xsi:type="SequencePoint" vc="8" uspid="194" ordinal="0" offset="0" sl="7" sc="9" el="7" ec="64" bec="0" bev="0" fileid="4" />
            </Method>
            <Method visited="true" cyclomaticComplexity="1" nPathComplexity="0" sequenceCoverage="100" branchCoverage="100" isConstructor="false" isStatic="false" isGetter="false" isSetter="false">
              <Summary numSequencePoints="4" visitedSequencePoints="4" numBranchPoints="1" visitedBranchPoints="1" sequenceCoverage="100" branchCoverage="100" maxCyclomaticComplexity="1" minCyclomaticComplexity="1" visitedClasses="0" numClasses="0" visitedMethods="1" numMethods="1" />
              <MetadataToken>100663315</MetadataToken>
              <Name>System.Void ChessWithTDD.CheckManager::UpdateCheckAndCheckMateStates(ChessWithTDD.IBoard,ChessWithTDD.ISquare)</Name>
              <FileRef uid="4" />
              <SequencePoints>
                <SequencePoint vc="8" uspid="198" ordinal="0" offset="0" sl="13" sc="9" el="13" ec="10" bec="0" bev="0" fileid="4" />
                <SequencePoint vc="8" uspid="199" ordinal="1" offset="1" sl="14" sc="13" el="14" ec="41" bec="0" bev="0" fileid="4" />
                <SequencePoint vc="8" uspid="200" ordinal="2" offset="9" sl="15" sc="13" el="15" ec="60" bec="0" bev="0" fileid="4" />
                <SequencePoint vc="8" uspid="201" ordinal="3" offset="18" sl="16" sc="9" el="16" ec="10" bec="0" bev="0" fileid="4" />
              </SequencePoints>
              <BranchPoints />
              <MethodPoint xsi:type="SequencePoint" vc="8" uspid="198" ordinal="0" offset="0" sl="13" sc="9" el="13" ec="10" bec="0" bev="0" fileid="4" />
            </Method>
            <Method visited="true" cyclomaticComplexity="2" nPathComplexity="2" sequenceCoverage="100" branchCoverage="100" isConstructor="false" isStatic="false" isGetter="false" isSetter="false">
              <Summary numSequencePoints="9" visitedSequencePoints="9" numBranchPoints="3" visitedBranchPoints="3" sequenceCoverage="100" branchCoverage="100" maxCyclomaticComplexity="2" minCyclomaticComplexity="2" visitedClasses="0" numClasses="0" visitedMethods="1" numMethods="1" />
              <MetadataToken>100663316</MetadataToken>
              <Name>System.Void ChessWithTDD.CheckManager::AddCheckAndCheckMateStates(ChessWithTDD.IBoard,ChessWithTDD.ISquare)</Name>
              <FileRef uid="4" />
              <SequencePoints>
                <SequencePoint vc="8" uspid="202" ordinal="0" offset="0" sl="19" sc="9" el="19" ec="10" bec="0" bev="0" fileid="4" />
                <SequencePoint vc="8" uspid="203" ordinal="1" offset="1" sl="20" sc="13" el="20" ec="74" bec="0" bev="0" fileid="4" />
                <SequencePoint vc="8" uspid="204" ordinal="2" offset="8" sl="21" sc="13" el="21" ec="80" bec="2" bev="2" fileid="4" />
                <SequencePoint vc="6" uspid="205" ordinal="3" offset="20" sl="22" sc="13" el="22" ec="14" bec="0" bev="0" fileid="4" />
                <SequencePoint vc="6" uspid="206" ordinal="4" offset="21" sl="23" sc="17" el="23" ec="41" bec="0" bev="0" fileid="4" />
                <SequencePoint vc="6" uspid="207" ordinal="5" offset="29" sl="24" sc="17" el="24" ec="76" bec="0" bev="0" fileid="4" />
                <SequencePoint vc="6" uspid="208" ordinal="6" offset="47" sl="25" sc="17" el="25" ec="104" bec="0" bev="0" fileid="4" />
                <SequencePoint vc="6" uspid="209" ordinal="7" offset="67" sl="26" sc="13" el="26" ec="14" bec="0" bev="0" fileid="4" />
                <SequencePoint vc="8" uspid="210" ordinal="8" offset="68" sl="27" sc="9" el="27" ec="10" bec="0" bev="0" fileid="4" />
              </SequencePoints>
              <BranchPoints>
                <BranchPoint vc="6" uspid="211" ordinal="0" offset="18" sl="21" path="0" offsetend="20" fileid="4" />
                <BranchPoint vc="2" uspid="212" ordinal="1" offset="18" sl="21" path="1" offsetend="68" fileid="4" />
              </BranchPoints>
              <MethodPoint xsi:type="SequencePoint" vc="8" uspid="202" ordinal="0" offset="0" sl="19" sc="9" el="19" ec="10" bec="0" bev="0" fileid="4" />
            </Method>
            <Method visited="true" cyclomaticComplexity="2" nPathComplexity="2" sequenceCoverage="100" branchCoverage="100" isConstructor="false" isStatic="false" isGetter="false" isSetter="false">
              <Summary numSequencePoints="7" visitedSequencePoints="7" numBranchPoints="3" visitedBranchPoints="3" sequenceCoverage="100" branchCoverage="100" maxCyclomaticComplexity="2" minCyclomaticComplexity="2" visitedClasses="0" numClasses="0" visitedMethods="1" numMethods="1" />
              <MetadataToken>100663317</MetadataToken>
              <Name>System.Void ChessWithTDD.CheckManager::RemoveCheckStates(ChessWithTDD.IBoard)</Name>
              <FileRef uid="4" />
              <SequencePoints>
                <SequencePoint vc="8" uspid="213" ordinal="0" offset="0" sl="30" sc="9" el="30" ec="10" bec="0" bev="0" fileid="4" />
                <SequencePoint vc="8" uspid="214" ordinal="1" offset="1" sl="31" sc="13" el="31" ec="34" bec="2" bev="2" fileid="4" />
                <SequencePoint vc="2" uspid="215" ordinal="2" offset="11" sl="32" sc="13" el="32" ec="14" bec="0" bev="0" fileid="4" />
                <SequencePoint vc="2" uspid="216" ordinal="3" offset="12" sl="34" sc="17" el="34" ec="85" bec="0" bev="0" fileid="4" />
                <SequencePoint vc="2" uspid="217" ordinal="4" offset="35" sl="35" sc="17" el="35" ec="42" bec="0" bev="0" fileid="4" />
                <SequencePoint vc="2" uspid="218" ordinal="5" offset="43" sl="36" sc="13" el="36" ec="14" bec="0" bev="0" fileid="4" />
                <SequencePoint vc="8" uspid="219" ordinal="6" offset="44" sl="37" sc="9" el="37" ec="10" bec="0" bev="0" fileid="4" />
              </SequencePoints>
              <BranchPoints>
                <BranchPoint vc="2" uspid="220" ordinal="0" offset="9" sl="31" path="0" offsetend="11" fileid="4" />
                <BranchPoint vc="6" uspid="221" ordinal="1" offset="9" sl="31" path="1" offsetend="44" fileid="4" />
              </BranchPoints>
              <MethodPoint xsi:type="SequencePoint" vc="8" uspid="213" ordinal="0" offset="0" sl="30" sc="9" el="30" ec="10" bec="0" bev="0" fileid="4" />
            </Method>
          </Methods>
        </Class>
        <Class>
          <Summary numSequencePoints="210" visitedSequencePoints="209" numBranchPoints="75" visitedBranchPoints="74" sequenceCoverage="99.52" branchCoverage="98.67" maxCyclomaticComplexity="9" minCyclomaticComplexity="1" visitedClasses="1" numClasses="1" visitedMethods="13" numMethods="13" />
          <FullName>ChessWithTDD.CheckMateEscapeManager</FullName>
          <Methods>
            <Method visited="true" cyclomaticComplexity="9" nPathComplexity="8" sequenceCoverage="100" branchCoverage="100" isConstructor="false" isStatic="false" isGetter="false" isSetter="false">
              <Summary numSequencePoints="12" visitedSequencePoints="12" numBranchPoints="7" visitedBranchPoints="7" sequenceCoverage="100" branchCoverage="100" maxCyclomaticComplexity="9" minCyclomaticComplexity="9" visitedClasses="0" numClasses="0" visitedMethods="1" numMethods="1" />
              <MetadataToken>100663318</MetadataToken>
              <Name>System.Boolean ChessWithTDD.CheckMateEscapeManager::KingCanEscape(ChessWithTDD.IBoard,ChessWithTDD.ISquare)</Name>
              <FileRef uid="5" />
              <SequencePoints>
                <SequencePoint vc="9" uspid="222" ordinal="0" offset="0" sl="9" sc="9" el="9" ec="10" bec="0" bev="0" fileid="5" />
                <SequencePoint vc="9" uspid="223" ordinal="1" offset="1" sl="10" sc="13" el="11" ec="105" bec="2" bev="2" fileid="5" />
                <SequencePoint vc="2" uspid="224" ordinal="2" offset="54" sl="12" sc="13" el="12" ec="14" bec="0" bev="0" fileid="5" />
                <SequencePoint vc="2" uspid="225" ordinal="3" offset="55" sl="14" sc="17" el="14" ec="29" bec="0" bev="0" fileid="5" />
                <SequencePoint vc="7" uspid="226" ordinal="4" offset="62" sl="16" sc="18" el="17" ec="110" bec="2" bev="2" fileid="5" />
                <SequencePoint vc="2" uspid="227" ordinal="5" offset="115" sl="18" sc="13" el="18" ec="14" bec="0" bev="0" fileid="5" />
                <SequencePoint vc="2" uspid="228" ordinal="6" offset="116" sl="20" sc="17" el="20" ec="29" bec="0" bev="0" fileid="5" />
                <SequencePoint vc="5" uspid="229" ordinal="7" offset="120" sl="22" sc="18" el="25" ec="114" bec="2" bev="2" fileid="5" />
                <SequencePoint vc="4" uspid="230" ordinal="8" offset="229" sl="26" sc="13" el="26" ec="14" bec="0" bev="0" fileid="5" />
                <SequencePoint vc="4" uspid="231" ordinal="9" offset="230" sl="28" sc="17" el="28" ec="29" bec="0" bev="0" fileid="5" />
                <SequencePoint vc="1" uspid="232" ordinal="10" offset="234" sl="31" sc="13" el="31" ec="26" bec="0" bev="0" fileid="5" />
                <SequencePoint vc="9" uspid="233" ordinal="11" offset="238" sl="32" sc="9" el="32" ec="10" bec="0" bev="0" fileid="5" />
              </SequencePoints>
              <BranchPoints>
                <BranchPoint vc="2" uspid="236" ordinal="2" offset="52" sl="10" path="0" offsetend="54" fileid="5" />
                <BranchPoint vc="7" uspid="237" ordinal="3" offset="52" sl="10" path="1" offsetend="62" fileid="5" />
                <BranchPoint vc="2" uspid="240" ordinal="6" offset="113" sl="16" path="0" offsetend="115" fileid="5" />
                <BranchPoint vc="5" uspid="241" ordinal="7" offset="113" sl="16" path="1" offsetend="120" fileid="5" />
                <BranchPoint vc="4" uspid="248" ordinal="14" offset="227" sl="22" path="0" offsetend="229" fileid="5" />
                <BranchPoint vc="1" uspid="249" ordinal="15" offset="227" sl="22" path="1" offsetend="234" fileid="5" />
              </BranchPoints>
              <MethodPoint xsi:type="SequencePoint" vc="9" uspid="222" ordinal="0" offset="0" sl="9" sc="9" el="9" ec="10" bec="0" bev="0" fileid="5" />
            </Method>
            <Method visited="true" cyclomaticComplexity="3" nPathComplexity="2" sequenceCoverage="100" branchCoverage="100" isConstructor="false" isStatic="false" isGetter="false" isSetter="false">
              <Summary numSequencePoints="12" visitedSequencePoints="12" numBranchPoints="3" visitedBranchPoints="3" sequenceCoverage="100" branchCoverage="100" maxCyclomaticComplexity="3" minCyclomaticComplexity="3" visitedClasses="0" numClasses="0" visitedMethods="1" numMethods="1" />
              <MetadataToken>100663319</MetadataToken>
              <Name>System.Boolean ChessWithTDD.CheckMateEscapeManager::ThreateningPieceCanBeCaptured(System.Collections.Generic.HashSet`1&lt;ChessWithTDD.ISquare&gt;,ChessWithTDD.IBoard,ChessWithTDD.ISquare)</Name>
              <FileRef uid="5" />
              <SequencePoints>
                <SequencePoint vc="2" uspid="250" ordinal="0" offset="0" sl="35" sc="9" el="35" ec="10" bec="0" bev="0" fileid="5" />
                <SequencePoint vc="2" uspid="251" ordinal="1" offset="1" sl="36" sc="13" el="36" ec="20" bec="0" bev="0" fileid="5" />
                <SequencePoint vc="2" uspid="252" ordinal="2" offset="2" sl="36" sc="36" el="36" ec="51" bec="0" bev="0" fileid="5" />
                <SequencePoint vc="2" uspid="253" ordinal="3" offset="11" sl="36" sc="22" el="36" ec="32" bec="0" bev="0" fileid="5" />
                <SequencePoint vc="2" uspid="254" ordinal="4" offset="19" sl="37" sc="13" el="37" ec="14" bec="0" bev="0" fileid="5" />
                <SequencePoint vc="2" uspid="255" ordinal="5" offset="20" sl="38" sc="17" el="38" ec="69" bec="2" bev="2" fileid="5" />
                <SequencePoint vc="1" uspid="256" ordinal="6" offset="32" sl="39" sc="17" el="39" ec="18" bec="0" bev="0" fileid="5" />
                <SequencePoint vc="1" uspid="257" ordinal="7" offset="33" sl="40" sc="21" el="40" ec="33" bec="0" bev="0" fileid="5" />
                <SequencePoint vc="1" uspid="258" ordinal="8" offset="37" sl="42" sc="13" el="42" ec="14" bec="0" bev="0" fileid="5" />
                <SequencePoint vc="3" uspid="259" ordinal="9" offset="38" sl="36" sc="33" el="36" ec="35" bec="0" bev="0" fileid="5" />
                <SequencePoint vc="1" uspid="260" ordinal="10" offset="64" sl="43" sc="13" el="43" ec="26" bec="0" bev="0" fileid="5" />
                <SequencePoint vc="2" uspid="261" ordinal="11" offset="68" sl="44" sc="9" el="44" ec="10" bec="0" bev="0" fileid="5" />
              </SequencePoints>
              <BranchPoints>
                <BranchPoint vc="1" uspid="262" ordinal="0" offset="30" sl="38" path="0" offsetend="32" fileid="5" />
                <BranchPoint vc="1" uspid="263" ordinal="1" offset="30" sl="38" path="1" offsetend="37" fileid="5" />
              </BranchPoints>
              <MethodPoint xsi:type="SequencePoint" vc="2" uspid="250" ordinal="0" offset="0" sl="35" sc="9" el="35" ec="10" bec="0" bev="0" fileid="5" />
            </Method>
            <Method visited="true" cyclomaticComplexity="3" nPathComplexity="4" sequenceCoverage="100" branchCoverage="100" isConstructor="false" isStatic="false" isGetter="false" isSetter="false">
              <Summary numSequencePoints="9" visitedSequencePoints="9" numBranchPoints="5" visitedBranchPoints="5" sequenceCoverage="100" branchCoverage="100" maxCyclomaticComplexity="3" minCyclomaticComplexity="3" visitedClasses="0" numClasses="0" visitedMethods="1" numMethods="1" />
              <MetadataToken>100663320</MetadataToken>
              <Name>System.Boolean ChessWithTDD.CheckMateEscapeManager::ThreateningPieceIsUnblockable(ChessWithTDD.ISquare,ChessWithTDD.ISquare)</Name>
              <FileRef uid="5" />
              <SequencePoints>
                <SequencePoint vc="12" uspid="266" ordinal="0" offset="0" sl="47" sc="9" el="47" ec="10" bec="0" bev="0" fileid="5" />
                <SequencePoint vc="12" uspid="267" ordinal="1" offset="1" sl="48" sc="13" el="48" ec="52" bec="2" bev="2" fileid="5" />
                <SequencePoint vc="2" uspid="268" ordinal="2" offset="19" sl="49" sc="13" el="49" ec="14" bec="0" bev="0" fileid="5" />
                <SequencePoint vc="2" uspid="269" ordinal="3" offset="20" sl="50" sc="17" el="50" ec="29" bec="0" bev="0" fileid="5" />
                <SequencePoint vc="10" uspid="270" ordinal="4" offset="24" sl="52" sc="18" el="52" ec="65" bec="2" bev="2" fileid="5" />
                <SequencePoint vc="8" uspid="271" ordinal="5" offset="35" sl="53" sc="13" el="53" ec="14" bec="0" bev="0" fileid="5" />
                <SequencePoint vc="8" uspid="272" ordinal="6" offset="36" sl="54" sc="17" el="54" ec="29" bec="0" bev="0" fileid="5" />
                <SequencePoint vc="2" uspid="273" ordinal="7" offset="40" sl="56" sc="13" el="56" ec="26" bec="0" bev="0" fileid="5" />
                <SequencePoint vc="12" uspid="274" ordinal="8" offset="44" sl="57" sc="9" el="57" ec="10" bec="0" bev="0" fileid="5" />
              </SequencePoints>
              <BranchPoints>
                <BranchPoint vc="2" uspid="275" ordinal="0" offset="17" sl="48" path="0" offsetend="19" fileid="5" />
                <BranchPoint vc="10" uspid="276" ordinal="1" offset="17" sl="48" path="1" offsetend="24" fileid="5" />
                <BranchPoint vc="8" uspid="277" ordinal="2" offset="33" sl="52" path="0" offsetend="35" fileid="5" />
                <BranchPoint vc="2" uspid="278" ordinal="3" offset="33" sl="52" path="1" offsetend="40" fileid="5" />
              </BranchPoints>
              <MethodPoint xsi:type="SequencePoint" vc="12" uspid="266" ordinal="0" offset="0" sl="47" sc="9" el="47" ec="10" bec="0" bev="0" fileid="5" />
            </Method>
            <Method visited="true" cyclomaticComplexity="9" nPathComplexity="256" sequenceCoverage="96.30" branchCoverage="94.12" isConstructor="false" isStatic="false" isGetter="false" isSetter="false">
              <Summary numSequencePoints="27" visitedSequencePoints="26" numBranchPoints="17" visitedBranchPoints="16" sequenceCoverage="96.30" branchCoverage="94.12" maxCyclomaticComplexity="9" minCyclomaticComplexity="9" visitedClasses="0" numClasses="0" visitedMethods="1" numMethods="1" />
              <MetadataToken>100663321</MetadataToken>
              <Name>System.Boolean ChessWithTDD.CheckMateEscapeManager::LineOfSightToKingCanBeBlockedByFriendlyPiece(ChessWithTDD.IBoard,ChessWithTDD.ISquare,ChessWithTDD.ISquare,System.Collections.Generic.HashSet`1&lt;ChessWithTDD.ISquare&gt;)</Name>
              <FileRef uid="5" />
              <SequencePoints>
                <SequencePoint vc="16" uspid="279" ordinal="0" offset="0" sl="60" sc="9" el="60" ec="10" bec="0" bev="0" fileid="5" />
                <SequencePoint vc="16" uspid="280" ordinal="1" offset="1" sl="61" sc="13" el="61" ec="75" bec="2" bev="2" fileid="5" />
                <SequencePoint vc="2" uspid="281" ordinal="2" offset="12" sl="62" sc="13" el="62" ec="14" bec="0" bev="0" fileid="5" />
                <SequencePoint vc="2" uspid="282" ordinal="3" offset="13" sl="64" sc="17" el="64" ec="103" bec="0" bev="0" fileid="5" />
                <SequencePoint vc="14" uspid="283" ordinal="4" offset="30" sl="66" sc="18" el="66" ec="80" bec="2" bev="2" fileid="5" />
                <SequencePoint vc="2" uspid="284" ordinal="5" offset="41" sl="67" sc="13" el="67" ec="14" bec="0" bev="0" fileid="5" />
                <SequencePoint vc="2" uspid="285" ordinal="6" offset="42" sl="69" sc="17" el="69" ec="103" bec="0" bev="0" fileid="5" />
                <SequencePoint vc="12" uspid="286" ordinal="7" offset="59" sl="71" sc="18" el="71" ec="82" bec="2" bev="2" fileid="5" />
                <SequencePoint vc="2" uspid="287" ordinal="8" offset="70" sl="72" sc="13" el="72" ec="14" bec="0" bev="0" fileid="5" />
                <SequencePoint vc="2" uspid="288" ordinal="9" offset="71" sl="74" sc="17" el="74" ec="104" bec="0" bev="0" fileid="5" />
                <SequencePoint vc="10" uspid="289" ordinal="10" offset="88" sl="76" sc="18" el="76" ec="82" bec="2" bev="2" fileid="5" />
                <SequencePoint vc="2" uspid="290" ordinal="11" offset="101" sl="77" sc="13" el="77" ec="14" bec="0" bev="0" fileid="5" />
                <SequencePoint vc="2" uspid="291" ordinal="12" offset="102" sl="79" sc="17" el="79" ec="104" bec="0" bev="0" fileid="5" />
                <SequencePoint vc="8" uspid="292" ordinal="13" offset="116" sl="81" sc="18" el="81" ec="81" bec="2" bev="2" fileid="5" />
                <SequencePoint vc="2" uspid="293" ordinal="14" offset="129" sl="82" sc="13" el="82" ec="14" bec="0" bev="0" fileid="5" />
                <SequencePoint vc="2" uspid="294" ordinal="15" offset="130" sl="84" sc="17" el="84" ec="108" bec="0" bev="0" fileid="5" />
                <SequencePoint vc="6" uspid="295" ordinal="16" offset="144" sl="86" sc="18" el="86" ec="81" bec="2" bev="2" fileid="5" />
                <SequencePoint vc="2" uspid="296" ordinal="17" offset="157" sl="87" sc="13" el="87" ec="14" bec="0" bev="0" fileid="5" />
[...]
        </Class>
        <Class skippedDueTo="Filter">
          <FullName>ChessWithTDD.Tests.MoveExecutorTests/&lt;&gt;c__DisplayClass0_0</FullName>
          <Methods />
        </Class>
        <Class skippedDueTo="Filter">
          <FullName>ChessWithTDD.Tests.MoveExecutorTests/&lt;&gt;c__DisplayClass1_0</FullName>
          <Methods />
        </Class>
        <Class skippedDueTo="Filter">
          <FullName>ChessWithTDD.Tests.MoveExecutorTests/&lt;&gt;c__DisplayClass2_0</FullName>
          <Methods />
        </Class>
        <Class skippedDueTo="Filter">
          <FullName>ChessWithTDD.Tests.MoveExecutorTests/&lt;&gt;c</FullName>
          <Methods />
        </Class>
        <Class skippedDueTo="Filter">
          <FullName>ChessWithTDD.Tests.MoveExecutorTests/&lt;&gt;c__DisplayClass4_0</FullName>
          <Methods />
        </Class>
        <Class skippedDueTo="Filter">
          <FullName>ChessWithTDD.Tests.MoveExecutorTests/&lt;&gt;c__DisplayClass9_0</FullName>
          <Methods />
        </Class>
        <Class skippedDueTo="Filter">
          <FullName>ChessWithTDD.Tests.GenericMoveValidatorTests</FullName>
          <Methods />
        </Class>
        <Class skippedDueTo="Filter">
          <FullName>ChessWithTDD.Tests.MoveIntoCheckValidatorTests</FullName>
          <Methods />
        </Class>
        <Class skippedDueTo="Filter">
          <FullName>ChessWithTDD.Tests.MoveValidatorTests</FullName>
          <Methods />
        </Class>
        <Class skippedDueTo="Filter">
          <FullName>ChessWithTDD.Tests.MoveValidatorTests/&lt;&gt;c__DisplayClass0_0</FullName>
          <Methods />
        </Class>
        <Class skippedDueTo="Filter">
          <FullName>ChessWithTDD.Tests.MoveValidatorTests/&lt;&gt;c__DisplayClass1_0</FullName>
          <Methods />
        </Class>
        <Class skippedDueTo="Filter">
          <FullName>ChessWithTDD.Tests.MoveValidatorTests/&lt;&gt;c__DisplayClass2_0</FullName>
          <Methods />
        </Class>
        <Class skippedDueTo="Filter">
          <FullName>ChessWithTDD.Tests.MultiSquareMoveValidatorTests</FullName>
          <Methods />
        </Class>
        <Class skippedDueTo="Filter">
          <FullName>ChessWithTDD.Tests.EnPassantManagerTests</FullName>
          <Methods />
        </Class>
        <Class skippedDueTo="Filter">
          <FullName>ChessWithTDD.Tests.EnPassantManagerTests/&lt;&gt;c__DisplayClass0_0</FullName>
          <Methods />
        </Class>
        <Class skippedDueTo="Filter">
          <FullName>ChessWithTDD.Tests.EnPassantManagerTests/&lt;&gt;c</FullName>
          <Methods />
        </Class>
        <Class skippedDueTo="Filter">
          <FullName>ChessWithTDD.Tests.EnPassantManagerTests/&lt;&gt;c__DisplayClass1_0</FullName>
          <Methods />
        </Class>
        <Class skippedDueTo="Filter">
          <FullName>ChessWithTDD.Tests.EnPassantManagerTests/&lt;&gt;c__DisplayClass2_0</FullName>
          <Methods />
        </Class>
        <Class skippedDueTo="Filter">
          <FullName>ChessWithTDD.Tests.EnPassantManagerTests/&lt;&gt;c__DisplayClass3_0</FullName>
          <Methods />
        </Class>
        <Class skippedDueTo="Filter">
          <FullName>ChessWithTDD.Tests.EnPassantManagerTests/&lt;&gt;c__DisplayClass4_0</FullName>
          <Methods />
        </Class>
        <Class skippedDueTo="Filter">
          <FullName>ChessWithTDD.Tests.EnPassantManagerTests/&lt;&gt;c__DisplayClass5_0</FullName>
          <Methods />
        </Class>
        <Class skippedDueTo="Filter">
          <FullName>ChessWithTDD.Tests.EnPassantManagerTests/&lt;&gt;c__DisplayClass6_0</FullName>
          <Methods />
        </Class>
        <Class skippedDueTo="Filter">
          <FullName>ChessWithTDD.Tests.EnPassantManagerTests/&lt;&gt;c__DisplayClass7_0</FullName>
          <Methods />
        </Class>
        <Class skippedDueTo="Filter">
          <FullName>ChessWithTDD.Tests.EnPassantManagerTests/&lt;&gt;c__DisplayClass8_0</FullName>
          <Methods />
        </Class>
        <Class skippedDueTo="Filter">
          <FullName>ChessWithTDD.Tests.EnPassantManagerTests/&lt;&gt;c__DisplayClass9_0</FullName>
          <Methods />
        </Class>
        <Class skippedDueTo="Filter">
          <FullName>ChessWithTDD.Tests.EnPassantManagerTests/&lt;&gt;c__DisplayClass10_0</FullName>
          <Methods />
        </Class>
        <Class skippedDueTo="Filter">
          <FullName>ChessWithTDD.Tests.EnPassantManagerTests/&lt;&gt;c__DisplayClass11_0</FullName>
          <Methods />
        </Class>
        <Class skippedDueTo="Filter">
          <FullName>ChessWithTDD.Tests.EnPassantManagerTests/&lt;&gt;c__DisplayClass12_0</FullName>
          <Methods />
        </Class>
        <Class skippedDueTo="Filter">
          <FullName>ChessWithTDD.Tests.PawnManagerTests</FullName>
          <Methods />
        </Class>
        <Class skippedDueTo="Filter">
          <FullName>ChessWithTDD.Tests.PawnManagerTests/&lt;&gt;c</FullName>
          <Methods />
        </Class>
        <Class skippedDueTo="Filter">
          <FullName>ChessWithTDD.Tests.PawnManagerTests/&lt;&gt;c__DisplayClass2_0</FullName>
          <Methods />
        </Class>
        <Class skippedDueTo="Filter">
          <FullName>ChessWithTDD.Tests.PawnManagerTests/&lt;&gt;c__DisplayClass3_0</FullName>
          <Methods />
        </Class>
        <Class skippedDueTo="Filter">
          <FullName>ChessWithTDD.Tests.PawnManagerTests/&lt;&gt;c__DisplayClass4_0</FullName>
          <Methods />
        </Class>
        <Class skippedDueTo="Filter">
          <FullName>ChessWithTDD.Tests.AlgebraicNotationGeneratorTests</FullName>
          <Methods />
        </Class>
        <Class skippedDueTo="Filter">
          <FullName>ChessWithTDD.Tests.AlgebraicNotationParserTests</FullName>
          <Methods />
        </Class>
        <Class skippedDueTo="Filter">
          <FullName>ChessWithTDD.Tests.MoveConversionDataTests</FullName>
          <Methods />
        </Class>
        <Class skippedDueTo="Filter">
          <FullName>ChessWithTDD.Tests.MoveGenerationDataTests</FullName>
          <Methods />
        </Class>
        <Class skippedDueTo="Filter">
          <FullName>ChessWithTDD.Tests.MoveGenerationDataTests/&lt;&gt;c</FullName>
          <Methods />
        </Class>
        <Class skippedDueTo="Filter">
          <FullName>ChessWithTDD.Tests.BishopTests</FullName>
          <Methods />
        </Class>
        <Class skippedDueTo="Filter">
          <FullName>ChessWithTDD.Tests.BlackPawnTests</FullName>
          <Methods />
        </Class>
        <Class skippedDueTo="Filter">
          <FullName>ChessWithTDD.Tests.BoardTests</FullName>
          <Methods />
        </Class>
        <Class skippedDueTo="Filter">
          <FullName>ChessWithTDD.Tests.BoardTests/&lt;&gt;c__DisplayClass14_0</FullName>
          <Methods />
        </Class>
        <Class skippedDueTo="Filter">
          <FullName>ChessWithTDD.Tests.BoardTests/&lt;&gt;c</FullName>
          <Methods />
        </Class>
        <Class skippedDueTo="Filter">
          <FullName>ChessWithTDD.Tests.BoardTests/&lt;&gt;c__DisplayClass15_0</FullName>
          <Methods />
        </Class>
        <Class skippedDueTo="Filter">
          <FullName>ChessWithTDD.Tests.BoardTests/&lt;&gt;c__DisplayClass16_0</FullName>
          <Methods />
        </Class>
        <Class skippedDueTo="Filter">
          <FullName>ChessWithTDD.Tests.BoardTests/&lt;&gt;c__DisplayClass17_0</FullName>
          <Methods />
        </Class>
        <Class skippedDueTo="Filter">
          <FullName>ChessWithTDD.Tests.BoardTests/&lt;&gt;c__DisplayClass18_0</FullName>
          <Methods />
        </Class>
        <Class skippedDueTo="Filter">
          <FullName>ChessWithTDD.Tests.BoardTests/&lt;&gt;c__DisplayClass19_0</FullName>
          <Methods />
        </Class>
        <Class skippedDueTo="Filter">
          <FullName>ChessWithTDD.Tests.BoardTests/&lt;&gt;c__DisplayClass20_0</FullName>
          <Methods />
        </Class>
        <Class skippedDueTo="Filter">
          <FullName>ChessWithTDD.Tests.BoardTests/&lt;&gt;c__DisplayClass21_0</FullName>
          <Methods />
        </Class>
        <Class skippedDueTo="Filter">
          <FullName>ChessWithTDD.Tests.BoardTests/&lt;&gt;c__DisplayClass22_0</FullName>
          <Methods />
        </Class>
        <Class skippedDueTo="Filter">
          <FullName>ChessWithTDD.Tests.BoardTests/&lt;&gt;c__DisplayClass24_0</FullName>
          <Methods />
        </Class>
        <Class skippedDueTo="Filter">
          <FullName>ChessWithTDD.Tests.BoardTests/&lt;&gt;c__DisplayClass25_0</FullName>
          <Methods />
        </Class>
        <Class skippedDueTo="Filter">
          <FullName>ChessWithTDD.Tests.BoardTests/&lt;&gt;c__DisplayClass26_0</FullName>
          <Methods />
        </Class>
        <Class skippedDueTo="Filter">
          <FullName>ChessWithTDD.Tests.BoardTests/&lt;&gt;c__DisplayClass28_0</FullName>
          <Methods />
        </Class>
        <Class skippedDueTo="Filter">
          <FullName>ChessWithTDD.Tests.BoardTests/&lt;&gt;c__DisplayClass29_0</FullName>
          <Methods />
        </Class>
        <Class skippedDueTo="Filter">
          <FullName>ChessWithTDD.Tests.BoardTests/&lt;&gt;c__DisplayClass30_0</FullName>
          <Methods />
        </Class>
        <Class skippedDueTo="Filter">
          <FullName>ChessWithTDD.Tests.BoardTests/&lt;&gt;c__DisplayClass31_0</FullName>
          <Methods />
        </Class>
        <Class skippedDueTo="Filter">
          <FullName>ChessWithTDD.Tests.KingTests</FullName>
          <Methods />
        </Class>
        <Class skippedDueTo="Filter">
          <FullName>ChessWithTDD.Tests.KnightTests</FullName>
          <Methods />
        </Class>
        <Class skippedDueTo="Filter">
          <FullName>ChessWithTDD.Tests.QueenTests</FullName>
          <Methods />
        </Class>
        <Class skippedDueTo="Filter">
          <FullName>ChessWithTDD.Tests.RookTests</FullName>
          <Methods />
        </Class>
        <Class skippedDueTo="Filter">
          <FullName>ChessWithTDD.Tests.StrictServiceLocatorTests</FullName>
          <Methods />
        </Class>
        <Class skippedDueTo="Filter">
          <FullName>ChessWithTDD.Tests.SquareExtensionsTests</FullName>
          <Methods />
        </Class>
        <Class skippedDueTo="Filter">
          <FullName>ChessWithTDD.Tests.MoveTests</FullName>
          <Methods />
        </Class>
        <Class skippedDueTo="Filter">
          <FullName>ChessWithTDD.Tests.SquareTests</FullName>
          <Methods />
        </Class>
        <Class skippedDueTo="Filter">
          <FullName>ChessWithTDD.Tests.WhitePawnTests</FullName>
          <Methods />
        </Class>
        <Class skippedDueTo="Filter">
          <FullName>ChessWithTDD.Tests.TestHelpers.CommonTestMethods</FullName>
          <Methods />
        </Class>
        <Class skippedDueTo="Filter">
          <FullName>ChessWithTDD.Tests.TestHelpers.CommonTestMethods/&lt;&gt;c</FullName>
          <Methods />
        </Class>
        <Class skippedDueTo="Filter">
          <FullName>ChessWithTDD.Tests.TestHelpers.CommonTestMethods/&lt;&gt;c__DisplayClass12_0</FullName>
          <Methods />
        </Class>
        <Class skippedDueTo="Filter">
          <FullName>ChessWithTDD.Tests.TestHelpers.CommonTestMethods/&lt;&gt;c__DisplayClass12_1</FullName>
          <Methods />
        </Class>
        <Class skippedDueTo="Filter">
          <FullName>ChessWithTDD.Tests.TestHelpers.CommonTestMethods/&lt;&gt;c__DisplayClass13_0</FullName>
          <Methods />
        </Class>
        <Class skippedDueTo="Filter">
          <FullName>ChessWithTDD.Tests.TestHelpers.CommonTestMethods/&lt;&gt;c__DisplayClass27_0</FullName>
          <Methods />
        </Class>
        <Class skippedDueTo="Filter">
          <FullName>ChessWithTDD.Tests.TestHelpers.RhinoMockExtensions</FullName>
          <Methods />
        </Class>
        <Class skippedDueTo="Filter">
          <FullName>ChessWithTDD.Tests.TestHelpers.AlgebraicNotationGeneratorTestParameters</FullName>
          <Methods />
        </Class>
        <Class skippedDueTo="Filter">
          <FullName>ChessWithTDD.Tests.TestHelpers.AlgebraicNotationParserTestParameters</FullName>
          <Methods />
        </Class>
        <Class skippedDueTo="Filter">
          <FullName>ChessWithTDD.Tests.TestHelpers.SquareExtensionTestParameters</FullName>
          <Methods />
        </Class>
        <Class>
          <Summary numSequencePoints="0" visitedSequencePoints="0" numBranchPoints="0" visitedBranchPoints="0" sequenceCoverage="0" branchCoverage="0" maxCyclomaticComplexity="0" minCyclomaticComplexity="0" visitedClasses="0" numClasses="0" visitedMethods="0" numMethods="0" />
          <FullName>&lt;PrivateImplementationDetails&gt;</FullName>
          <Methods />
        </Class>
      </Classes>
    </Module>
    <Module skippedDueTo="Filter" hash="88-45-F0-9C-3C-9F-72-79-CB-6A-82-FA-D7-DB-C3-4A-59-80-3C-6B">
      <ModulePath>C:\WINDOWS\Microsoft.Net\assembly\GAC_MSIL\System.Xml\v4.0_4.0.0.0__b77a5c561934e089\System.Xml.dll</ModulePath>
      <ModuleTime>2016-07-16T11:43:55.4992744Z</ModuleTime>
      <ModuleName>System.Xml</ModuleName>
      <Classes />
    </Module>
    <Module skippedDueTo="Filter" hash="03-C8-31-50-DE-BC-46-6D-C3-DD-46-43-CD-9D-AE-31-93-7C-15-76">
      <ModulePath>C:\Programming\GithubRepos\chess-with-tdd\ChessWithTDD\bin\Debug\System.ValueTuple.dll</ModulePath>
      <ModuleTime>2017-07-25T22:00:25.594398Z</ModuleTime>
      <ModuleName>System.ValueTuple</ModuleName>
      <Classes />
    </Module>
    <Module skippedDueTo="Filter" hash="80-F1-27-EE-EC-CF-73-80-64-F1-24-F4-EB-2A-0A-95-BF-DA-78-B6">
      <ModulePath>C:\WINDOWS\Microsoft.Net\assembly\GAC_MSIL\System.Runtime\v4.0_4.0.0.0__b03f5f7f11d50a3a\System.Runtime.dll</ModulePath>
      <ModuleTime>2016-07-16T11:43:55.5773993Z</ModuleTime>
      <ModuleName>System.Runtime</ModuleName>
      <Classes />
    </Module>
    <Module skippedDueTo="MissingPdb" hash="7E-26-06-1C-18-6F-39-1D-B7-4A-76-B1-03-FE-F5-66-25-02-53-84">
      <ModulePath>C:\Programming\GithubRepos\chess-with-tdd\ChessWithTDD\bin\Debug\Rhino.Mocks.dll</ModulePath>
      <ModuleTime>2017-07-25T22:00:25.5873868Z</ModuleTime>
      <ModuleName>Rhino.Mocks</ModuleName>
      <Classes />
    </Module>
    <Module skippedDueTo="MissingPdb" hash="">
      <ModulePath>RefEmit_InMemoryManifestModule</ModulePath>
      <ModuleTime>0001-01-01T00:00:00</ModuleTime>
      <ModuleName>DynamicProxyGenAssembly2</ModuleName>
      <Classes />
    </Module>
    <Module skippedDueTo="MissingPdb" hash="">
      <ModulePath>RefEmit_InMemoryManifestModule</ModulePath>
      <ModuleTime>0001-01-01T00:00:00</ModuleTime>
      <ModuleName>DynamicProxyGenAssembly2</ModuleName>
      <Classes />
    </Module>
    <Module skippedDueTo="MissingPdb" hash="">
      <ModulePath>RefEmit_InMemoryManifestModule</ModulePath>
      <ModuleTime>0001-01-01T00:00:00</ModuleTime>
      <ModuleName>DynamicProxyGenAssembly2</ModuleName>
      <Classes />
    </Module>
    <Module skippedDueTo="MissingPdb" hash="">
      <ModulePath>RefEmit_InMemoryManifestModule</ModulePath>
      <ModuleTime>0001-01-01T00:00:00</ModuleTime>
      <ModuleName>DynamicProxyGenAssembly2</ModuleName>
      <Classes />
    </Module>
    <Module skippedDueTo="MissingPdb" hash="">
      <ModulePath>RefEmit_InMemoryManifestModule</ModulePath>
      <ModuleTime>0001-01-01T00:00:00</ModuleTime>
      <ModuleName>DynamicProxyGenAssembly2</ModuleName>
      <Classes />
    </Module>
    <Module skippedDueTo="MissingPdb" hash="">
      <ModulePath>RefEmit_InMemoryManifestModule</ModulePath>
      <ModuleTime>0001-01-01T00:00:00</ModuleTime>
      <ModuleName>DynamicProxyGenAssembly2</ModuleName>
      <Classes />
    </Module>
    <Module skippedDueTo="MissingPdb" hash="">
      <ModulePath>RefEmit_InMemoryManifestModule</ModulePath>
      <ModuleTime>0001-01-01T00:00:00</ModuleTime>
      <ModuleName>DynamicProxyGenAssembly2</ModuleName>
      <Classes />
    </Module>
    <Module skippedDueTo="MissingPdb" hash="">
      <ModulePath>RefEmit_InMemoryManifestModule</ModulePath>
      <ModuleTime>0001-01-01T00:00:00</ModuleTime>
      <ModuleName>DynamicProxyGenAssembly2</ModuleName>
      <Classes />
    </Module>
    <Module skippedDueTo="MissingPdb" hash="">
      <ModulePath>RefEmit_InMemoryManifestModule</ModulePath>
      <ModuleTime>0001-01-01T00:00:00</ModuleTime>
      <ModuleName>DynamicProxyGenAssembly2</ModuleName>
      <Classes />
    </Module>
    <Module skippedDueTo="MissingPdb" hash="">
      <ModulePath>RefEmit_InMemoryManifestModule</ModulePath>
      <ModuleTime>0001-01-01T00:00:00</ModuleTime>
      <ModuleName>DynamicProxyGenAssembly2</ModuleName>
      <Classes />
    </Module>
    <Module skippedDueTo="MissingPdb" hash="">
      <ModulePath>RefEmit_InMemoryManifestModule</ModulePath>
      <ModuleTime>0001-01-01T00:00:00</ModuleTime>
      <ModuleName>DynamicProxyGenAssembly2</ModuleName>
      <Classes />
    </Module>
    <Module skippedDueTo="MissingPdb" hash="">
      <ModulePath>RefEmit_InMemoryManifestModule</ModulePath>
      <ModuleTime>0001-01-01T00:00:00</ModuleTime>
      <ModuleName>DynamicProxyGenAssembly2</ModuleName>
      <Classes />
    </Module>
    <Module skippedDueTo="MissingPdb" hash="">
      <ModulePath>RefEmit_InMemoryManifestModule</ModulePath>
      <ModuleTime>0001-01-01T00:00:00</ModuleTime>
      <ModuleName>Anonymously Hosted DynamicMethods Assembly</ModuleName>
      <Classes />
    </Module>
    <Module skippedDueTo="MissingPdb" hash="">
      <ModulePath>RefEmit_InMemoryManifestModule</ModulePath>
      <ModuleTime>0001-01-01T00:00:00</ModuleTime>
      <ModuleName>DynamicProxyGenAssembly2</ModuleName>
      <Classes />
    </Module>
    <Module skippedDueTo="MissingPdb" hash="">
      <ModulePath>RefEmit_InMemoryManifestModule</ModulePath>
      <ModuleTime>0001-01-01T00:00:00</ModuleTime>
      <ModuleName>DynamicProxyGenAssembly2</ModuleName>
      <Classes />
    </Module>
    <Module skippedDueTo="MissingPdb" hash="">
      <ModulePath>RefEmit_InMemoryManifestModule</ModulePath>
      <ModuleTime>0001-01-01T00:00:00</ModuleTime>
      <ModuleName>DynamicProxyGenAssembly2</ModuleName>
      <Classes />
    </Module>
    <Module skippedDueTo="MissingPdb" hash="">
      <ModulePath>RefEmit_InMemoryManifestModule</ModulePath>
      <ModuleTime>0001-01-01T00:00:00</ModuleTime>
      <ModuleName>DynamicProxyGenAssembly2</ModuleName>
      <Classes />
    </Module>
    <Module skippedDueTo="MissingPdb" hash="">
      <ModulePath>RefEmit_InMemoryManifestModule</ModulePath>
      <ModuleTime>0001-01-01T00:00:00</ModuleTime>
      <ModuleName>DynamicProxyGenAssembly2</ModuleName>
      <Classes />
    </Module>
    <Module skippedDueTo="MissingPdb" hash="">
      <ModulePath>RefEmit_InMemoryManifestModule</ModulePath>
      <ModuleTime>0001-01-01T00:00:00</ModuleTime>
      <ModuleName>DynamicProxyGenAssembly2</ModuleName>
      <Classes />
    </Module>
    <Module skippedDueTo="MissingPdb" hash="">
      <ModulePath>RefEmit_InMemoryManifestModule</ModulePath>
      <ModuleTime>0001-01-01T00:00:00</ModuleTime>
      <ModuleName>DynamicProxyGenAssembly2</ModuleName>
      <Classes />
    </Module>
    <Module skippedDueTo="MissingPdb" hash="">
      <ModulePath>RefEmit_InMemoryManifestModule</ModulePath>
      <ModuleTime>0001-01-01T00:00:00</ModuleTime>
      <ModuleName>DynamicProxyGenAssembly2</ModuleName>
      <Classes />
    </Module>
    <Module skippedDueTo="MissingPdb" hash="">
      <ModulePath>RefEmit_InMemoryManifestModule</ModulePath>
      <ModuleTime>0001-01-01T00:00:00</ModuleTime>
      <ModuleName>DynamicProxyGenAssembly2</ModuleName>
      <Classes />
    </Module>
  </Modules>
</CoverageSession>