<?xml version="1.0" encoding="utf-8" standalone="no"?>
<test-run id="2" testcasecount="383" result="Passed" total="383" passed="383" failed="0" inconclusive="0" skipped="0" asserts="382" engine-version="3.6.1.0" clr-version="4.0.30319.42000" start-time="2017-05-21 17:11:33Z" end-time="2017-05-21 17:11:53Z" duration="20.328968">
  <command-line><![CDATA["C:\Development\GithubRepos\chess-with-tdd\ChessWithTDD\UnitTestingMetrics\..\..\packages\NUnit.ConsoleRunner.3.6.1\tools\nunit3-console.exe" C:\Development\GithubRepos\chess-with-tdd\ChessWithTDD\UnitTestingMetrics\..\bin\Debug\ChessWithTDD.dll --work=C:\Development\GithubRepos\chess-with-tdd\ChessWithTDD\UnitTestingMetrics\.\NUnitResults]]></command-line>
  <test-suite type="Assembly" id="0-1517" name="ChessWithTDD.dll" fullname="C:\Development\GithubRepos\chess-with-tdd\ChessWithTDD\bin\Debug\ChessWithTDD.dll" runstate="Runnable" testcasecount="383" result="Passed" start-time="2017-05-21 17:11:36Z" end-time="2017-05-21 17:11:53Z" duration="16.565819" total="383" passed="383" failed="0" warnings="0" inconclusive="0" skipped="0" asserts="382">
    <environment framework-version="3.6.0.0" clr-version="4.0.30319.42000" os-version="Microsoft Windows NT 10.0.14393.0" platform="Win32NT" cwd="C:\Development\GithubRepos\chess-with-tdd\ChessWithTDD\UnitTestingMetrics" machine-name="DESKTOP-BB9NR7C" user="User" user-domain="DESKTOP-BB9NR7C" culture="en-GB" uiculture="en-US" os-architecture="x64" />
    <settings>
      <setting name="DisposeRunners" value="True" />
      <setting name="WorkDirectory" value="C:\Development\GithubRepos\chess-with-tdd\ChessWithTDD\UnitTestingMetrics\.\NUnitResults" />
      <setting name="ImageRuntimeVersion" value="4.0.30319" />
      <setting name="ImageTargetFrameworkName" value=".NETFramework,Version=v4.5.2" />
      <setting name="ImageRequiresX86" value="False" />
      <setting name="ImageRequiresDefaultAppDomainAssemblyResolver" value="False" />
      <setting name="NumberOfTestWorkers" value="4" />
    </settings>
    <properties>
      <property name="_PID" value="14824" />
      <property name="_APPDOMAIN" value="domain-" />
    </properties>
    <test-suite type="TestSuite" id="0-1518" name="ChessWithTDD" fullname="ChessWithTDD" runstate="Runnable" testcasecount="383" result="Passed" start-time="2017-05-21 17:11:36Z" end-time="2017-05-21 17:11:53Z" duration="16.530635" total="383" passed="383" failed="0" warnings="0" inconclusive="0" skipped="0" asserts="382">
      <test-suite type="TestSuite" id="0-1519" name="Tests" fullname="ChessWithTDD.Tests" runstate="Runnable" testcasecount="383" result="Passed" start-time="2017-05-21 17:11:36Z" end-time="2017-05-21 17:11:53Z" duration="16.499295" total="383" passed="383" failed="0" warnings="0" inconclusive="0" skipped="0" asserts="382">
        <test-suite type="TestFixture" id="0-1199" name="BishopTests" fullname="ChessWithTDD.Tests.BishopTests" classname="ChessWithTDD.Tests.BishopTests" runstate="Runnable" testcasecount="12" result="Passed" start-time="2017-05-21 17:11:36Z" end-time="2017-05-21 17:11:37Z" duration="0.766574" total="12" passed="12" failed="0" warnings="0" inconclusive="0" skipped="0" asserts="12">
          <test-suite type="ParameterizedMethod" id="0-1205" name="BishopCanMoveDiagonally" fullname="ChessWithTDD.Tests.BishopTests.BishopCanMoveDiagonally" classname="ChessWithTDD.Tests.BishopTests" runstate="Runnable" testcasecount="5" result="Passed" start-time="2017-05-21 17:11:36Z" end-time="2017-05-21 17:11:36Z" duration="0.437525" total="5" passed="5" failed="0" warnings="0" inconclusive="0" skipped="0" asserts="5">
            <test-case id="0-1200" name="BishopCanMoveDiagonally(2,5,5,2)" fullname="ChessWithTDD.Tests.BishopTests.BishopCanMoveDiagonally(2,5,5,2)" methodname="BishopCanMoveDiagonally" classname="ChessWithTDD.Tests.BishopTests" runstate="Runnable" seed="1172140605" result="Passed" start-time="2017-05-21 17:11:36Z" end-time="2017-05-21 17:11:36Z" duration="0.305843" asserts="1" />
            <test-case id="0-1201" name="BishopCanMoveDiagonally(2,3,5,6)" fullname="ChessWithTDD.Tests.BishopTests.BishopCanMoveDiagonally(2,3,5,6)" methodname="BishopCanMoveDiagonally" classname="ChessWithTDD.Tests.BishopTests" runstate="Runnable" seed="645768928" result="Passed" start-time="2017-05-21 17:11:36Z" end-time="2017-05-21 17:11:36Z" duration="0.001952" asserts="1" />
            <test-case id="0-1202" name="BishopCanMoveDiagonally(5,5,2,2)" fullname="ChessWithTDD.Tests.BishopTests.BishopCanMoveDiagonally(5,5,2,2)" methodname="BishopCanMoveDiagonally" classname="ChessWithTDD.Tests.BishopTests" runstate="Runnable" seed="1975736188" result="Passed" start-time="2017-05-21 17:11:36Z" end-time="2017-05-21 17:11:36Z" duration="0.001820" asserts="1" />
            <test-case id="0-1203" name="BishopCanMoveDiagonally(5,2,2,5)" fullname="ChessWithTDD.Tests.BishopTests.BishopCanMoveDiagonally(5,2,2,5)" methodname="BishopCanMoveDiagonally" classname="ChessWithTDD.Tests.BishopTests" runstate="Runnable" seed="1107470148" result="Passed" start-time="2017-05-21 17:11:36Z" end-time="2017-05-21 17:11:36Z" duration="0.001696" asserts="1" />
            <test-case id="0-1204" name="BishopCanMoveDiagonally(3,3,4,4)" fullname="ChessWithTDD.Tests.BishopTests.BishopCanMoveDiagonally(3,3,4,4)" methodname="BishopCanMoveDiagonally" classname="ChessWithTDD.Tests.BishopTests" runstate="Runnable" seed="1445687979" result="Passed" start-time="2017-05-21 17:11:36Z" end-time="2017-05-21 17:11:36Z" duration="0.001579" asserts="1" />
          </test-suite>
          <test-suite type="ParameterizedMethod" id="0-1211" name="BishopCannotMoveHorizontally" fullname="ChessWithTDD.Tests.BishopTests.BishopCannotMoveHorizontally" classname="ChessWithTDD.Tests.BishopTests" runstate="Runnable" testcasecount="2" result="Passed" start-time="2017-05-21 17:11:37Z" end-time="2017-05-21 17:11:37Z" duration="0.051826" total="2" passed="2" failed="0" warnings="0" inconclusive="0" skipped="0" asserts="2">
            <test-case id="0-1209" name="BishopCannotMoveHorizontally(2,6,2,0)" fullname="ChessWithTDD.Tests.BishopTests.BishopCannotMoveHorizontally(2,6,2,0)" methodname="BishopCannotMoveHorizontally" classname="ChessWithTDD.Tests.BishopTests" runstate="Runnable" seed="1212391525" result="Passed" start-time="2017-05-21 17:11:37Z" end-time="2017-05-21 17:11:37Z" duration="0.004100" asserts="1" />
            <test-case id="0-1210" name="BishopCannotMoveHorizontally(2,2,2,7)" fullname="ChessWithTDD.Tests.BishopTests.BishopCannotMoveHorizontally(2,2,2,7)" methodname="BishopCannotMoveHorizontally" classname="ChessWithTDD.Tests.BishopTests" runstate="Runnable" seed="429209929" result="Passed" start-time="2017-05-21 17:11:37Z" end-time="2017-05-21 17:11:37Z" duration="0.002560" asserts="1" />
          </test-suite>
          <test-suite type="ParameterizedMethod" id="0-1215" name="BishopCannotMoveRandomlyIfNotDiagonal" fullname="ChessWithTDD.Tests.BishopTests.BishopCannotMoveRandomlyIfNotDiagonal" classname="ChessWithTDD.Tests.BishopTests" runstate="Runnable" testcasecount="3" result="Passed" start-time="2017-05-21 17:11:37Z" end-time="2017-05-21 17:11:37Z" duration="0.099837" total="3" passed="3" failed="0" warnings="0" inconclusive="0" skipped="0" asserts="3">
            <test-case id="0-1212" name="BishopCannotMoveRandomlyIfNotDiagonal(2,6,3,3)" fullname="ChessWithTDD.Tests.BishopTests.BishopCannotMoveRandomlyIfNotDiagonal(2,6,3,3)" methodname="BishopCannotMoveRandomlyIfNotDiagonal" classname="ChessWithTDD.Tests.BishopTests" runstate="Runnable" seed="1266783124" result="Passed" start-time="2017-05-21 17:11:37Z" end-time="2017-05-21 17:11:37Z" duration="0.005414" asserts="1" />
            <test-case id="0-1213" name="BishopCannotMoveRandomlyIfNotDiagonal(3,1,4,5)" fullname="ChessWithTDD.Tests.BishopTests.BishopCannotMoveRandomlyIfNotDiagonal(3,1,4,5)" methodname="BishopCannotMoveRandomlyIfNotDiagonal" classname="ChessWithTDD.Tests.BishopTests" runstate="Runnable" seed="470158847" result="Passed" start-time="2017-05-21 17:11:37Z" end-time="2017-05-21 17:11:37Z" duration="0.004973" asserts="1" />
            <test-case id="0-1214" name="BishopCannotMoveRandomlyIfNotDiagonal(6,6,2,7)" fullname="ChessWithTDD.Tests.BishopTests.BishopCannotMoveRandomlyIfNotDiagonal(6,6,2,7)" methodname="BishopCannotMoveRandomlyIfNotDiagonal" classname="ChessWithTDD.Tests.BishopTests" runstate="Runnable" seed="131443798" result="Passed" start-time="2017-05-21 17:11:37Z" end-time="2017-05-21 17:11:37Z" duration="0.004651" asserts="1" />
          </test-suite>
          <test-suite type="ParameterizedMethod" id="0-1208" name="BishopCannotMoveVertically" fullname="ChessWithTDD.Tests.BishopTests.BishopCannotMoveVertically" classname="ChessWithTDD.Tests.BishopTests" runstate="Runnable" testcasecount="2" result="Passed" start-time="2017-05-21 17:11:37Z" end-time="2017-05-21 17:11:37Z" duration="0.067901" total="2" passed="2" failed="0" warnings="0" inconclusive="0" skipped="0" asserts="2">
            <test-case id="0-1206" name="BishopCannotMoveVertically(5,2,2,2)" fullname="ChessWithTDD.Tests.BishopTests.BishopCannotMoveVertically(5,2,2,2)" methodname="BishopCannotMoveVertically" classname="ChessWithTDD.Tests.BishopTests" runstate="Runnable" seed="1363250061" result="Passed" start-time="2017-05-21 17:11:37Z" end-time="2017-05-21 17:11:37Z" duration="0.008417" asserts="1" />
            <test-case id="0-1207" name="BishopCannotMoveVertically(2,2,5,2)" fullname="ChessWithTDD.Tests.BishopTests.BishopCannotMoveVertically(2,2,5,2)" methodname="BishopCannotMoveVertically" classname="ChessWithTDD.Tests.BishopTests" runstate="Runnable" seed="318873499" result="Passed" start-time="2017-05-21 17:11:37Z" end-time="2017-05-21 17:11:37Z" duration="0.004469" asserts="1" />
          </test-suite>
        </test-suite>
        <test-suite type="TestFixture" id="0-1216" name="BlackPawnTests" fullname="ChessWithTDD.Tests.BlackPawnTests" classname="ChessWithTDD.Tests.BlackPawnTests" runstate="Runnable" testcasecount="21" result="Passed" start-time="2017-05-21 17:11:37Z" end-time="2017-05-21 17:11:38Z" duration="1.038534" total="21" passed="21" failed="0" warnings="0" inconclusive="0" skipped="0" asserts="21">
          <test-suite type="ParameterizedMethod" id="0-1225" name="BlackPawnCanMoveDiagonallyDownTheBoardIfWhitePieceThere" fullname="ChessWithTDD.Tests.BlackPawnTests.BlackPawnCanMoveDiagonallyDownTheBoardIfWhitePieceThere" classname="ChessWithTDD.Tests.BlackPawnTests" runstate="Runnable" testcasecount="2" result="Passed" start-time="2017-05-21 17:11:37Z" end-time="2017-05-21 17:11:37Z" duration="0.079813" total="2" passed="2" failed="0" warnings="0" inconclusive="0" skipped="0" asserts="2">
            <test-case id="0-1223" name="BlackPawnCanMoveDiagonallyDownTheBoardIfWhitePieceThere(6,6,5,7)" fullname="ChessWithTDD.Tests.BlackPawnTests.BlackPawnCanMoveDiagonallyDownTheBoardIfWhitePieceThere(6,6,5,7)" methodname="BlackPawnCanMoveDiagonallyDownTheBoardIfWhitePieceThere" classname="ChessWithTDD.Tests.BlackPawnTests" runstate="Runnable" seed="296231453" result="Passed" start-time="2017-05-21 17:11:37Z" end-time="2017-05-21 17:11:37Z" duration="0.024139" asserts="1" />
            <test-case id="0-1224" name="BlackPawnCanMoveDiagonallyDownTheBoardIfWhitePieceThere(6,6,5,5)" fullname="ChessWithTDD.Tests.BlackPawnTests.BlackPawnCanMoveDiagonallyDownTheBoardIfWhitePieceThere(6,6,5,5)" methodname="BlackPawnCanMoveDiagonallyDownTheBoardIfWhitePieceThere" classname="ChessWithTDD.Tests.BlackPawnTests" runstate="Runnable" seed="520628380" result="Passed" start-time="2017-05-21 17:11:37Z" end-time="2017-05-21 17:11:37Z" duration="0.004023" asserts="1" />
          </test-suite>
          <test-suite type="ParameterizedMethod" id="0-1231" name="BlackPawnCanMoveDiagonallyDownwardsToEmptySquareIfToSquareHasEnPassantMark" fullname="ChessWithTDD.Tests.BlackPawnTests.BlackPawnCanMoveDiagonallyDownwardsToEmptySquareIfToSquareHasEnPassantMark" classname="ChessWithTDD.Tests.BlackPawnTests" runstate="Runnable" testcasecount="2" result="Passed" start-time="2017-05-21 17:11:37Z" end-time="2017-05-21 17:11:37Z" duration="0.051305" total="2" passed="2" failed="0" warnings="0" inconclusive="0" skipped="0" asserts="2">
            <test-case id="0-1229" name="BlackPawnCanMoveDiagonallyDownwardsToEmptySquareIfToSquareHasEnPassantMark(6,6,5,7)" fullname="ChessWithTDD.Tests.BlackPawnTests.BlackPawnCanMoveDiagonallyDownwardsToEmptySquareIfToSquareHasEnPassantMark(6,6,5,7)" methodname="BlackPawnCanMoveDiagonallyDownwardsToEmptySquareIfToSquareHasEnPassantMark" classname="ChessWithTDD.Tests.BlackPawnTests" runstate="Runnable" seed="1629939026" result="Passed" start-time="2017-05-21 17:11:37Z" end-time="2017-05-21 17:11:37Z" duration="0.008694" asserts="1" />
            <test-case id="0-1230" name="BlackPawnCanMoveDiagonallyDownwardsToEmptySquareIfToSquareHasEnPassantMark(6,6,5,5)" fullname="ChessWithTDD.Tests.BlackPawnTests.BlackPawnCanMoveDiagonallyDownwardsToEmptySquareIfToSquareHasEnPassantMark(6,6,5,5)" methodname="BlackPawnCanMoveDiagonallyDownwardsToEmptySquareIfToSquareHasEnPassantMark" classname="ChessWithTDD.Tests.BlackPawnTests" runstate="Runnable" seed="890419091" result="Passed" start-time="2017-05-21 17:11:37Z" end-time="2017-05-21 17:11:37Z" duration="0.003622" asserts="1" />
          </test-suite>
          <test-suite type="ParameterizedMethod" id="0-1219" name="BlackPawnCanMoveOneVerticalPositionDownTheBoard" fullname="ChessWithTDD.Tests.BlackPawnTests.BlackPawnCanMoveOneVerticalPositionDownTheBoard" classname="ChessWithTDD.Tests.BlackPawnTests" runstate="Runnable" testcasecount="2" result="Passed" start-time="2017-05-21 17:11:37Z" end-time="2017-05-21 17:11:37Z" duration="0.068642" total="2" passed="2" failed="0" warnings="0" inconclusive="0" skipped="0" asserts="2">
            <test-case id="0-1217" name="BlackPawnCanMoveOneVerticalPositionDownTheBoard(5,2,4,2)" fullname="ChessWithTDD.Tests.BlackPawnTests.BlackPawnCanMoveOneVerticalPositionDownTheBoard(5,2,4,2)" methodname="BlackPawnCanMoveOneVerticalPositionDownTheBoard" classname="ChessWithTDD.Tests.BlackPawnTests" runstate="Runnable" seed="429060567" result="Passed" start-time="2017-05-21 17:11:37Z" end-time="2017-05-21 17:11:37Z" duration="0.008795" asserts="1" />
            <test-case id="0-1218" name="BlackPawnCanMoveOneVerticalPositionDownTheBoard(3,3,2,3)" fullname="ChessWithTDD.Tests.BlackPawnTests.BlackPawnCanMoveOneVerticalPositionDownTheBoard(3,3,2,3)" methodname="BlackPawnCanMoveOneVerticalPositionDownTheBoard" classname="ChessWithTDD.Tests.BlackPawnTests" runstate="Runnable" seed="838439796" result="Passed" start-time="2017-05-21 17:11:37Z" end-time="2017-05-21 17:11:37Z" duration="0.005244" asserts="1" />
          </test-suite>
          <test-suite type="ParameterizedMethod" id="0-1237" name="BlackPawnCanMoveTwoVerticalSpacesDownTheBoardIfItHasNotMovedBefore" fullname="ChessWithTDD.Tests.BlackPawnTests.BlackPawnCanMoveTwoVerticalSpacesDownTheBoardIfItHasNotMovedBefore" classname="ChessWithTDD.Tests.BlackPawnTests" runstate="Runnable" testcasecount="2" result="Passed" start-time="2017-05-21 17:11:37Z" end-time="2017-05-21 17:11:37Z" duration="0.067831" total="2" passed="2" failed="0" warnings="0" inconclusive="0" skipped="0" asserts="2">
            <test-case id="0-1235" name="BlackPawnCanMoveTwoVerticalSpacesDownTheBoardIfItHasNotMovedBefore(4,4,2,4)" fullname="ChessWithTDD.Tests.BlackPawnTests.BlackPawnCanMoveTwoVerticalSpacesDownTheBoardIfItHasNotMovedBefore(4,4,2,4)" methodname="BlackPawnCanMoveTwoVerticalSpacesDownTheBoardIfItHasNotMovedBefore" classname="ChessWithTDD.Tests.BlackPawnTests" runstate="Runnable" seed="1764983666" result="Passed" start-time="2017-05-21 17:11:37Z" end-time="2017-05-21 17:11:37Z" duration="0.009290" asserts="1" />
            <test-case id="0-1236" name="BlackPawnCanMoveTwoVerticalSpacesDownTheBoardIfItHasNotMovedBefore(6,1,4,1)" fullname="ChessWithTDD.Tests.BlackPawnTests.BlackPawnCanMoveTwoVerticalSpacesDownTheBoardIfItHasNotMovedBefore(6,1,4,1)" methodname="BlackPawnCanMoveTwoVerticalSpacesDownTheBoardIfItHasNotMovedBefore" classname="ChessWithTDD.Tests.BlackPawnTests" runstate="Runnable" seed="431063675" result="Passed" start-time="2017-05-21 17:11:37Z" end-time="2017-05-21 17:11:37Z" duration="0.002278" asserts="1" />
          </test-suite>
          <test-suite type="ParameterizedMethod" id="0-1228" name="BlackPawnCannotMoveDiagonallyBelowIfNoPieceThere" fullname="ChessWithTDD.Tests.BlackPawnTests.BlackPawnCannotMoveDiagonallyBelowIfNoPieceThere" classname="ChessWithTDD.Tests.BlackPawnTests" runstate="Runnable" testcasecount="2" result="Passed" start-time="2017-05-21 17:11:37Z" end-time="2017-05-21 17:11:37Z" duration="0.068557" total="2" passed="2" failed="0" warnings="0" inconclusive="0" skipped="0" asserts="2">
            <test-case id="0-1226" name="BlackPawnCannotMoveDiagonallyBelowIfNoPieceThere(6,6,5,7)" fullname="ChessWithTDD.Tests.BlackPawnTests.BlackPawnCannotMoveDiagonallyBelowIfNoPieceThere(6,6,5,7)" methodname="BlackPawnCannotMoveDiagonallyBelowIfNoPieceThere" classname="ChessWithTDD.Tests.BlackPawnTests" runstate="Runnable" seed="1330757738" result="Passed" start-time="2017-05-21 17:11:37Z" end-time="2017-05-21 17:11:37Z" duration="0.007387" asserts="1" />
            <test-case id="0-1227" name="BlackPawnCannotMoveDiagonallyBelowIfNoPieceThere(6,6,5,5)" fullname="ChessWithTDD.Tests.BlackPawnTests.BlackPawnCannotMoveDiagonallyBelowIfNoPieceThere(6,6,5,5)" methodname="BlackPawnCannotMoveDiagonallyBelowIfNoPieceThere" classname="ChessWithTDD.Tests.BlackPawnTests" runstate="Runnable" seed="344577005" result="Passed" start-time="2017-05-21 17:11:37Z" end-time="2017-05-21 17:11:37Z" duration="0.005755" asserts="1" />
          </test-suite>
          <test-suite type="ParameterizedMethod" id="0-1234" name="BlackPawnCannotMoveDiagonallyDownwardsToEmptySquareIfToSquareHasNoEnPassantMark" fullname="ChessWithTDD.Tests.BlackPawnTests.BlackPawnCannotMoveDiagonallyDownwardsToEmptySquareIfToSquareHasNoEnPassantMark" classname="ChessWithTDD.Tests.BlackPawnTests" runstate="Runnable" testcasecount="2" result="Passed" start-time="2017-05-21 17:11:37Z" end-time="2017-05-21 17:11:37Z" duration="0.067726" total="2" passed="2" failed="0" warnings="0" inconclusive="0" skipped="0" asserts="2">
            <test-case id="0-1232" name="BlackPawnCannotMoveDiagonallyDownwardsToEmptySquareIfToSquareHasNoEnPassantMark(6,6,5,7)" fullname="ChessWithTDD.Tests.BlackPawnTests.BlackPawnCannotMoveDiagonallyDownwardsToEmptySquareIfToSquareHasNoEnPassantMark(6,6,5,7)" methodname="BlackPawnCannotMoveDiagonallyDownwardsToEmptySquareIfToSquareHasNoEnPassantMark" classname="ChessWithTDD.Tests.BlackPawnTests" runstate="Runnable" seed="906305559" result="Passed" start-time="2017-05-21 17:11:37Z" end-time="2017-05-21 17:11:37Z" duration="0.006398" asserts="1" />
            <test-case id="0-1233" name="BlackPawnCannotMoveDiagonallyDownwardsToEmptySquareIfToSquareHasNoEnPassantMark(6,6,5,5)" fullname="ChessWithTDD.Tests.BlackPawnTests.BlackPawnCannotMoveDiagonallyDownwardsToEmptySquareIfToSquareHasNoEnPassantMark(6,6,5,5)" methodname="BlackPawnCannotMoveDiagonallyDownwardsToEmptySquareIfToSquareHasNoEnPassantMark" classname="ChessWithTDD.Tests.BlackPawnTests" runstate="Runnable" seed="551817498" result="Passed" start-time="2017-05-21 17:11:37Z" end-time="2017-05-21 17:11:37Z" duration="0.005296" asserts="1" />
          </test-suite>
          <test-suite type="ParameterizedMethod" id="0-1248" name="BlackPawnCannotMoveOneHorizontalPositionAcrossTheBoard" fullname="ChessWithTDD.Tests.BlackPawnTests.BlackPawnCannotMoveOneHorizontalPositionAcrossTheBoard" classname="ChessWithTDD.Tests.BlackPawnTests" runstate="Runnable" testcasecount="2" result="Passed" start-time="2017-05-21 17:11:37Z" end-time="2017-05-21 17:11:37Z" duration="0.068280" total="2" passed="2" failed="0" warnings="0" inconclusive="0" skipped="0" asserts="2">
            <test-case id="0-1246" name="BlackPawnCannotMoveOneHorizontalPositionAcrossTheBoard(5,2,5,3)" fullname="ChessWithTDD.Tests.BlackPawnTests.BlackPawnCannotMoveOneHorizontalPositionAcrossTheBoard(5,2,5,3)" methodname="BlackPawnCannotMoveOneHorizontalPositionAcrossTheBoard" classname="ChessWithTDD.Tests.BlackPawnTests" runstate="Runnable" seed="360281606" result="Passed" start-time="2017-05-21 17:11:37Z" end-time="2017-05-21 17:11:37Z" duration="0.007523" asserts="1" />
            <test-case id="0-1247" name="BlackPawnCannotMoveOneHorizontalPositionAcrossTheBoard(3,3,3,2)" fullname="ChessWithTDD.Tests.BlackPawnTests.BlackPawnCannotMoveOneHorizontalPositionAcrossTheBoard(3,3,3,2)" methodname="BlackPawnCannotMoveOneHorizontalPositionAcrossTheBoard" classname="ChessWithTDD.Tests.BlackPawnTests" runstate="Runnable" seed="430825047" result="Passed" start-time="2017-05-21 17:11:37Z" end-time="2017-05-21 17:11:37Z" duration="0.004589" asserts="1" />
          </test-suite>
          <test-suite type="ParameterizedMethod" id="0-1222" name="BlackPawnCannotMoveOneVerticalPositionDownTheBoardIfWhitePieceThere" fullname="ChessWithTDD.Tests.BlackPawnTests.BlackPawnCannotMoveOneVerticalPositionDownTheBoardIfWhitePieceThere" classname="ChessWithTDD.Tests.BlackPawnTests" runstate="Runnable" testcasecount="2" result="Passed" start-time="2017-05-21 17:11:38Z" end-time="2017-05-21 17:11:38Z" duration="0.071651" total="2" passed="2" failed="0" warnings="0" inconclusive="0" skipped="0" asserts="2">
            <test-case id="0-1220" name="BlackPawnCannotMoveOneVerticalPositionDownTheBoardIfWhitePieceThere(5,2,4,2)" fullname="ChessWithTDD.Tests.BlackPawnTests.BlackPawnCannotMoveOneVerticalPositionDownTheBoardIfWhitePieceThere(5,2,4,2)" methodname="BlackPawnCannotMoveOneVerticalPositionDownTheBoardIfWhitePieceThere" classname="ChessWithTDD.Tests.BlackPawnTests" runstate="Runnable" seed="1476799927" result="Passed" start-time="2017-05-21 17:11:38Z" end-time="2017-05-21 17:11:38Z" duration="0.008367" asserts="1" />
            <test-case id="0-1221" name="BlackPawnCannotMoveOneVerticalPositionDownTheBoardIfWhitePieceThere(3,3,2,3)" fullname="ChessWithTDD.Tests.BlackPawnTests.BlackPawnCannotMoveOneVerticalPositionDownTheBoardIfWhitePieceThere(3,3,2,3)" methodname="BlackPawnCannotMoveOneVerticalPositionDownTheBoardIfWhitePieceThere" classname="ChessWithTDD.Tests.BlackPawnTests" runstate="Runnable" seed="1649525476" result="Passed" start-time="2017-05-21 17:11:38Z" end-time="2017-05-21 17:11:38Z" duration="0.005564" asserts="1" />
          </test-suite>
          <test-suite type="ParameterizedMethod" id="0-1245" name="BlackPawnCannotMoveOneVerticalPositionUpTheBoard" fullname="ChessWithTDD.Tests.BlackPawnTests.BlackPawnCannotMoveOneVerticalPositionUpTheBoard" classname="ChessWithTDD.Tests.BlackPawnTests" runstate="Runnable" testcasecount="1" result="Passed" start-time="2017-05-21 17:11:38Z" end-time="2017-05-21 17:11:38Z" duration="0.037381" total="1" passed="1" failed="0" warnings="0" inconclusive="0" skipped="0" asserts="1">
            <test-case id="0-1244" name="BlackPawnCannotMoveOneVerticalPositionUpTheBoard(0,1,1,1)" fullname="ChessWithTDD.Tests.BlackPawnTests.BlackPawnCannotMoveOneVerticalPositionUpTheBoard(0,1,1,1)" methodname="BlackPawnCannotMoveOneVerticalPositionUpTheBoard" classname="ChessWithTDD.Tests.BlackPawnTests" runstate="Runnable" seed="1468177095" result="Passed" start-time="2017-05-21 17:11:38Z" end-time="2017-05-21 17:11:38Z" duration="0.006089" asserts="1" />
          </test-suite>
          <test-suite type="ParameterizedMethod" id="0-1240" name="BlackPawnCannotMoveTwoVerticalSpacesDownTheBoardIfItHasMovedBefore" fullname="ChessWithTDD.Tests.BlackPawnTests.BlackPawnCannotMoveTwoVerticalSpacesDownTheBoardIfItHasMovedBefore" classname="ChessWithTDD.Tests.BlackPawnTests" runstate="Runnable" testcasecount="2" result="Passed" start-time="2017-05-21 17:11:38Z" end-time="2017-05-21 17:11:38Z" duration="0.067795" total="2" passed="2" failed="0" warnings="0" inconclusive="0" skipped="0" asserts="2">
            <test-case id="0-1238" name="BlackPawnCannotMoveTwoVerticalSpacesDownTheBoardIfItHasMovedBefore(4,4,2,4)" fullname="ChessWithTDD.Tests.BlackPawnTests.BlackPawnCannotMoveTwoVerticalSpacesDownTheBoardIfItHasMovedBefore(4,4,2,4)" methodname="BlackPawnCannotMoveTwoVerticalSpacesDownTheBoardIfItHasMovedBefore" classname="ChessWithTDD.Tests.BlackPawnTests" runstate="Runnable" seed="1486614486" result="Passed" start-time="2017-05-21 17:11:38Z" end-time="2017-05-21 17:11:38Z" duration="0.005920" asserts="1" />
            <test-case id="0-1239" name="BlackPawnCannotMoveTwoVerticalSpacesDownTheBoardIfItHasMovedBefore(6,1,4,1)" fullname="ChessWithTDD.Tests.BlackPawnTests.BlackPawnCannotMoveTwoVerticalSpacesDownTheBoardIfItHasMovedBefore(6,1,4,1)" methodname="BlackPawnCannotMoveTwoVerticalSpacesDownTheBoardIfItHasMovedBefore" classname="ChessWithTDD.Tests.BlackPawnTests" runstate="Runnable" seed="1147931091" result="Passed" start-time="2017-05-21 17:11:38Z" end-time="2017-05-21 17:11:38Z" duration="0.004890" asserts="1" />
          </test-suite>
          <test-suite type="ParameterizedMethod" id="0-1243" name="BlackPawnCannotMoveTwoVerticalSpacesDownTheBoardIfItHasNotMovedButToSquareContainsAPiece" fullname="ChessWithTDD.Tests.BlackPawnTests.BlackPawnCannotMoveTwoVerticalSpacesDownTheBoardIfItHasNotMovedButToSquareContainsAPiece" classname="ChessWithTDD.Tests.BlackPawnTests" runstate="Runnable" testcasecount="2" result="Passed" start-time="2017-05-21 17:11:38Z" end-time="2017-05-21 17:11:38Z" duration="0.068866" total="2" passed="2" failed="0" warnings="0" inconclusive="0" skipped="0" asserts="2">
            <test-case id="0-1241" name="BlackPawnCannotMoveTwoVerticalSpacesDownTheBoardIfItHasNotMovedButToSquareContainsAPiece(4,4,2,4)" fullname="ChessWithTDD.Tests.BlackPawnTests.BlackPawnCannotMoveTwoVerticalSpacesDownTheBoardIfItHasNotMovedButToSquareContainsAPiece(4,4,2,4)" methodname="BlackPawnCannotMoveTwoVerticalSpacesDownTheBoardIfItHasNotMovedButToSquareContainsAPiece" classname="ChessWithTDD.Tests.BlackPawnTests" runstate="Runnable" seed="1355758049" result="Passed" start-time="2017-05-21 17:11:38Z" end-time="2017-05-21 17:11:38Z" duration="0.006758" asserts="1" />
            <test-case id="0-1242" name="BlackPawnCannotMoveTwoVerticalSpacesDownTheBoardIfItHasNotMovedButToSquareContainsAPiece(6,1,4,1)" fullname="ChessWithTDD.Tests.BlackPawnTests.BlackPawnCannotMoveTwoVerticalSpacesDownTheBoardIfItHasNotMovedButToSquareContainsAPiece(6,1,4,1)" methodname="BlackPawnCannotMoveTwoVerticalSpacesDownTheBoardIfItHasNotMovedButToSquareContainsAPiece" classname="ChessWithTDD.Tests.BlackPawnTests" runstate="Runnable" seed="1917699101" result="Passed" start-time="2017-05-21 17:11:38Z" end-time="2017-05-21 17:11:38Z" duration="0.006458" asserts="1" />
          </test-suite>
        </test-suite>
        <test-suite type="TestFixture" id="0-1000" name="BoardCacheTests" fullname="ChessWithTDD.Tests.BoardCacheTests" classname="ChessWithTDD.Tests.BoardCacheTests" runstate="Runnable" testcasecount="13" result="Passed" start-time="2017-05-21 17:11:38Z" end-time="2017-05-21 17:11:39Z" duration="0.595631" total="13" passed="13" failed="0" warnings="0" inconclusive="0" skipped="0" asserts="48">
          <test-case id="0-1001" name="BlackKingIsSavedToBlackKingSquareIfInPendingUpdatesOfBoardAndUpdatesCleared" fullname="ChessWithTDD.Tests.BoardCacheTests.BlackKingIsSavedToBlackKingSquareIfInPendingUpdatesOfBoardAndUpdatesCleared" methodname="BlackKingIsSavedToBlackKingSquareIfInPendingUpdatesOfBoardAndUpdatesCleared" classname="ChessWithTDD.Tests.BoardCacheTests" runstate="Runnable" seed="1761973731" result="Passed" start-time="2017-05-21 17:11:38Z" end-time="2017-05-21 17:11:38Z" duration="0.138716" asserts="3" />
          <test-case id="0-1013" name="BoardCacheInitialisedWithBlackBackRowCorrectly" fullname="ChessWithTDD.Tests.BoardCacheTests.BoardCacheInitialisedWithBlackBackRowCorrectly" methodname="BoardCacheInitialisedWithBlackBackRowCorrectly" classname="ChessWithTDD.Tests.BoardCacheTests" runstate="Runnable" seed="1737850508" result="Passed" start-time="2017-05-21 17:11:38Z" end-time="2017-05-21 17:11:38Z" duration="0.105149" asserts="7" />
          <test-case id="0-1009" name="BoardCacheInitialisedWithBlackKingCorrectly" fullname="ChessWithTDD.Tests.BoardCacheTests.BoardCacheInitialisedWithBlackKingCorrectly" methodname="BoardCacheInitialisedWithBlackKingCorrectly" classname="ChessWithTDD.Tests.BoardCacheTests" runstate="Runnable" seed="1493080632" result="Passed" start-time="2017-05-21 17:11:38Z" end-time="2017-05-21 17:11:38Z" duration="0.002803" asserts="1" />
          <test-case id="0-1011" name="BoardCacheInitialisedWithBlackPawnsCorrectly" fullname="ChessWithTDD.Tests.BoardCacheTests.BoardCacheInitialisedWithBlackPawnsCorrectly" methodname="BoardCacheInitialisedWithBlackPawnsCorrectly" classname="ChessWithTDD.Tests.BoardCacheTests" runstate="Runnable" seed="253456362" result="Passed" start-time="2017-05-21 17:11:38Z" end-time="2017-05-21 17:11:38Z" duration="0.003848" asserts="8" />
          <test-case id="0-1007" name="BoardCacheInitialisedWithCorrectBoard" fullname="ChessWithTDD.Tests.BoardCacheTests.BoardCacheInitialisedWithCorrectBoard" methodname="BoardCacheInitialisedWithCorrectBoard" classname="ChessWithTDD.Tests.BoardCacheTests" runstate="Runnable" seed="1917716562" result="Passed" start-time="2017-05-21 17:11:38Z" end-time="2017-05-21 17:11:38Z" duration="0.002029" asserts="1" />
          <test-case id="0-1012" name="BoardCacheInitialisedWithWhiteBackRowCorrectly" fullname="ChessWithTDD.Tests.BoardCacheTests.BoardCacheInitialisedWithWhiteBackRowCorrectly" methodname="BoardCacheInitialisedWithWhiteBackRowCorrectly" classname="ChessWithTDD.Tests.BoardCacheTests" runstate="Runnable" seed="790947121" result="Passed" start-time="2017-05-21 17:11:38Z" end-time="2017-05-21 17:11:38Z" duration="0.006331" asserts="7" />
          <test-case id="0-1008" name="BoardCacheInitialisedWithWhiteKingCorrectly" fullname="ChessWithTDD.Tests.BoardCacheTests.BoardCacheInitialisedWithWhiteKingCorrectly" methodname="BoardCacheInitialisedWithWhiteKingCorrectly" classname="ChessWithTDD.Tests.BoardCacheTests" runstate="Runnable" seed="143259506" result="Passed" start-time="2017-05-21 17:11:38Z" end-time="2017-05-21 17:11:38Z" duration="0.006220" asserts="1" />
          <test-case id="0-1010" name="BoardCacheInitialisedWithWhitePawnsCorrectly" fullname="ChessWithTDD.Tests.BoardCacheTests.BoardCacheInitialisedWithWhitePawnsCorrectly" methodname="BoardCacheInitialisedWithWhitePawnsCorrectly" classname="ChessWithTDD.Tests.BoardCacheTests" runstate="Runnable" seed="1626902008" result="Passed" start-time="2017-05-21 17:11:38Z" end-time="2017-05-21 17:11:38Z" duration="0.010007" asserts="8" />
          <test-case id="0-1003" name="NothingIsSavedForSquaresWithNoPieceButItIsRemoved" fullname="ChessWithTDD.Tests.BoardCacheTests.NothingIsSavedForSquaresWithNoPieceButItIsRemoved" methodname="NothingIsSavedForSquaresWithNoPieceButItIsRemoved" classname="ChessWithTDD.Tests.BoardCacheTests" runstate="Runnable" seed="1608269974" result="Passed" start-time="2017-05-21 17:11:38Z" end-time="2017-05-21 17:11:38Z" duration="0.012491" asserts="3" />
          <test-case id="0-1006" name="SquareInPendingUpdatesWithBlackPieceIsAddedToBlackPieceCacheAndRemovedFromPendingUpdates" fullname="ChessWithTDD.Tests.BoardCacheTests.SquareInPendingUpdatesWithBlackPieceIsAddedToBlackPieceCacheAndRemovedFromPendingUpdates" methodname="SquareInPendingUpdatesWithBlackPieceIsAddedToBlackPieceCacheAndRemovedFromPendingUpdates" classname="ChessWithTDD.Tests.BoardCacheTests" runstate="Runnable" seed="1275646659" result="Passed" start-time="2017-05-21 17:11:38Z" end-time="2017-05-21 17:11:38Z" duration="0.015272" asserts="2" />
          <test-case id="0-1004" name="SquareInPendingUpdatesWithNoPieceIsRemovedFromBoardCacheAndPendingUpdates" fullname="ChessWithTDD.Tests.BoardCacheTests.SquareInPendingUpdatesWithNoPieceIsRemovedFromBoardCacheAndPendingUpdates" methodname="SquareInPendingUpdatesWithNoPieceIsRemovedFromBoardCacheAndPendingUpdates" classname="ChessWithTDD.Tests.BoardCacheTests" runstate="Runnable" seed="2125944770" result="Passed" start-time="2017-05-21 17:11:38Z" end-time="2017-05-21 17:11:38Z" duration="0.006192" asserts="2" />
          <test-case id="0-1005" name="SquareInPendingUpdatesWithWhitePieceIsAddedToWhitePieceCacheAndRemovedFromPendingUpdates" fullname="ChessWithTDD.Tests.BoardCacheTests.SquareInPendingUpdatesWithWhitePieceIsAddedToWhitePieceCacheAndRemovedFromPendingUpdates" methodname="SquareInPendingUpdatesWithWhitePieceIsAddedToWhitePieceCacheAndRemovedFromPendingUpdates" classname="ChessWithTDD.Tests.BoardCacheTests" runstate="Runnable" seed="819322323" result="Passed" start-time="2017-05-21 17:11:38Z" end-time="2017-05-21 17:11:38Z" duration="0.010365" asserts="2" />
          <test-case id="0-1002" name="WhiteKingIsSavedToWhiteKingSquareAndWhitePiecesIfInPendingUpdatesOfBoardAndUpdatesCleared" fullname="ChessWithTDD.Tests.BoardCacheTests.WhiteKingIsSavedToWhiteKingSquareAndWhitePiecesIfInPendingUpdatesOfBoardAndUpdatesCleared" methodname="WhiteKingIsSavedToWhiteKingSquareAndWhitePiecesIfInPendingUpdatesOfBoardAndUpdatesCleared" classname="ChessWithTDD.Tests.BoardCacheTests" runstate="Runnable" seed="522098548" result="Passed" start-time="2017-05-21 17:11:38Z" end-time="2017-05-21 17:11:38Z" duration="0.012100" asserts="3" />
        </test-suite>
        <test-suite type="TestFixture" id="0-1014" name="BoardInitialiserTests" fullname="ChessWithTDD.Tests.BoardInitialiserTests" classname="ChessWithTDD.Tests.BoardInitialiserTests" runstate="Runnable" testcasecount="11" result="Passed" start-time="2017-05-21 17:11:39Z" end-time="2017-05-21 17:11:39Z" duration="0.843959" total="11" passed="11" failed="0" warnings="0" inconclusive="0" skipped="0" asserts="1">
          <test-case id="0-1022" name="BoardBlackBishopsSetupCorrectly" fullname="ChessWithTDD.Tests.BoardInitialiserTests.BoardBlackBishopsSetupCorrectly" methodname="BoardBlackBishopsSetupCorrectly" classname="ChessWithTDD.Tests.BoardInitialiserTests" runstate="Runnable" seed="1092739027" result="Passed" start-time="2017-05-21 17:11:39Z" end-time="2017-05-21 17:11:39Z" duration="0.150580" asserts="0" />
          <test-case id="0-1020" name="BoardBlackKnightsSetupCorrectly" fullname="ChessWithTDD.Tests.BoardInitialiserTests.BoardBlackKnightsSetupCorrectly" methodname="BoardBlackKnightsSetupCorrectly" classname="ChessWithTDD.Tests.BoardInitialiserTests" runstate="Runnable" seed="425047014" result="Passed" start-time="2017-05-21 17:11:39Z" end-time="2017-05-21 17:11:39Z" duration="0.026736" asserts="0" />
          <test-case id="0-1016" name="BoardBlackPawnRowSetupCorrectly" fullname="ChessWithTDD.Tests.BoardInitialiserTests.BoardBlackPawnRowSetupCorrectly" methodname="BoardBlackPawnRowSetupCorrectly" classname="ChessWithTDD.Tests.BoardInitialiserTests" runstate="Runnable" seed="1278989977" result="Passed" start-time="2017-05-21 17:11:39Z" end-time="2017-05-21 17:11:39Z" duration="0.138152" asserts="0" />
          <test-case id="0-1018" name="BoardBlackRooksSetupCorrectly" fullname="ChessWithTDD.Tests.BoardInitialiserTests.BoardBlackRooksSetupCorrectly" methodname="BoardBlackRooksSetupCorrectly" classname="ChessWithTDD.Tests.BoardInitialiserTests" runstate="Runnable" seed="728318207" result="Passed" start-time="2017-05-21 17:11:39Z" end-time="2017-05-21 17:11:39Z" duration="0.028278" asserts="0" />
          <test-case id="0-1024" name="BoardKingsSetupCorrectly" fullname="ChessWithTDD.Tests.BoardInitialiserTests.BoardKingsSetupCorrectly" methodname="BoardKingsSetupCorrectly" classname="ChessWithTDD.Tests.BoardInitialiserTests" runstate="Runnable" seed="1715134244" result="Passed" start-time="2017-05-21 17:11:39Z" end-time="2017-05-21 17:11:39Z" duration="0.024699" asserts="0" />
          <test-case id="0-1023" name="BoardQueensSetupCorrectly" fullname="ChessWithTDD.Tests.BoardInitialiserTests.BoardQueensSetupCorrectly" methodname="BoardQueensSetupCorrectly" classname="ChessWithTDD.Tests.BoardInitialiserTests" runstate="Runnable" seed="1543496499" result="Passed" start-time="2017-05-21 17:11:39Z" end-time="2017-05-21 17:11:39Z" duration="0.026915" asserts="0" />
          <test-case id="0-1025" name="BoardSetSquareCalledCorrectNumberOfTimesDuringInitialisation" fullname="ChessWithTDD.Tests.BoardInitialiserTests.BoardSetSquareCalledCorrectNumberOfTimesDuringInitialisation" methodname="BoardSetSquareCalledCorrectNumberOfTimesDuringInitialisation" classname="ChessWithTDD.Tests.BoardInitialiserTests" runstate="Runnable" seed="269647973" result="Passed" start-time="2017-05-21 17:11:39Z" end-time="2017-05-21 17:11:39Z" duration="0.005407" asserts="1" />
          <test-case id="0-1021" name="BoardWhiteBishopsSetupCorrectly" fullname="ChessWithTDD.Tests.BoardInitialiserTests.BoardWhiteBishopsSetupCorrectly" methodname="BoardWhiteBishopsSetupCorrectly" classname="ChessWithTDD.Tests.BoardInitialiserTests" runstate="Runnable" seed="1867363621" result="Passed" start-time="2017-05-21 17:11:39Z" end-time="2017-05-21 17:11:39Z" duration="0.045556" asserts="0" />
          <test-case id="0-1019" name="BoardWhiteKnightsSetupCorrectly" fullname="ChessWithTDD.Tests.BoardInitialiserTests.BoardWhiteKnightsSetupCorrectly" methodname="BoardWhiteKnightsSetupCorrectly" classname="ChessWithTDD.Tests.BoardInitialiserTests" runstate="Runnable" seed="1084595751" result="Passed" start-time="2017-05-21 17:11:39Z" end-time="2017-05-21 17:11:39Z" duration="0.026867" asserts="0" />
          <test-case id="0-1015" name="BoardWhitePawnRowSetupCorrectly" fullname="ChessWithTDD.Tests.BoardInitialiserTests.BoardWhitePawnRowSetupCorrectly" methodname="BoardWhitePawnRowSetupCorrectly" classname="ChessWithTDD.Tests.BoardInitialiserTests" runstate="Runnable" seed="1028732344" result="Passed" start-time="2017-05-21 17:11:39Z" end-time="2017-05-21 17:11:39Z" duration="0.132414" asserts="0" />
          <test-case id="0-1017" name="BoardWhiteRooksSetupCorrectly" fullname="ChessWithTDD.Tests.BoardInitialiserTests.BoardWhiteRooksSetupCorrectly" methodname="BoardWhiteRooksSetupCorrectly" classname="ChessWithTDD.Tests.BoardInitialiserTests" runstate="Runnable" seed="493456007" result="Passed" start-time="2017-05-21 17:11:39Z" end-time="2017-05-21 17:11:39Z" duration="0.023973" asserts="0" />
        </test-suite>
        <test-suite type="TestFixture" id="0-1249" name="BoardTests" fullname="ChessWithTDD.Tests.BoardTests" classname="ChessWithTDD.Tests.BoardTests" runstate="Runnable" testcasecount="23" result="Passed" start-time="2017-05-21 17:11:39Z" end-time="2017-05-21 17:11:40Z" duration="0.898473" total="23" passed="23" failed="0" warnings="0" inconclusive="0" skipped="0" asserts="27">
          <test-case id="0-1273" name="ApplyingMoveIncrementsTurnCounter" fullname="ChessWithTDD.Tests.BoardTests.ApplyingMoveIncrementsTurnCounter" methodname="ApplyingMoveIncrementsTurnCounter" classname="ChessWithTDD.Tests.BoardTests" runstate="Runnable" seed="413402464" result="Passed" start-time="2017-05-21 17:11:39Z" end-time="2017-05-21 17:11:39Z" duration="0.015470" asserts="1" />
          <test-suite type="ParameterizedMethod" id="0-1272" name="ApplyMoveAddsToAndFromSquaresToPendingUpdatesForBoard" fullname="ChessWithTDD.Tests.BoardTests.ApplyMoveAddsToAndFromSquaresToPendingUpdatesForBoard" classname="ChessWithTDD.Tests.BoardTests" runstate="Runnable" testcasecount="3" result="Passed" start-time="2017-05-21 17:11:39Z" end-time="2017-05-21 17:11:40Z" duration="0.118550" total="3" passed="3" failed="0" warnings="0" inconclusive="0" skipped="0" asserts="6">
            <test-case id="0-1269" name="ApplyMoveAddsToAndFromSquaresToPendingUpdatesForBoard(2,4,6,7)" fullname="ChessWithTDD.Tests.BoardTests.ApplyMoveAddsToAndFromSquaresToPendingUpdatesForBoard(2,4,6,7)" methodname="ApplyMoveAddsToAndFromSquaresToPendingUpdatesForBoard" classname="ChessWithTDD.Tests.BoardTests" runstate="Runnable" seed="527004911" result="Passed" start-time="2017-05-21 17:11:39Z" end-time="2017-05-21 17:11:40Z" duration="0.017912" asserts="2" />
            <test-case id="0-1270" name="ApplyMoveAddsToAndFromSquaresToPendingUpdatesForBoard(3,3,1,1)" fullname="ChessWithTDD.Tests.BoardTests.ApplyMoveAddsToAndFromSquaresToPendingUpdatesForBoard(3,3,1,1)" methodname="ApplyMoveAddsToAndFromSquaresToPendingUpdatesForBoard" classname="ChessWithTDD.Tests.BoardTests" runstate="Runnable" seed="1175803512" result="Passed" start-time="2017-05-21 17:11:40Z" end-time="2017-05-21 17:11:40Z" duration="0.009475" asserts="2" />
            <test-case id="0-1271" name="ApplyMoveAddsToAndFromSquaresToPendingUpdatesForBoard(1,3,1,5)" fullname="ChessWithTDD.Tests.BoardTests.ApplyMoveAddsToAndFromSquaresToPendingUpdatesForBoard(1,3,1,5)" methodname="ApplyMoveAddsToAndFromSquaresToPendingUpdatesForBoard" classname="ChessWithTDD.Tests.BoardTests" runstate="Runnable" seed="1003836698" result="Passed" start-time="2017-05-21 17:11:40Z" end-time="2017-05-21 17:11:40Z" duration="0.008378" asserts="2" />
          </test-suite>
          <test-suite type="ParameterizedMethod" id="0-1268" name="ApplyMoveToBoardChangesBoardStateCorrectly" fullname="ChessWithTDD.Tests.BoardTests.ApplyMoveToBoardChangesBoardStateCorrectly" classname="ChessWithTDD.Tests.BoardTests" runstate="Runnable" testcasecount="3" result="Passed" start-time="2017-05-21 17:11:40Z" end-time="2017-05-21 17:11:40Z" duration="0.115078" total="3" passed="3" failed="0" warnings="0" inconclusive="0" skipped="0" asserts="9">
            <test-case id="0-1265" name="ApplyMoveToBoardChangesBoardStateCorrectly(2,4,6,7)" fullname="ChessWithTDD.Tests.BoardTests.ApplyMoveToBoardChangesBoardStateCorrectly(2,4,6,7)" methodname="ApplyMoveToBoardChangesBoardStateCorrectly" classname="ChessWithTDD.Tests.BoardTests" runstate="Runnable" seed="406420128" result="Passed" start-time="2017-05-21 17:11:40Z" end-time="2017-05-21 17:11:40Z" duration="0.025173" asserts="3" />
            <test-case id="0-1266" name="ApplyMoveToBoardChangesBoardStateCorrectly(3,3,1,1)" fullname="ChessWithTDD.Tests.BoardTests.ApplyMoveToBoardChangesBoardStateCorrectly(3,3,1,1)" methodname="ApplyMoveToBoardChangesBoardStateCorrectly" classname="ChessWithTDD.Tests.BoardTests" runstate="Runnable" seed="600530070" result="Passed" start-time="2017-05-21 17:11:40Z" end-time="2017-05-21 17:11:40Z" duration="0.004093" asserts="3" />
            <test-case id="0-1267" name="ApplyMoveToBoardChangesBoardStateCorrectly(1,3,1,5)" fullname="ChessWithTDD.Tests.BoardTests.ApplyMoveToBoardChangesBoardStateCorrectly(1,3,1,5)" methodname="ApplyMoveToBoardChangesBoardStateCorrectly" classname="ChessWithTDD.Tests.BoardTests" runstate="Runnable" seed="1983730648" result="Passed" start-time="2017-05-21 17:11:40Z" end-time="2017-05-21 17:11:40Z" duration="0.006395" asserts="3" />
          </test-suite>
          <test-case id="0-1250" name="BoardIsInitialisedWithCorrectDimensions" fullname="ChessWithTDD.Tests.BoardTests.BoardIsInitialisedWithCorrectDimensions" methodname="BoardIsInitialisedWithCorrectDimensions" classname="ChessWithTDD.Tests.BoardTests" runstate="Runnable" seed="105497868" result="Passed" start-time="2017-05-21 17:11:40Z" end-time="2017-05-21 17:11:40Z" duration="0.005985" asserts="1" />
          <test-case id="0-1253" name="InitialiseBoardCacheIsCalledWhenCreatingABoardInstance" fullname="ChessWithTDD.Tests.BoardTests.InitialiseBoardCacheIsCalledWhenCreatingABoardInstance" methodname="InitialiseBoardCacheIsCalledWhenCreatingABoardInstance" classname="ChessWithTDD.Tests.BoardTests" runstate="Runnable" seed="657805670" result="Passed" start-time="2017-05-21 17:11:40Z" end-time="2017-05-21 17:11:40Z" duration="0.011238" asserts="0" />
          <test-case id="0-1252" name="InitialiseBoardIsCalledWhenCreatingABoardInstance" fullname="ChessWithTDD.Tests.BoardTests.InitialiseBoardIsCalledWhenCreatingABoardInstance" methodname="InitialiseBoardIsCalledWhenCreatingABoardInstance" classname="ChessWithTDD.Tests.BoardTests" runstate="Runnable" seed="229158802" result="Passed" start-time="2017-05-21 17:11:40Z" end-time="2017-05-21 17:11:40Z" duration="0.011973" asserts="0" />
          <test-case id="0-1255" name="MoveIsNotValidIfMoveValidatorReturnsFalse" fullname="ChessWithTDD.Tests.BoardTests.MoveIsNotValidIfMoveValidatorReturnsFalse" methodname="MoveIsNotValidIfMoveValidatorReturnsFalse" classname="ChessWithTDD.Tests.BoardTests" runstate="Runnable" seed="65746527" result="Passed" start-time="2017-05-21 17:11:40Z" end-time="2017-05-21 17:11:40Z" duration="0.015572" asserts="1" />
          <test-case id="0-1256" name="MoveIsNotValidIfMoveValidatorReturnsTrueButFromSquarePieceCannotMove" fullname="ChessWithTDD.Tests.BoardTests.MoveIsNotValidIfMoveValidatorReturnsTrueButFromSquarePieceCannotMove" methodname="MoveIsNotValidIfMoveValidatorReturnsTrueButFromSquarePieceCannotMove" classname="ChessWithTDD.Tests.BoardTests" runstate="Runnable" seed="774703817" result="Passed" start-time="2017-05-21 17:11:40Z" end-time="2017-05-21 17:11:40Z" duration="0.010360" asserts="1" />
          <test-case id="0-1257" name="MoveIsValidIfMoveValidatorReturnsTrueAndFromSquarePieceCanMove" fullname="ChessWithTDD.Tests.BoardTests.MoveIsValidIfMoveValidatorReturnsTrueAndFromSquarePieceCanMove" methodname="MoveIsValidIfMoveValidatorReturnsTrueAndFromSquarePieceCanMove" classname="ChessWithTDD.Tests.BoardTests" runstate="Runnable" seed="842278347" result="Passed" start-time="2017-05-21 17:11:40Z" end-time="2017-05-21 17:11:40Z" duration="0.007160" asserts="1" />
          <test-case id="0-1254" name="MoveValidatorIsCalledWhenMoveIsValidIsCalled" fullname="ChessWithTDD.Tests.BoardTests.MoveValidatorIsCalledWhenMoveIsValidIsCalled" methodname="MoveValidatorIsCalledWhenMoveIsValidIsCalled" classname="ChessWithTDD.Tests.BoardTests" runstate="Runnable" seed="197630790" result="Passed" start-time="2017-05-21 17:11:40Z" end-time="2017-05-21 17:11:40Z" duration="0.010458" asserts="0" />
          <test-case id="0-1251" name="SquareAtPositionFiveSixOnBoardHasRowFiveAndColSix" fullname="ChessWithTDD.Tests.BoardTests.SquareAtPositionFiveSixOnBoardHasRowFiveAndColSix" methodname="SquareAtPositionFiveSixOnBoardHasRowFiveAndColSix" classname="ChessWithTDD.Tests.BoardTests" runstate="Runnable" seed="278804336" result="Passed" start-time="2017-05-21 17:11:40Z" end-time="2017-05-21 17:11:40Z" duration="0.003871" asserts="1" />
          <test-case id="0-1274" name="TestOrderingOfCallsInApplyMethod" fullname="ChessWithTDD.Tests.BoardTests.TestOrderingOfCallsInApplyMethod" methodname="TestOrderingOfCallsInApplyMethod" classname="ChessWithTDD.Tests.BoardTests" runstate="Runnable" seed="1975465831" result="Passed" start-time="2017-05-21 17:11:40Z" end-time="2017-05-21 17:11:40Z" duration="0.058492" asserts="4" />
          <test-case id="0-1259" name="WhenApplyMoveIsCalledAndFromSquareContainsAnyPieceDoNotCallPawnManager" fullname="ChessWithTDD.Tests.BoardTests.WhenApplyMoveIsCalledAndFromSquareContainsAnyPieceDoNotCallPawnManager" methodname="WhenApplyMoveIsCalledAndFromSquareContainsAnyPieceDoNotCallPawnManager" classname="ChessWithTDD.Tests.BoardTests" runstate="Runnable" seed="1488037439" result="Passed" start-time="2017-05-21 17:11:40Z" end-time="2017-05-21 17:11:40Z" duration="0.005471" asserts="0" />
          <test-case id="0-1258" name="WhenApplyMoveIsCalledAndFromSquareContainsAPawnCallPawnManager" fullname="ChessWithTDD.Tests.BoardTests.WhenApplyMoveIsCalledAndFromSquareContainsAPawnCallPawnManager" methodname="WhenApplyMoveIsCalledAndFromSquareContainsAPawnCallPawnManager" classname="ChessWithTDD.Tests.BoardTests" runstate="Runnable" seed="835853411" result="Passed" start-time="2017-05-21 17:11:40Z" end-time="2017-05-21 17:11:40Z" duration="0.004748" asserts="0" />
          <test-case id="0-1263" name="WhenApplyMoveIsCalledBoardCacheUpdatesBlackKingSquareIfBlackKingInFromSquareIsCalled" fullname="ChessWithTDD.Tests.BoardTests.WhenApplyMoveIsCalledBoardCacheUpdatesBlackKingSquareIfBlackKingInFromSquareIsCalled" methodname="WhenApplyMoveIsCalledBoardCacheUpdatesBlackKingSquareIfBlackKingInFromSquareIsCalled" classname="ChessWithTDD.Tests.BoardTests" runstate="Runnable" seed="1860395471" result="Passed" start-time="2017-05-21 17:11:40Z" end-time="2017-05-21 17:11:40Z" duration="0.005924" asserts="1" />
          <test-case id="0-1264" name="WhenApplyMoveIsCalledBoardCacheUpdatesWhiteKingSquareIfWhiteKingInFromSquareIsCalled" fullname="ChessWithTDD.Tests.BoardTests.WhenApplyMoveIsCalledBoardCacheUpdatesWhiteKingSquareIfWhiteKingInFromSquareIsCalled" methodname="WhenApplyMoveIsCalledBoardCacheUpdatesWhiteKingSquareIfWhiteKingInFromSquareIsCalled" classname="ChessWithTDD.Tests.BoardTests" runstate="Runnable" seed="782845354" result="Passed" start-time="2017-05-21 17:11:40Z" end-time="2017-05-21 17:11:40Z" duration="0.009068" asserts="1" />
          <test-case id="0-1260" name="WhenApplyMoveIsCalledUnmarkEnPassantSquaresIsCalledWithTurnCounter" fullname="ChessWithTDD.Tests.BoardTests.WhenApplyMoveIsCalledUnmarkEnPassantSquaresIsCalledWithTurnCounter" methodname="WhenApplyMoveIsCalledUnmarkEnPassantSquaresIsCalledWithTurnCounter" classname="ChessWithTDD.Tests.BoardTests" runstate="Runnable" seed="147353001" result="Passed" start-time="2017-05-21 17:11:40Z" end-time="2017-05-21 17:11:40Z" duration="0.012455" asserts="0" />
          <test-case id="0-1261" name="WhenApplyMoveIsCalledUpdateBoardCacheIsCalled" fullname="ChessWithTDD.Tests.BoardTests.WhenApplyMoveIsCalledUpdateBoardCacheIsCalled" methodname="WhenApplyMoveIsCalledUpdateBoardCacheIsCalled" classname="ChessWithTDD.Tests.BoardTests" runstate="Runnable" seed="292815810" result="Passed" start-time="2017-05-21 17:11:40Z" end-time="2017-05-21 17:11:40Z" duration="0.012801" asserts="0" />
          <test-case id="0-1262" name="WhenApplyMoveIsCalledUpdateCheckStatesIsCalled" fullname="ChessWithTDD.Tests.BoardTests.WhenApplyMoveIsCalledUpdateCheckStatesIsCalled" methodname="WhenApplyMoveIsCalledUpdateCheckStatesIsCalled" classname="ChessWithTDD.Tests.BoardTests" runstate="Runnable" seed="1631738119" result="Passed" start-time="2017-05-21 17:11:40Z" end-time="2017-05-21 17:11:40Z" duration="0.016384" asserts="0" />
        </test-suite>
        <test-suite type="TestFixture" id="0-1026" name="CheckManagerTests" fullname="ChessWithTDD.Tests.CheckManagerTests" classname="ChessWithTDD.Tests.CheckManagerTests" runstate="Runnable" testcasecount="8" result="Passed" start-time="2017-05-21 17:11:40Z" end-time="2017-05-21 17:11:41Z" duration="0.269933" total="8" passed="8" failed="0" warnings="0" inconclusive="0" skipped="0" asserts="0">
          <test-case id="0-1031" name="IfBlackPieceMovedToCheckTheWhiteKingThenBoardAndWhiteKingPutInCheckState" fullname="ChessWithTDD.Tests.CheckManagerTests.IfBlackPieceMovedToCheckTheWhiteKingThenBoardAndWhiteKingPutInCheckState" methodname="IfBlackPieceMovedToCheckTheWhiteKingThenBoardAndWhiteKingPutInCheckState" classname="ChessWithTDD.Tests.CheckManagerTests" runstate="Runnable" seed="1258242300" result="Passed" start-time="2017-05-21 17:11:40Z" end-time="2017-05-21 17:11:40Z" duration="0.048903" asserts="0" />
          <test-suite type="ParameterizedMethod" id="0-1034" name="IfBlackPieceMovedToCheckTheWhiteKingThenCheckMateManagerCalledAndBoardCheckMateStateSetToValue" fullname="ChessWithTDD.Tests.CheckManagerTests.IfBlackPieceMovedToCheckTheWhiteKingThenCheckMateManagerCalledAndBoardCheckMateStateSetToValue" classname="ChessWithTDD.Tests.CheckManagerTests" runstate="Runnable" testcasecount="2" result="Passed" start-time="2017-05-21 17:11:40Z" end-time="2017-05-21 17:11:40Z" duration="0.015025" total="2" passed="2" failed="0" warnings="0" inconclusive="0" skipped="0" asserts="0">
            <test-case id="0-1032" name="IfBlackPieceMovedToCheckTheWhiteKingThenCheckMateManagerCalledAndBoardCheckMateStateSetToValue(True)" fullname="ChessWithTDD.Tests.CheckManagerTests.IfBlackPieceMovedToCheckTheWhiteKingThenCheckMateManagerCalledAndBoardCheckMateStateSetToValue(True)" methodname="IfBlackPieceMovedToCheckTheWhiteKingThenCheckMateManagerCalledAndBoardCheckMateStateSetToValue" classname="ChessWithTDD.Tests.CheckManagerTests" runstate="Runnable" seed="1601817692" result="Passed" start-time="2017-05-21 17:11:40Z" end-time="2017-05-21 17:11:40Z" duration="0.005580" asserts="0" />
            <test-case id="0-1033" name="IfBlackPieceMovedToCheckTheWhiteKingThenCheckMateManagerCalledAndBoardCheckMateStateSetToValue(False)" fullname="ChessWithTDD.Tests.CheckManagerTests.IfBlackPieceMovedToCheckTheWhiteKingThenCheckMateManagerCalledAndBoardCheckMateStateSetToValue(False)" methodname="IfBlackPieceMovedToCheckTheWhiteKingThenCheckMateManagerCalledAndBoardCheckMateStateSetToValue" classname="ChessWithTDD.Tests.CheckManagerTests" runstate="Runnable" seed="1085689849" result="Passed" start-time="2017-05-21 17:11:40Z" end-time="2017-05-21 17:11:40Z" duration="0.002339" asserts="0" />
          </test-suite>
          <test-case id="0-1036" name="IfBoardAndBlackKingInCheckStateRemoveCheckStates" fullname="ChessWithTDD.Tests.CheckManagerTests.IfBoardAndBlackKingInCheckStateRemoveCheckStates" methodname="IfBoardAndBlackKingInCheckStateRemoveCheckStates" classname="ChessWithTDD.Tests.CheckManagerTests" runstate="Runnable" seed="206574342" result="Passed" start-time="2017-05-21 17:11:40Z" end-time="2017-05-21 17:11:40Z" duration="0.006678" asserts="0" />
          <test-case id="0-1035" name="IfBoardAndWhiteKingInCheckStateRemoveCheckStates" fullname="ChessWithTDD.Tests.CheckManagerTests.IfBoardAndWhiteKingInCheckStateRemoveCheckStates" methodname="IfBoardAndWhiteKingInCheckStateRemoveCheckStates" classname="ChessWithTDD.Tests.CheckManagerTests" runstate="Runnable" seed="1850809463" result="Passed" start-time="2017-05-21 17:11:40Z" end-time="2017-05-21 17:11:40Z" duration="0.004661" asserts="0" />
          <test-case id="0-1027" name="IfWhitePieceMovedToCheckTheBlackKingThenBoardAndBlackKingPutInCheckState" fullname="ChessWithTDD.Tests.CheckManagerTests.IfWhitePieceMovedToCheckTheBlackKingThenBoardAndBlackKingPutInCheckState" methodname="IfWhitePieceMovedToCheckTheBlackKingThenBoardAndBlackKingPutInCheckState" classname="ChessWithTDD.Tests.CheckManagerTests" runstate="Runnable" seed="417818566" result="Passed" start-time="2017-05-21 17:11:41Z" end-time="2017-05-21 17:11:41Z" duration="0.008602" asserts="0" />
          <test-suite type="ParameterizedMethod" id="0-1030" name="IfWhitePieceMovedToCheckTheBlackKingThenCheckMateManagerCalledAndBoardCheckMateStateSetToValue" fullname="ChessWithTDD.Tests.CheckManagerTests.IfWhitePieceMovedToCheckTheBlackKingThenCheckMateManagerCalledAndBoardCheckMateStateSetToValue" classname="ChessWithTDD.Tests.CheckManagerTests" runstate="Runnable" testcasecount="2" result="Passed" start-time="2017-05-21 17:11:41Z" end-time="2017-05-21 17:11:41Z" duration="0.055912" total="2" passed="2" failed="0" warnings="0" inconclusive="0" skipped="0" asserts="0">
            <test-case id="0-1028" name="IfWhitePieceMovedToCheckTheBlackKingThenCheckMateManagerCalledAndBoardCheckMateStateSetToValue(True)" fullname="ChessWithTDD.Tests.CheckManagerTests.IfWhitePieceMovedToCheckTheBlackKingThenCheckMateManagerCalledAndBoardCheckMateStateSetToValue(True)" methodname="IfWhitePieceMovedToCheckTheBlackKingThenCheckMateManagerCalledAndBoardCheckMateStateSetToValue" classname="ChessWithTDD.Tests.CheckManagerTests" runstate="Runnable" seed="1402366841" result="Passed" start-time="2017-05-21 17:11:41Z" end-time="2017-05-21 17:11:41Z" duration="0.015053" asserts="0" />
            <test-case id="0-1029" name="IfWhitePieceMovedToCheckTheBlackKingThenCheckMateManagerCalledAndBoardCheckMateStateSetToValue(False)" fullname="ChessWithTDD.Tests.CheckManagerTests.IfWhitePieceMovedToCheckTheBlackKingThenCheckMateManagerCalledAndBoardCheckMateStateSetToValue(False)" methodname="IfWhitePieceMovedToCheckTheBlackKingThenCheckMateManagerCalledAndBoardCheckMateStateSetToValue" classname="ChessWithTDD.Tests.CheckManagerTests" runstate="Runnable" seed="8567935" result="Passed" start-time="2017-05-21 17:11:41Z" end-time="2017-05-21 17:11:41Z" duration="0.010722" asserts="0" />
          </test-suite>
        </test-suite>
        <test-suite type="TestFixture" id="0-1037" name="CheckMateEscapeManagerTests" fullname="ChessWithTDD.Tests.CheckMateEscapeManagerTests" classname="ChessWithTDD.Tests.CheckMateEscapeManagerTests" runstate="Runnable" testcasecount="39" result="Passed" start-time="2017-05-21 17:11:41Z" end-time="2017-05-21 17:11:42Z" duration="1.397664" total="39" passed="39" failed="0" warnings="0" inconclusive="0" skipped="0" asserts="39">
          <test-case id="0-1048" name="IfAFriendlySquareCanTakeTheThreateningPieceReturnTrue" fullname="ChessWithTDD.Tests.CheckMateEscapeManagerTests.IfAFriendlySquareCanTakeTheThreateningPieceReturnTrue" methodname="IfAFriendlySquareCanTakeTheThreateningPieceReturnTrue" classname="ChessWithTDD.Tests.CheckMateEscapeManagerTests" runstate="Runnable" seed="1619905587" result="Passed" start-time="2017-05-21 17:11:41Z" end-time="2017-05-21 17:11:41Z" duration="0.002944" asserts="1" />
          <test-suite type="ParameterizedMethod" id="0-1073" name="IfFriendlyPieceCanInterceptThreateningPieceThenReturnTrue" fullname="ChessWithTDD.Tests.CheckMateEscapeManagerTests.IfFriendlyPieceCanInterceptThreateningPieceThenReturnTrue" classname="ChessWithTDD.Tests.CheckMateEscapeManagerTests" runstate="Runnable" testcasecount="8" result="Passed" start-time="2017-05-21 17:11:41Z" end-time="2017-05-21 17:11:41Z" duration="0.263579" total="8" passed="8" failed="0" warnings="0" inconclusive="0" skipped="0" asserts="8">
            <test-case id="0-1065" name="IfFriendlyPieceCanInterceptThreateningPieceThenReturnTrue(3,2,3,7,3,5)" fullname="ChessWithTDD.Tests.CheckMateEscapeManagerTests.IfFriendlyPieceCanInterceptThreateningPieceThenReturnTrue(3,2,3,7,3,5)" methodname="IfFriendlyPieceCanInterceptThreateningPieceThenReturnTrue" classname="ChessWithTDD.Tests.CheckMateEscapeManagerTests" runstate="Runnable" seed="1351277615" result="Passed" start-time="2017-05-21 17:11:41Z" end-time="2017-05-21 17:11:41Z" duration="0.023604" asserts="1" />
            <test-case id="0-1066" name="IfFriendlyPieceCanInterceptThreateningPieceThenReturnTrue(3,6,3,0,3,2)" fullname="ChessWithTDD.Tests.CheckMateEscapeManagerTests.IfFriendlyPieceCanInterceptThreateningPieceThenReturnTrue(3,6,3,0,3,2)" methodname="IfFriendlyPieceCanInterceptThreateningPieceThenReturnTrue" classname="ChessWithTDD.Tests.CheckMateEscapeManagerTests" runstate="Runnable" seed="203061356" result="Passed" start-time="2017-05-21 17:11:41Z" end-time="2017-05-21 17:11:41Z" duration="0.006130" asserts="1" />
            <test-case id="0-1067" name="IfFriendlyPieceCanInterceptThreateningPieceThenReturnTrue(2,2,6,2,4,2)" fullname="ChessWithTDD.Tests.CheckMateEscapeManagerTests.IfFriendlyPieceCanInterceptThreateningPieceThenReturnTrue(2,2,6,2,4,2)" methodname="IfFriendlyPieceCanInterceptThreateningPieceThenReturnTrue" classname="ChessWithTDD.Tests.CheckMateEscapeManagerTests" runstate="Runnable" seed="505469729" result="Passed" start-time="2017-05-21 17:11:41Z" end-time="2017-05-21 17:11:41Z" duration="0.009507" asserts="1" />
            <test-case id="0-1068" name="IfFriendlyPieceCanInterceptThreateningPieceThenReturnTrue(5,2,2,2,3,2)" fullname="ChessWithTDD.Tests.CheckMateEscapeManagerTests.IfFriendlyPieceCanInterceptThreateningPieceThenReturnTrue(5,2,2,2,3,2)" methodname="IfFriendlyPieceCanInterceptThreateningPieceThenReturnTrue" classname="ChessWithTDD.Tests.CheckMateEscapeManagerTests" runstate="Runnable" seed="153463014" result="Passed" start-time="2017-05-21 17:11:41Z" end-time="2017-05-21 17:11:41Z" duration="0.011298" asserts="1" />
            <test-case id="0-1069" name="IfFriendlyPieceCanInterceptThreateningPieceThenReturnTrue(2,5,5,2,4,3)" fullname="ChessWithTDD.Tests.CheckMateEscapeManagerTests.IfFriendlyPieceCanInterceptThreateningPieceThenReturnTrue(2,5,5,2,4,3)" methodname="IfFriendlyPieceCanInterceptThreateningPieceThenReturnTrue" classname="ChessWithTDD.Tests.CheckMateEscapeManagerTests" runstate="Runnable" seed="83008874" result="Passed" start-time="2017-05-21 17:11:41Z" end-time="2017-05-21 17:11:41Z" duration="0.006258" asserts="1" />
            <test-case id="0-1070" name="IfFriendlyPieceCanInterceptThreateningPieceThenReturnTrue(2,3,5,6,4,5)" fullname="ChessWithTDD.Tests.CheckMateEscapeManagerTests.IfFriendlyPieceCanInterceptThreateningPieceThenReturnTrue(2,3,5,6,4,5)" methodname="IfFriendlyPieceCanInterceptThreateningPieceThenReturnTrue" classname="ChessWithTDD.Tests.CheckMateEscapeManagerTests" runstate="Runnable" seed="489656368" result="Passed" start-time="2017-05-21 17:11:41Z" end-time="2017-05-21 17:11:41Z" duration="0.006193" asserts="1" />
            <test-case id="0-1071" name="IfFriendlyPieceCanInterceptThreateningPieceThenReturnTrue(5,5,2,2,3,3)" fullname="ChessWithTDD.Tests.CheckMateEscapeManagerTests.IfFriendlyPieceCanInterceptThreateningPieceThenReturnTrue(5,5,2,2,3,3)" methodname="IfFriendlyPieceCanInterceptThreateningPieceThenReturnTrue" classname="ChessWithTDD.Tests.CheckMateEscapeManagerTests" runstate="Runnable" seed="1751792322" result="Passed" start-time="2017-05-21 17:11:41Z" end-time="2017-05-21 17:11:41Z" duration="0.006360" asserts="1" />
            <test-case id="0-1072" name="IfFriendlyPieceCanInterceptThreateningPieceThenReturnTrue(5,2,2,5,3,4)" fullname="ChessWithTDD.Tests.CheckMateEscapeManagerTests.IfFriendlyPieceCanInterceptThreateningPieceThenReturnTrue(5,2,2,5,3,4)" methodname="IfFriendlyPieceCanInterceptThreateningPieceThenReturnTrue" classname="ChessWithTDD.Tests.CheckMateEscapeManagerTests" runstate="Runnable" seed="1437606656" result="Passed" start-time="2017-05-21 17:11:41Z" end-time="2017-05-21 17:11:41Z" duration="0.006503" asserts="1" />
          </test-suite>
          <test-suite type="ParameterizedMethod" id="0-1082" name="IfNoFriendlyPieceCanInterceptThreateningPieceThenReturnFalse" fullname="ChessWithTDD.Tests.CheckMateEscapeManagerTests.IfNoFriendlyPieceCanInterceptThreateningPieceThenReturnFalse" classname="ChessWithTDD.Tests.CheckMateEscapeManagerTests" runstate="Runnable" testcasecount="8" result="Passed" start-time="2017-05-21 17:11:41Z" end-time="2017-05-21 17:11:41Z" duration="0.264969" total="8" passed="8" failed="0" warnings="0" inconclusive="0" skipped="0" asserts="8">
            <test-case id="0-1074" name="IfNoFriendlyPieceCanInterceptThreateningPieceThenReturnFalse(3,2,3,7,3,5)" fullname="ChessWithTDD.Tests.CheckMateEscapeManagerTests.IfNoFriendlyPieceCanInterceptThreateningPieceThenReturnFalse(3,2,3,7,3,5)" methodname="IfNoFriendlyPieceCanInterceptThreateningPieceThenReturnFalse" classname="ChessWithTDD.Tests.CheckMateEscapeManagerTests" runstate="Runnable" seed="1470121994" result="Passed" start-time="2017-05-21 17:11:41Z" end-time="2017-05-21 17:11:41Z" duration="0.008477" asserts="1" />
            <test-case id="0-1075" name="IfNoFriendlyPieceCanInterceptThreateningPieceThenReturnFalse(3,6,3,0,3,2)" fullname="ChessWithTDD.Tests.CheckMateEscapeManagerTests.IfNoFriendlyPieceCanInterceptThreateningPieceThenReturnFalse(3,6,3,0,3,2)" methodname="IfNoFriendlyPieceCanInterceptThreateningPieceThenReturnFalse" classname="ChessWithTDD.Tests.CheckMateEscapeManagerTests" runstate="Runnable" seed="1947869361" result="Passed" start-time="2017-05-21 17:11:41Z" end-time="2017-05-21 17:11:41Z" duration="0.006652" asserts="1" />
            <test-case id="0-1076" name="IfNoFriendlyPieceCanInterceptThreateningPieceThenReturnFalse(2,2,6,2,4,2)" fullname="ChessWithTDD.Tests.CheckMateEscapeManagerTests.IfNoFriendlyPieceCanInterceptThreateningPieceThenReturnFalse(2,2,6,2,4,2)" methodname="IfNoFriendlyPieceCanInterceptThreateningPieceThenReturnFalse" classname="ChessWithTDD.Tests.CheckMateEscapeManagerTests" runstate="Runnable" seed="358940049" result="Passed" start-time="2017-05-21 17:11:41Z" end-time="2017-05-21 17:11:41Z" duration="0.008160" asserts="1" />
            <test-case id="0-1077" name="IfNoFriendlyPieceCanInterceptThreateningPieceThenReturnFalse(5,2,2,2,3,2)" fullname="ChessWithTDD.Tests.CheckMateEscapeManagerTests.IfNoFriendlyPieceCanInterceptThreateningPieceThenReturnFalse(5,2,2,2,3,2)" methodname="IfNoFriendlyPieceCanInterceptThreateningPieceThenReturnFalse" classname="ChessWithTDD.Tests.CheckMateEscapeManagerTests" runstate="Runnable" seed="766119175" result="Passed" start-time="2017-05-21 17:11:41Z" end-time="2017-05-21 17:11:41Z" duration="0.009186" asserts="1" />
            <test-case id="0-1078" name="IfNoFriendlyPieceCanInterceptThreateningPieceThenReturnFalse(2,5,5,2,4,3)" fullname="ChessWithTDD.Tests.CheckMateEscapeManagerTests.IfNoFriendlyPieceCanInterceptThreateningPieceThenReturnFalse(2,5,5,2,4,3)" methodname="IfNoFriendlyPieceCanInterceptThreateningPieceThenReturnFalse" classname="ChessWithTDD.Tests.CheckMateEscapeManagerTests" runstate="Runnable" seed="1474713278" result="Passed" start-time="2017-05-21 17:11:41Z" end-time="2017-05-21 17:11:41Z" duration="0.011361" asserts="1" />
            <test-case id="0-1079" name="IfNoFriendlyPieceCanInterceptThreateningPieceThenReturnFalse(2,3,5,6,4,5)" fullname="ChessWithTDD.Tests.CheckMateEscapeManagerTests.IfNoFriendlyPieceCanInterceptThreateningPieceThenReturnFalse(2,3,5,6,4,5)" methodname="IfNoFriendlyPieceCanInterceptThreateningPieceThenReturnFalse" classname="ChessWithTDD.Tests.CheckMateEscapeManagerTests" runstate="Runnable" seed="427938623" result="Passed" start-time="2017-05-21 17:11:41Z" end-time="2017-05-21 17:11:41Z" duration="0.011891" asserts="1" />
            <test-case id="0-1080" name="IfNoFriendlyPieceCanInterceptThreateningPieceThenReturnFalse(5,5,2,2,3,3)" fullname="ChessWithTDD.Tests.CheckMateEscapeManagerTests.IfNoFriendlyPieceCanInterceptThreateningPieceThenReturnFalse(5,5,2,2,3,3)" methodname="IfNoFriendlyPieceCanInterceptThreateningPieceThenReturnFalse" classname="ChessWithTDD.Tests.CheckMateEscapeManagerTests" runstate="Runnable" seed="1064874990" result="Passed" start-time="2017-05-21 17:11:41Z" end-time="2017-05-21 17:11:41Z" duration="0.012782" asserts="1" />
            <test-case id="0-1081" name="IfNoFriendlyPieceCanInterceptThreateningPieceThenReturnFalse(5,2,2,5,3,4)" fullname="ChessWithTDD.Tests.CheckMateEscapeManagerTests.IfNoFriendlyPieceCanInterceptThreateningPieceThenReturnFalse(5,2,2,5,3,4)" methodname="IfNoFriendlyPieceCanInterceptThreateningPieceThenReturnFalse" classname="ChessWithTDD.Tests.CheckMateEscapeManagerTests" runstate="Runnable" seed="87478511" result="Passed" start-time="2017-05-21 17:11:41Z" end-time="2017-05-21 17:11:41Z" duration="0.007787" asserts="1" />
          </test-suite>
          <test-case id="0-1049" name="IfNoFriendlySquareCanTakeTheThreateningPieceReturnFalse" fullname="ChessWithTDD.Tests.CheckMateEscapeManagerTests.IfNoFriendlySquareCanTakeTheThreateningPieceReturnFalse" methodname="IfNoFriendlySquareCanTakeTheThreateningPieceReturnFalse" classname="ChessWithTDD.Tests.CheckMateEscapeManagerTests" runstate="Runnable" seed="1069974885" result="Passed" start-time="2017-05-21 17:11:41Z" end-time="2017-05-21 17:11:41Z" duration="0.004179" asserts="1" />
          <test-case id="0-1047" name="IfNoMoveIsValidForKingThenReturnFalse" fullname="ChessWithTDD.Tests.CheckMateEscapeManagerTests.IfNoMoveIsValidForKingThenReturnFalse" methodname="IfNoMoveIsValidForKingThenReturnFalse" classname="ChessWithTDD.Tests.CheckMateEscapeManagerTests" runstate="Runnable" seed="1377376834" result="Passed" start-time="2017-05-21 17:11:41Z" end-time="2017-05-21 17:11:41Z" duration="0.007487" asserts="1" />
          <test-suite type="ParameterizedMethod" id="0-1046" name="IfThereIsAValidMoveForKingThenReturnTrue" fullname="ChessWithTDD.Tests.CheckMateEscapeManagerTests.IfThereIsAValidMoveForKingThenReturnTrue" classname="ChessWithTDD.Tests.CheckMateEscapeManagerTests" runstate="Runnable" testcasecount="8" result="Passed" start-time="2017-05-21 17:11:41Z" end-time="2017-05-21 17:11:42Z" duration="0.252634" total="8" passed="8" failed="0" warnings="0" inconclusive="0" skipped="0" asserts="8">
            <test-case id="0-1038" name="IfThereIsAValidMoveForKingThenReturnTrue(3,3,3,4)" fullname="ChessWithTDD.Tests.CheckMateEscapeManagerTests.IfThereIsAValidMoveForKingThenReturnTrue(3,3,3,4)" methodname="IfThereIsAValidMoveForKingThenReturnTrue" classname="ChessWithTDD.Tests.CheckMateEscapeManagerTests" runstate="Runnable" seed="2022568238" result="Passed" start-time="2017-05-21 17:11:41Z" end-time="2017-05-21 17:11:41Z" duration="0.007573" asserts="1" />
            <test-case id="0-1039" name="IfThereIsAValidMoveForKingThenReturnTrue(3,3,3,2)" fullname="ChessWithTDD.Tests.CheckMateEscapeManagerTests.IfThereIsAValidMoveForKingThenReturnTrue(3,3,3,2)" methodname="IfThereIsAValidMoveForKingThenReturnTrue" classname="ChessWithTDD.Tests.CheckMateEscapeManagerTests" runstate="Runnable" seed="1570085235" result="Passed" start-time="2017-05-21 17:11:41Z" end-time="2017-05-21 17:11:41Z" duration="0.004491" asserts="1" />
            <test-case id="0-1040" name="IfThereIsAValidMoveForKingThenReturnTrue(3,3,4,3)" fullname="ChessWithTDD.Tests.CheckMateEscapeManagerTests.IfThereIsAValidMoveForKingThenReturnTrue(3,3,4,3)" methodname="IfThereIsAValidMoveForKingThenReturnTrue" classname="ChessWithTDD.Tests.CheckMateEscapeManagerTests" runstate="Runnable" seed="1411890542" result="Passed" start-time="2017-05-21 17:11:41Z" end-time="2017-05-21 17:11:41Z" duration="0.005159" asserts="1" />
            <test-case id="0-1041" name="IfThereIsAValidMoveForKingThenReturnTrue(3,3,2,3)" fullname="ChessWithTDD.Tests.CheckMateEscapeManagerTests.IfThereIsAValidMoveForKingThenReturnTrue(3,3,2,3)" methodname="IfThereIsAValidMoveForKingThenReturnTrue" classname="ChessWithTDD.Tests.CheckMateEscapeManagerTests" runstate="Runnable" seed="1174138917" result="Passed" start-time="2017-05-21 17:11:41Z" end-time="2017-05-21 17:11:41Z" duration="0.005273" asserts="1" />
            <test-case id="0-1042" name="IfThereIsAValidMoveForKingThenReturnTrue(3,3,4,4)" fullname="ChessWithTDD.Tests.CheckMateEscapeManagerTests.IfThereIsAValidMoveForKingThenReturnTrue(3,3,4,4)" methodname="IfThereIsAValidMoveForKingThenReturnTrue" classname="ChessWithTDD.Tests.CheckMateEscapeManagerTests" runstate="Runnable" seed="30119946" result="Passed" start-time="2017-05-21 17:11:41Z" end-time="2017-05-21 17:11:41Z" duration="0.007384" asserts="1" />
            <test-case id="0-1043" name="IfThereIsAValidMoveForKingThenReturnTrue(3,3,2,2)" fullname="ChessWithTDD.Tests.CheckMateEscapeManagerTests.IfThereIsAValidMoveForKingThenReturnTrue(3,3,2,2)" methodname="IfThereIsAValidMoveForKingThenReturnTrue" classname="ChessWithTDD.Tests.CheckMateEscapeManagerTests" runstate="Runnable" seed="1895163811" result="Passed" start-time="2017-05-21 17:11:41Z" end-time="2017-05-21 17:11:41Z" duration="0.005663" asserts="1" />
            <test-case id="0-1044" name="IfThereIsAValidMoveForKingThenReturnTrue(3,3,4,2)" fullname="ChessWithTDD.Tests.CheckMateEscapeManagerTests.IfThereIsAValidMoveForKingThenReturnTrue(3,3,4,2)" methodname="IfThereIsAValidMoveForKingThenReturnTrue" classname="ChessWithTDD.Tests.CheckMateEscapeManagerTests" runstate="Runnable" seed="1537826060" result="Passed" start-time="2017-05-21 17:11:42Z" end-time="2017-05-21 17:11:42Z" duration="0.007918" asserts="1" />
            <test-case id="0-1045" name="IfThereIsAValidMoveForKingThenReturnTrue(3,3,2,4)" fullname="ChessWithTDD.Tests.CheckMateEscapeManagerTests.IfThereIsAValidMoveForKingThenReturnTrue(3,3,2,4)" methodname="IfThereIsAValidMoveForKingThenReturnTrue" classname="ChessWithTDD.Tests.CheckMateEscapeManagerTests" runstate="Runnable" seed="1963121544" result="Passed" start-time="2017-05-21 17:11:42Z" end-time="2017-05-21 17:11:42Z" duration="0.008171" asserts="1" />
          </test-suite>
          <test-suite type="ParameterizedMethod" id="0-1052" name="IfTheThreateningPieceIsAKnightButNotAdjacentItIsUnblockable" fullname="ChessWithTDD.Tests.CheckMateEscapeManagerTests.IfTheThreateningPieceIsAKnightButNotAdjacentItIsUnblockable" classname="ChessWithTDD.Tests.CheckMateEscapeManagerTests" runstate="Runnable" testcasecount="2" result="Passed" start-time="2017-05-21 17:11:42Z" end-time="2017-05-21 17:11:42Z" duration="0.098734" total="2" passed="2" failed="0" warnings="0" inconclusive="0" skipped="0" asserts="2">
            <test-case id="0-1050" name="IfTheThreateningPieceIsAKnightButNotAdjacentItIsUnblockable(3,3,5,5)" fullname="ChessWithTDD.Tests.CheckMateEscapeManagerTests.IfTheThreateningPieceIsAKnightButNotAdjacentItIsUnblockable(3,3,5,5)" methodname="IfTheThreateningPieceIsAKnightButNotAdjacentItIsUnblockable" classname="ChessWithTDD.Tests.CheckMateEscapeManagerTests" runstate="Runnable" seed="156609902" result="Passed" start-time="2017-05-21 17:11:42Z" end-time="2017-05-21 17:11:42Z" duration="0.039884" asserts="1" />
            <test-case id="0-1051" name="IfTheThreateningPieceIsAKnightButNotAdjacentItIsUnblockable(4,4,2,3)" fullname="ChessWithTDD.Tests.CheckMateEscapeManagerTests.IfTheThreateningPieceIsAKnightButNotAdjacentItIsUnblockable(4,4,2,3)" methodname="IfTheThreateningPieceIsAKnightButNotAdjacentItIsUnblockable" classname="ChessWithTDD.Tests.CheckMateEscapeManagerTests" runstate="Runnable" seed="1688284885" result="Passed" start-time="2017-05-21 17:11:42Z" end-time="2017-05-21 17:11:42Z" duration="0.002115" asserts="1" />
          </test-suite>
          <test-suite type="ParameterizedMethod" id="0-1064" name="IfTheThreateningPieceNotAKnightAndNotAdjacentItIsNotUnblockable" fullname="ChessWithTDD.Tests.CheckMateEscapeManagerTests.IfTheThreateningPieceNotAKnightAndNotAdjacentItIsNotUnblockable" classname="ChessWithTDD.Tests.CheckMateEscapeManagerTests" runstate="Runnable" testcasecount="2" result="Passed" start-time="2017-05-21 17:11:42Z" end-time="2017-05-21 17:11:42Z" duration="0.068225" total="2" passed="2" failed="0" warnings="0" inconclusive="0" skipped="0" asserts="2">
            <test-case id="0-1062" name="IfTheThreateningPieceNotAKnightAndNotAdjacentItIsNotUnblockable(3,3,5,5)" fullname="ChessWithTDD.Tests.CheckMateEscapeManagerTests.IfTheThreateningPieceNotAKnightAndNotAdjacentItIsNotUnblockable(3,3,5,5)" methodname="IfTheThreateningPieceNotAKnightAndNotAdjacentItIsNotUnblockable" classname="ChessWithTDD.Tests.CheckMateEscapeManagerTests" runstate="Runnable" seed="1756050239" result="Passed" start-time="2017-05-21 17:11:42Z" end-time="2017-05-21 17:11:42Z" duration="0.010147" asserts="1" />
            <test-case id="0-1063" name="IfTheThreateningPieceNotAKnightAndNotAdjacentItIsNotUnblockable(4,4,2,3)" fullname="ChessWithTDD.Tests.CheckMateEscapeManagerTests.IfTheThreateningPieceNotAKnightAndNotAdjacentItIsNotUnblockable(4,4,2,3)" methodname="IfTheThreateningPieceNotAKnightAndNotAdjacentItIsNotUnblockable" classname="ChessWithTDD.Tests.CheckMateEscapeManagerTests" runstate="Runnable" seed="205825621" result="Passed" start-time="2017-05-21 17:11:42Z" end-time="2017-05-21 17:11:42Z" duration="0.003008" asserts="1" />
          </test-suite>
          <test-suite type="ParameterizedMethod" id="0-1061" name="IfTheThreateningPieceNotAKnightButIsAdjacentItIsUnblockable" fullname="ChessWithTDD.Tests.CheckMateEscapeManagerTests.IfTheThreateningPieceNotAKnightButIsAdjacentItIsUnblockable" classname="ChessWithTDD.Tests.CheckMateEscapeManagerTests" runstate="Runnable" testcasecount="8" result="Passed" start-time="2017-05-21 17:11:42Z" end-time="2017-05-21 17:11:42Z" duration="0.200575" total="8" passed="8" failed="0" warnings="0" inconclusive="0" skipped="0" asserts="8">
            <test-case id="0-1053" name="IfTheThreateningPieceNotAKnightButIsAdjacentItIsUnblockable(3,3,3,4)" fullname="ChessWithTDD.Tests.CheckMateEscapeManagerTests.IfTheThreateningPieceNotAKnightButIsAdjacentItIsUnblockable(3,3,3,4)" methodname="IfTheThreateningPieceNotAKnightButIsAdjacentItIsUnblockable" classname="ChessWithTDD.Tests.CheckMateEscapeManagerTests" runstate="Runnable" seed="1247752611" result="Passed" start-time="2017-05-21 17:11:42Z" end-time="2017-05-21 17:11:42Z" duration="0.005968" asserts="1" />
            <test-case id="0-1054" name="IfTheThreateningPieceNotAKnightButIsAdjacentItIsUnblockable(3,3,4,3)" fullname="ChessWithTDD.Tests.CheckMateEscapeManagerTests.IfTheThreateningPieceNotAKnightButIsAdjacentItIsUnblockable(3,3,4,3)" methodname="IfTheThreateningPieceNotAKnightButIsAdjacentItIsUnblockable" classname="ChessWithTDD.Tests.CheckMateEscapeManagerTests" runstate="Runnable" seed="1615119009" result="Passed" start-time="2017-05-21 17:11:42Z" end-time="2017-05-21 17:11:42Z" duration="0.008525" asserts="1" />
            <test-case id="0-1055" name="IfTheThreateningPieceNotAKnightButIsAdjacentItIsUnblockable(3,3,3,2)" fullname="ChessWithTDD.Tests.CheckMateEscapeManagerTests.IfTheThreateningPieceNotAKnightButIsAdjacentItIsUnblockable(3,3,3,2)" methodname="IfTheThreateningPieceNotAKnightButIsAdjacentItIsUnblockable" classname="ChessWithTDD.Tests.CheckMateEscapeManagerTests" runstate="Runnable" seed="1987274321" result="Passed" start-time="2017-05-21 17:11:42Z" end-time="2017-05-21 17:11:42Z" duration="0.007634" asserts="1" />
            <test-case id="0-1056" name="IfTheThreateningPieceNotAKnightButIsAdjacentItIsUnblockable(3,3,2,3)" fullname="ChessWithTDD.Tests.CheckMateEscapeManagerTests.IfTheThreateningPieceNotAKnightButIsAdjacentItIsUnblockable(3,3,2,3)" methodname="IfTheThreateningPieceNotAKnightButIsAdjacentItIsUnblockable" classname="ChessWithTDD.Tests.CheckMateEscapeManagerTests" runstate="Runnable" seed="467681802" result="Passed" start-time="2017-05-21 17:11:42Z" end-time="2017-05-21 17:11:42Z" duration="0.004294" asserts="1" />
            <test-case id="0-1057" name="IfTheThreateningPieceNotAKnightButIsAdjacentItIsUnblockable(3,3,4,4)" fullname="ChessWithTDD.Tests.CheckMateEscapeManagerTests.IfTheThreateningPieceNotAKnightButIsAdjacentItIsUnblockable(3,3,4,4)" methodname="IfTheThreateningPieceNotAKnightButIsAdjacentItIsUnblockable" classname="ChessWithTDD.Tests.CheckMateEscapeManagerTests" runstate="Runnable" seed="1316548367" result="Passed" start-time="2017-05-21 17:11:42Z" end-time="2017-05-21 17:11:42Z" duration="0.003341" asserts="1" />
            <test-case id="0-1058" name="IfTheThreateningPieceNotAKnightButIsAdjacentItIsUnblockable(3,3,2,2)" fullname="ChessWithTDD.Tests.CheckMateEscapeManagerTests.IfTheThreateningPieceNotAKnightButIsAdjacentItIsUnblockable(3,3,2,2)" methodname="IfTheThreateningPieceNotAKnightButIsAdjacentItIsUnblockable" classname="ChessWithTDD.Tests.CheckMateEscapeManagerTests" runstate="Runnable" seed="1872578949" result="Passed" start-time="2017-05-21 17:11:42Z" end-time="2017-05-21 17:11:42Z" duration="0.003292" asserts="1" />
            <test-case id="0-1059" name="IfTheThreateningPieceNotAKnightButIsAdjacentItIsUnblockable(3,3,4,2)" fullname="ChessWithTDD.Tests.CheckMateEscapeManagerTests.IfTheThreateningPieceNotAKnightButIsAdjacentItIsUnblockable(3,3,4,2)" methodname="IfTheThreateningPieceNotAKnightButIsAdjacentItIsUnblockable" classname="ChessWithTDD.Tests.CheckMateEscapeManagerTests" runstate="Runnable" seed="915732929" result="Passed" start-time="2017-05-21 17:11:42Z" end-time="2017-05-21 17:11:42Z" duration="0.003125" asserts="1" />
[...]
        </test-suite>
        <test-suite type="TestFixture" id="0-1354" name="StrictServiceLocatorTests" fullname="ChessWithTDD.Tests.StrictServiceLocatorTests" classname="ChessWithTDD.Tests.StrictServiceLocatorTests" runstate="Runnable" testcasecount="5" result="Passed" start-time="2017-05-21 17:11:51Z" end-time="2017-05-21 17:11:52Z" duration="0.161852" total="5" passed="5" failed="0" warnings="0" inconclusive="0" skipped="0" asserts="5">
          <test-case id="0-1355" name="BoardCacheServiceIsImplemented" fullname="ChessWithTDD.Tests.StrictServiceLocatorTests.BoardCacheServiceIsImplemented" methodname="BoardCacheServiceIsImplemented" classname="ChessWithTDD.Tests.StrictServiceLocatorTests" runstate="Runnable" seed="863361027" result="Passed" start-time="2017-05-21 17:11:51Z" end-time="2017-05-21 17:11:51Z" duration="0.001652" asserts="1" />
          <test-case id="0-1356" name="BoardInitialiserServiceIsImplemented" fullname="ChessWithTDD.Tests.StrictServiceLocatorTests.BoardInitialiserServiceIsImplemented" methodname="BoardInitialiserServiceIsImplemented" classname="ChessWithTDD.Tests.StrictServiceLocatorTests" runstate="Runnable" seed="760951780" result="Passed" start-time="2017-05-21 17:11:51Z" end-time="2017-05-21 17:11:51Z" duration="0.001679" asserts="1" />
          <test-case id="0-1357" name="CheckManagerServiceIsImplemented" fullname="ChessWithTDD.Tests.StrictServiceLocatorTests.CheckManagerServiceIsImplemented" methodname="CheckManagerServiceIsImplemented" classname="ChessWithTDD.Tests.StrictServiceLocatorTests" runstate="Runnable" seed="1379512757" result="Passed" start-time="2017-05-21 17:11:51Z" end-time="2017-05-21 17:11:51Z" duration="0.002035" asserts="1" />
          <test-case id="0-1358" name="MoveValidatorServiceIsImplemented" fullname="ChessWithTDD.Tests.StrictServiceLocatorTests.MoveValidatorServiceIsImplemented" methodname="MoveValidatorServiceIsImplemented" classname="ChessWithTDD.Tests.StrictServiceLocatorTests" runstate="Runnable" seed="1406617679" result="Passed" start-time="2017-05-21 17:11:51Z" end-time="2017-05-21 17:11:51Z" duration="0.002816" asserts="1" />
          <test-case id="0-1359" name="PawnManagerServiceIsImplemented" fullname="ChessWithTDD.Tests.StrictServiceLocatorTests.PawnManagerServiceIsImplemented" methodname="PawnManagerServiceIsImplemented" classname="ChessWithTDD.Tests.StrictServiceLocatorTests" runstate="Runnable" seed="432914412" result="Passed" start-time="2017-05-21 17:11:51Z" end-time="2017-05-21 17:11:51Z" duration="0.001987" asserts="1" />
        </test-suite>
        <test-suite type="TestFixture" id="0-1484" name="WhitePawnTests" fullname="ChessWithTDD.Tests.WhitePawnTests" classname="ChessWithTDD.Tests.WhitePawnTests" runstate="Runnable" testcasecount="21" result="Passed" start-time="2017-05-21 17:11:52Z" end-time="2017-05-21 17:11:53Z" duration="0.972811" total="21" passed="21" failed="0" warnings="0" inconclusive="0" skipped="0" asserts="21">
          <test-suite type="ParameterizedMethod" id="0-1493" name="WhitePawnCanMoveDiagonallyUpTheBoardIfBlackPieceThere" fullname="ChessWithTDD.Tests.WhitePawnTests.WhitePawnCanMoveDiagonallyUpTheBoardIfBlackPieceThere" classname="ChessWithTDD.Tests.WhitePawnTests" runstate="Runnable" testcasecount="2" result="Passed" start-time="2017-05-21 17:11:52Z" end-time="2017-05-21 17:11:52Z" duration="0.051303" total="2" passed="2" failed="0" warnings="0" inconclusive="0" skipped="0" asserts="2">
            <test-case id="0-1491" name="WhitePawnCanMoveDiagonallyUpTheBoardIfBlackPieceThere(4,4,5,5)" fullname="ChessWithTDD.Tests.WhitePawnTests.WhitePawnCanMoveDiagonallyUpTheBoardIfBlackPieceThere(4,4,5,5)" methodname="WhitePawnCanMoveDiagonallyUpTheBoardIfBlackPieceThere" classname="ChessWithTDD.Tests.WhitePawnTests" runstate="Runnable" seed="1241806135" result="Passed" start-time="2017-05-21 17:11:52Z" end-time="2017-05-21 17:11:52Z" duration="0.007855" asserts="1" />
            <test-case id="0-1492" name="WhitePawnCanMoveDiagonallyUpTheBoardIfBlackPieceThere(4,4,5,3)" fullname="ChessWithTDD.Tests.WhitePawnTests.WhitePawnCanMoveDiagonallyUpTheBoardIfBlackPieceThere(4,4,5,3)" methodname="WhitePawnCanMoveDiagonallyUpTheBoardIfBlackPieceThere" classname="ChessWithTDD.Tests.WhitePawnTests" runstate="Runnable" seed="578037608" result="Passed" start-time="2017-05-21 17:11:52Z" end-time="2017-05-21 17:11:52Z" duration="0.004482" asserts="1" />
          </test-suite>
          <test-suite type="ParameterizedMethod" id="0-1499" name="WhitePawnCanMoveDiagonallyUpwardsToEmptySquareIfToSquareHasEnPassantMark" fullname="ChessWithTDD.Tests.WhitePawnTests.WhitePawnCanMoveDiagonallyUpwardsToEmptySquareIfToSquareHasEnPassantMark" classname="ChessWithTDD.Tests.WhitePawnTests" runstate="Runnable" testcasecount="2" result="Passed" start-time="2017-05-21 17:11:52Z" end-time="2017-05-21 17:11:52Z" duration="0.055513" total="2" passed="2" failed="0" warnings="0" inconclusive="0" skipped="0" asserts="2">
            <test-case id="0-1497" name="WhitePawnCanMoveDiagonallyUpwardsToEmptySquareIfToSquareHasEnPassantMark(4,4,5,5)" fullname="ChessWithTDD.Tests.WhitePawnTests.WhitePawnCanMoveDiagonallyUpwardsToEmptySquareIfToSquareHasEnPassantMark(4,4,5,5)" methodname="WhitePawnCanMoveDiagonallyUpwardsToEmptySquareIfToSquareHasEnPassantMark" classname="ChessWithTDD.Tests.WhitePawnTests" runstate="Runnable" seed="1835238585" result="Passed" start-time="2017-05-21 17:11:52Z" end-time="2017-05-21 17:11:52Z" duration="0.005429" asserts="1" />
            <test-case id="0-1498" name="WhitePawnCanMoveDiagonallyUpwardsToEmptySquareIfToSquareHasEnPassantMark(4,4,5,3)" fullname="ChessWithTDD.Tests.WhitePawnTests.WhitePawnCanMoveDiagonallyUpwardsToEmptySquareIfToSquareHasEnPassantMark(4,4,5,3)" methodname="WhitePawnCanMoveDiagonallyUpwardsToEmptySquareIfToSquareHasEnPassantMark" classname="ChessWithTDD.Tests.WhitePawnTests" runstate="Runnable" seed="2038514833" result="Passed" start-time="2017-05-21 17:11:52Z" end-time="2017-05-21 17:11:52Z" duration="0.004233" asserts="1" />
          </test-suite>
          <test-suite type="ParameterizedMethod" id="0-1487" name="WhitePawnCanMoveOneVerticalPositionUpTheBoard" fullname="ChessWithTDD.Tests.WhitePawnTests.WhitePawnCanMoveOneVerticalPositionUpTheBoard" classname="ChessWithTDD.Tests.WhitePawnTests" runstate="Runnable" testcasecount="2" result="Passed" start-time="2017-05-21 17:11:52Z" end-time="2017-05-21 17:11:52Z" duration="0.051888" total="2" passed="2" failed="0" warnings="0" inconclusive="0" skipped="0" asserts="2">
            <test-case id="0-1485" name="WhitePawnCanMoveOneVerticalPositionUpTheBoard(5,2,6,2)" fullname="ChessWithTDD.Tests.WhitePawnTests.WhitePawnCanMoveOneVerticalPositionUpTheBoard(5,2,6,2)" methodname="WhitePawnCanMoveOneVerticalPositionUpTheBoard" classname="ChessWithTDD.Tests.WhitePawnTests" runstate="Runnable" seed="1763304642" result="Passed" start-time="2017-05-21 17:11:52Z" end-time="2017-05-21 17:11:52Z" duration="0.008127" asserts="1" />
            <test-case id="0-1486" name="WhitePawnCanMoveOneVerticalPositionUpTheBoard(3,3,4,3)" fullname="ChessWithTDD.Tests.WhitePawnTests.WhitePawnCanMoveOneVerticalPositionUpTheBoard(3,3,4,3)" methodname="WhitePawnCanMoveOneVerticalPositionUpTheBoard" classname="ChessWithTDD.Tests.WhitePawnTests" runstate="Runnable" seed="1121730075" result="Passed" start-time="2017-05-21 17:11:52Z" end-time="2017-05-21 17:11:52Z" duration="0.005911" asserts="1" />
          </test-suite>
          <test-suite type="ParameterizedMethod" id="0-1505" name="WhitePawnCanMoveTwoVerticalSpacesUpTheBoardIfItHasNotMovedBefore" fullname="ChessWithTDD.Tests.WhitePawnTests.WhitePawnCanMoveTwoVerticalSpacesUpTheBoardIfItHasNotMovedBefore" classname="ChessWithTDD.Tests.WhitePawnTests" runstate="Runnable" testcasecount="2" result="Passed" start-time="2017-05-21 17:11:52Z" end-time="2017-05-21 17:11:52Z" duration="0.068878" total="2" passed="2" failed="0" warnings="0" inconclusive="0" skipped="0" asserts="2">
            <test-case id="0-1503" name="WhitePawnCanMoveTwoVerticalSpacesUpTheBoardIfItHasNotMovedBefore(4,4,6,4)" fullname="ChessWithTDD.Tests.WhitePawnTests.WhitePawnCanMoveTwoVerticalSpacesUpTheBoardIfItHasNotMovedBefore(4,4,6,4)" methodname="WhitePawnCanMoveTwoVerticalSpacesUpTheBoardIfItHasNotMovedBefore" classname="ChessWithTDD.Tests.WhitePawnTests" runstate="Runnable" seed="1989871626" result="Passed" start-time="2017-05-21 17:11:52Z" end-time="2017-05-21 17:11:52Z" duration="0.008886" asserts="1" />
            <test-case id="0-1504" name="WhitePawnCanMoveTwoVerticalSpacesUpTheBoardIfItHasNotMovedBefore(2,1,4,1)" fullname="ChessWithTDD.Tests.WhitePawnTests.WhitePawnCanMoveTwoVerticalSpacesUpTheBoardIfItHasNotMovedBefore(2,1,4,1)" methodname="WhitePawnCanMoveTwoVerticalSpacesUpTheBoardIfItHasNotMovedBefore" classname="ChessWithTDD.Tests.WhitePawnTests" runstate="Runnable" seed="219043965" result="Passed" start-time="2017-05-21 17:11:52Z" end-time="2017-05-21 17:11:52Z" duration="0.006189" asserts="1" />
          </test-suite>
          <test-suite type="ParameterizedMethod" id="0-1496" name="WhitePawnCannotMoveDiagonallyUpTheBoardIfNoPieceThere" fullname="ChessWithTDD.Tests.WhitePawnTests.WhitePawnCannotMoveDiagonallyUpTheBoardIfNoPieceThere" classname="ChessWithTDD.Tests.WhitePawnTests" runstate="Runnable" testcasecount="2" result="Passed" start-time="2017-05-21 17:11:52Z" end-time="2017-05-21 17:11:52Z" duration="0.067729" total="2" passed="2" failed="0" warnings="0" inconclusive="0" skipped="0" asserts="2">
            <test-case id="0-1494" name="WhitePawnCannotMoveDiagonallyUpTheBoardIfNoPieceThere(4,4,5,5)" fullname="ChessWithTDD.Tests.WhitePawnTests.WhitePawnCannotMoveDiagonallyUpTheBoardIfNoPieceThere(4,4,5,5)" methodname="WhitePawnCannotMoveDiagonallyUpTheBoardIfNoPieceThere" classname="ChessWithTDD.Tests.WhitePawnTests" runstate="Runnable" seed="1901982985" result="Passed" start-time="2017-05-21 17:11:52Z" end-time="2017-05-21 17:11:52Z" duration="0.006992" asserts="1" />
            <test-case id="0-1495" name="WhitePawnCannotMoveDiagonallyUpTheBoardIfNoPieceThere(4,4,5,3)" fullname="ChessWithTDD.Tests.WhitePawnTests.WhitePawnCannotMoveDiagonallyUpTheBoardIfNoPieceThere(4,4,5,3)" methodname="WhitePawnCannotMoveDiagonallyUpTheBoardIfNoPieceThere" classname="ChessWithTDD.Tests.WhitePawnTests" runstate="Runnable" seed="579636601" result="Passed" start-time="2017-05-21 17:11:52Z" end-time="2017-05-21 17:11:52Z" duration="0.005699" asserts="1" />
          </test-suite>
          <test-suite type="ParameterizedMethod" id="0-1502" name="WhitePawnCannotMoveDiagonallyUpwardsToEmptySquareIfToSquareHasNoEnPassantMark" fullname="ChessWithTDD.Tests.WhitePawnTests.WhitePawnCannotMoveDiagonallyUpwardsToEmptySquareIfToSquareHasNoEnPassantMark" classname="ChessWithTDD.Tests.WhitePawnTests" runstate="Runnable" testcasecount="2" result="Passed" start-time="2017-05-21 17:11:52Z" end-time="2017-05-21 17:11:52Z" duration="0.068240" total="2" passed="2" failed="0" warnings="0" inconclusive="0" skipped="0" asserts="2">
            <test-case id="0-1500" name="WhitePawnCannotMoveDiagonallyUpwardsToEmptySquareIfToSquareHasNoEnPassantMark(4,4,5,5)" fullname="ChessWithTDD.Tests.WhitePawnTests.WhitePawnCannotMoveDiagonallyUpwardsToEmptySquareIfToSquareHasNoEnPassantMark(4,4,5,5)" methodname="WhitePawnCannotMoveDiagonallyUpwardsToEmptySquareIfToSquareHasNoEnPassantMark" classname="ChessWithTDD.Tests.WhitePawnTests" runstate="Runnable" seed="968884200" result="Passed" start-time="2017-05-21 17:11:52Z" end-time="2017-05-21 17:11:52Z" duration="0.007477" asserts="1" />
            <test-case id="0-1501" name="WhitePawnCannotMoveDiagonallyUpwardsToEmptySquareIfToSquareHasNoEnPassantMark(4,4,5,3)" fullname="ChessWithTDD.Tests.WhitePawnTests.WhitePawnCannotMoveDiagonallyUpwardsToEmptySquareIfToSquareHasNoEnPassantMark(4,4,5,3)" methodname="WhitePawnCannotMoveDiagonallyUpwardsToEmptySquareIfToSquareHasNoEnPassantMark" classname="ChessWithTDD.Tests.WhitePawnTests" runstate="Runnable" seed="1160171633" result="Passed" start-time="2017-05-21 17:11:52Z" end-time="2017-05-21 17:11:52Z" duration="0.006231" asserts="1" />
          </test-suite>
          <test-suite type="ParameterizedMethod" id="0-1514" name="WhitePawnCannotMoveOneHorizontalPositionAcrossTheBoard" fullname="ChessWithTDD.Tests.WhitePawnTests.WhitePawnCannotMoveOneHorizontalPositionAcrossTheBoard" classname="ChessWithTDD.Tests.WhitePawnTests" runstate="Runnable" testcasecount="2" result="Passed" start-time="2017-05-21 17:11:52Z" end-time="2017-05-21 17:11:52Z" duration="0.055822" total="2" passed="2" failed="0" warnings="0" inconclusive="0" skipped="0" asserts="2">
            <test-case id="0-1512" name="WhitePawnCannotMoveOneHorizontalPositionAcrossTheBoard(5,2,5,3)" fullname="ChessWithTDD.Tests.WhitePawnTests.WhitePawnCannotMoveOneHorizontalPositionAcrossTheBoard(5,2,5,3)" methodname="WhitePawnCannotMoveOneHorizontalPositionAcrossTheBoard" classname="ChessWithTDD.Tests.WhitePawnTests" runstate="Runnable" seed="1996534548" result="Passed" start-time="2017-05-21 17:11:52Z" end-time="2017-05-21 17:11:52Z" duration="0.006381" asserts="1" />
            <test-case id="0-1513" name="WhitePawnCannotMoveOneHorizontalPositionAcrossTheBoard(3,3,3,2)" fullname="ChessWithTDD.Tests.WhitePawnTests.WhitePawnCannotMoveOneHorizontalPositionAcrossTheBoard(3,3,3,2)" methodname="WhitePawnCannotMoveOneHorizontalPositionAcrossTheBoard" classname="ChessWithTDD.Tests.WhitePawnTests" runstate="Runnable" seed="731938345" result="Passed" start-time="2017-05-21 17:11:52Z" end-time="2017-05-21 17:11:52Z" duration="0.005721" asserts="1" />
          </test-suite>
          <test-suite type="ParameterizedMethod" id="0-1516" name="WhitePawnCannotMoveOneVerticalPositionDownTheBoard" fullname="ChessWithTDD.Tests.WhitePawnTests.WhitePawnCannotMoveOneVerticalPositionDownTheBoard" classname="ChessWithTDD.Tests.WhitePawnTests" runstate="Runnable" testcasecount="1" result="Passed" start-time="2017-05-21 17:11:52Z" end-time="2017-05-21 17:11:52Z" duration="0.031334" total="1" passed="1" failed="0" warnings="0" inconclusive="0" skipped="0" asserts="1">
            <test-case id="0-1515" name="WhitePawnCannotMoveOneVerticalPositionDownTheBoard(1,1,0,1)" fullname="ChessWithTDD.Tests.WhitePawnTests.WhitePawnCannotMoveOneVerticalPositionDownTheBoard(1,1,0,1)" methodname="WhitePawnCannotMoveOneVerticalPositionDownTheBoard" classname="ChessWithTDD.Tests.WhitePawnTests" runstate="Runnable" seed="532795502" result="Passed" start-time="2017-05-21 17:11:52Z" end-time="2017-05-21 17:11:52Z" duration="0.004585" asserts="1" />
          </test-suite>
          <test-suite type="ParameterizedMethod" id="0-1490" name="WhitePawnCannotMoveOneVerticalPositionUpTheBoardIfBlackPieceThere" fullname="ChessWithTDD.Tests.WhitePawnTests.WhitePawnCannotMoveOneVerticalPositionUpTheBoardIfBlackPieceThere" classname="ChessWithTDD.Tests.WhitePawnTests" runstate="Runnable" testcasecount="2" result="Passed" start-time="2017-05-21 17:11:52Z" end-time="2017-05-21 17:11:52Z" duration="0.052577" total="2" passed="2" failed="0" warnings="0" inconclusive="0" skipped="0" asserts="2">
            <test-case id="0-1488" name="WhitePawnCannotMoveOneVerticalPositionUpTheBoardIfBlackPieceThere(5,2,6,2)" fullname="ChessWithTDD.Tests.WhitePawnTests.WhitePawnCannotMoveOneVerticalPositionUpTheBoardIfBlackPieceThere(5,2,6,2)" methodname="WhitePawnCannotMoveOneVerticalPositionUpTheBoardIfBlackPieceThere" classname="ChessWithTDD.Tests.WhitePawnTests" runstate="Runnable" seed="2028956246" result="Passed" start-time="2017-05-21 17:11:52Z" end-time="2017-05-21 17:11:52Z" duration="0.006147" asserts="1" />
            <test-case id="0-1489" name="WhitePawnCannotMoveOneVerticalPositionUpTheBoardIfBlackPieceThere(3,3,4,3)" fullname="ChessWithTDD.Tests.WhitePawnTests.WhitePawnCannotMoveOneVerticalPositionUpTheBoardIfBlackPieceThere(3,3,4,3)" methodname="WhitePawnCannotMoveOneVerticalPositionUpTheBoardIfBlackPieceThere" classname="ChessWithTDD.Tests.WhitePawnTests" runstate="Runnable" seed="880943495" result="Passed" start-time="2017-05-21 17:11:52Z" end-time="2017-05-21 17:11:52Z" duration="0.004003" asserts="1" />
          </test-suite>
          <test-suite type="ParameterizedMethod" id="0-1508" name="WhitePawnCannotMoveTwoVerticalSpacesUpTheBoardIfItHasMovedBefore" fullname="ChessWithTDD.Tests.WhitePawnTests.WhitePawnCannotMoveTwoVerticalSpacesUpTheBoardIfItHasMovedBefore" classname="ChessWithTDD.Tests.WhitePawnTests" runstate="Runnable" testcasecount="2" result="Passed" start-time="2017-05-21 17:11:52Z" end-time="2017-05-21 17:11:52Z" duration="0.068143" total="2" passed="2" failed="0" warnings="0" inconclusive="0" skipped="0" asserts="2">
            <test-case id="0-1506" name="WhitePawnCannotMoveTwoVerticalSpacesUpTheBoardIfItHasMovedBefore(4,4,6,4)" fullname="ChessWithTDD.Tests.WhitePawnTests.WhitePawnCannotMoveTwoVerticalSpacesUpTheBoardIfItHasMovedBefore(4,4,6,4)" methodname="WhitePawnCannotMoveTwoVerticalSpacesUpTheBoardIfItHasMovedBefore" classname="ChessWithTDD.Tests.WhitePawnTests" runstate="Runnable" seed="764477417" result="Passed" start-time="2017-05-21 17:11:52Z" end-time="2017-05-21 17:11:52Z" duration="0.009446" asserts="1" />
            <test-case id="0-1507" name="WhitePawnCannotMoveTwoVerticalSpacesUpTheBoardIfItHasMovedBefore(2,1,4,1)" fullname="ChessWithTDD.Tests.WhitePawnTests.WhitePawnCannotMoveTwoVerticalSpacesUpTheBoardIfItHasMovedBefore(2,1,4,1)" methodname="WhitePawnCannotMoveTwoVerticalSpacesUpTheBoardIfItHasMovedBefore" classname="ChessWithTDD.Tests.WhitePawnTests" runstate="Runnable" seed="1183422801" result="Passed" start-time="2017-05-21 17:11:52Z" end-time="2017-05-21 17:11:52Z" duration="0.009412" asserts="1" />
          </test-suite>
          <test-suite type="ParameterizedMethod" id="0-1511" name="WhitePawnCannotMoveTwoVerticalSpacesUpTheBoardIfItHasNotMovedButToSquareContainsAPiece" fullname="ChessWithTDD.Tests.WhitePawnTests.WhitePawnCannotMoveTwoVerticalSpacesUpTheBoardIfItHasNotMovedButToSquareContainsAPiece" classname="ChessWithTDD.Tests.WhitePawnTests" runstate="Runnable" testcasecount="2" result="Passed" start-time="2017-05-21 17:11:52Z" end-time="2017-05-21 17:11:52Z" duration="0.068469" total="2" passed="2" failed="0" warnings="0" inconclusive="0" skipped="0" asserts="2">
            <test-case id="0-1509" name="WhitePawnCannotMoveTwoVerticalSpacesUpTheBoardIfItHasNotMovedButToSquareContainsAPiece(4,4,6,4)" fullname="ChessWithTDD.Tests.WhitePawnTests.WhitePawnCannotMoveTwoVerticalSpacesUpTheBoardIfItHasNotMovedButToSquareContainsAPiece(4,4,6,4)" methodname="WhitePawnCannotMoveTwoVerticalSpacesUpTheBoardIfItHasNotMovedButToSquareContainsAPiece" classname="ChessWithTDD.Tests.WhitePawnTests" runstate="Runnable" seed="1710184172" result="Passed" start-time="2017-05-21 17:11:52Z" end-time="2017-05-21 17:11:52Z" duration="0.005962" asserts="1" />
            <test-case id="0-1510" name="WhitePawnCannotMoveTwoVerticalSpacesUpTheBoardIfItHasNotMovedButToSquareContainsAPiece(2,1,4,1)" fullname="ChessWithTDD.Tests.WhitePawnTests.WhitePawnCannotMoveTwoVerticalSpacesUpTheBoardIfItHasNotMovedButToSquareContainsAPiece(2,1,4,1)" methodname="WhitePawnCannotMoveTwoVerticalSpacesUpTheBoardIfItHasNotMovedButToSquareContainsAPiece" classname="ChessWithTDD.Tests.WhitePawnTests" runstate="Runnable" seed="948530899" result="Passed" start-time="2017-05-21 17:11:52Z" end-time="2017-05-21 17:11:52Z" duration="0.005172" asserts="1" />
          </test-suite>
        </test-suite>
      </test-suite>
    </test-suite>
  </test-suite>
</test-run>