<?xml version="1.0" encoding="utf-8" standalone="no"?>
<test-run id="2" testcasecount="724" result="Passed" total="724" passed="724" failed="0" inconclusive="0" skipped="0" asserts="866" engine-version="3.6.1.0" clr-version="4.0.30319.42000" start-time="2017-07-31 23:04:24Z" end-time="2017-07-31 23:04:32Z" duration="7.186735">
  <command-line><![CDATA["C:\Programming\GithubRepos\chess-with-tdd\ChessWithTDD\UnitTestingMetrics\..\..\packages\NUnit.ConsoleRunner.3.6.1\tools\nunit3-console.exe" C:\Programming\GithubRepos\chess-with-tdd\ChessWithTDD\UnitTestingMetrics\..\bin\Debug\ChessWithTDD.dll --work=C:\Programming\GithubRepos\chess-with-tdd\ChessWithTDD\UnitTestingMetrics\.\NUnitResults]]></command-line>
  <test-suite type="Assembly" id="0-1908" name="ChessWithTDD.dll" fullname="C:\Programming\GithubRepos\chess-with-tdd\ChessWithTDD\bin\Debug\ChessWithTDD.dll" runstate="Runnable" testcasecount="724" result="Passed" start-time="2017-07-31 23:04:26Z" end-time="2017-07-31 23:04:31Z" duration="4.694779" total="724" passed="724" failed="0" warnings="0" inconclusive="0" skipped="0" asserts="866">
    <environment framework-version="3.6.0.0" clr-version="4.0.30319.42000" os-version="Microsoft Windows NT 10.0.14393.0" platform="Win32NT" cwd="C:\Programming\GithubRepos\chess-with-tdd\ChessWithTDD\UnitTestingMetrics" machine-name="DESKTOP-KCJFP9V" user="dantb" user-domain="DESKTOP-KCJFP9V" culture="en-GB" uiculture="en-GB" os-architecture="x64" />
    <settings>
      <setting name="DisposeRunners" value="True" />
      <setting name="WorkDirectory" value="C:\Programming\GithubRepos\chess-with-tdd\ChessWithTDD\UnitTestingMetrics\.\NUnitResults" />
      <setting name="ImageRuntimeVersion" value="4.0.30319" />
      <setting name="ImageTargetFrameworkName" value=".NETFramework,Version=v4.5.2" />
      <setting name="ImageRequiresX86" value="False" />
      <setting name="ImageRequiresDefaultAppDomainAssemblyResolver" value="False" />
      <setting name="NumberOfTestWorkers" value="8" />
    </settings>
    <properties>
      <property name="_PID" value="37396" />
      <property name="_APPDOMAIN" value="domain-" />
    </properties>
    <test-suite type="TestSuite" id="0-1909" name="ChessWithTDD" fullname="ChessWithTDD" runstate="Runnable" testcasecount="724" result="Passed" start-time="2017-07-31 23:04:26Z" end-time="2017-07-31 23:04:31Z" duration="4.679515" total="724" passed="724" failed="0" warnings="0" inconclusive="0" skipped="0" asserts="866">
      <test-suite type="TestSuite" id="0-1910" name="Tests" fullname="ChessWithTDD.Tests" runstate="Runnable" testcasecount="724" result="Passed" start-time="2017-07-31 23:04:26Z" end-time="2017-07-31 23:04:31Z" duration="4.676511" total="724" passed="724" failed="0" warnings="0" inconclusive="0" skipped="0" asserts="866">
        <test-suite type="TestFixture" id="0-1219" name="AlgebraicNotationGeneratorTests" fullname="ChessWithTDD.Tests.AlgebraicNotationGeneratorTests" classname="ChessWithTDD.Tests.AlgebraicNotationGeneratorTests" runstate="Runnable" testcasecount="112" result="Passed" start-time="2017-07-31 23:04:26Z" end-time="2017-07-31 23:04:27Z" duration="0.425910" total="112" passed="112" failed="0" warnings="0" inconclusive="0" skipped="0" asserts="112">
          <test-suite type="ParameterizedMethod" id="0-1320" name="NonPawnMoveTestCaptureAndSquaresForConstantCheckAndMateAsFalse" fullname="ChessWithTDD.Tests.AlgebraicNotationGeneratorTests.NonPawnMoveTestCaptureAndSquaresForConstantCheckAndMateAsFalse" classname="ChessWithTDD.Tests.AlgebraicNotationGeneratorTests" runstate="Runnable" testcasecount="40" result="Passed" start-time="2017-07-31 23:04:26Z" end-time="2017-07-31 23:04:27Z" duration="0.173004" total="40" passed="40" failed="0" warnings="0" inconclusive="0" skipped="0" asserts="40">
            <test-case id="0-1280" name="NonPawnMoveTestCaptureAndSquaresForConstantCheckAndMateAsFalse(&quot;Ka2-a4&quot;,ChessWithTDD.Move,False,ChessWithTDD.King)" fullname="ChessWithTDD.Tests.AlgebraicNotationGeneratorTests.NonPawnMoveTestCaptureAndSquaresForConstantCheckAndMateAsFalse(&quot;Ka2-a4&quot;,ChessWithTDD.Move,False,ChessWithTDD.King)" methodname="NonPawnMoveTestCaptureAndSquaresForConstantCheckAndMateAsFalse" classname="ChessWithTDD.Tests.AlgebraicNotationGeneratorTests" runstate="Runnable" seed="465011697" result="Passed" start-time="2017-07-31 23:04:26Z" end-time="2017-07-31 23:04:26Z" duration="0.036012" asserts="1" />
            <test-case id="0-1281" name="NonPawnMoveTestCaptureAndSquaresForConstantCheckAndMateAsFalse(&quot;Kb2-b4&quot;,ChessWithTDD.Move,False,ChessWithTDD.King)" fullname="ChessWithTDD.Tests.AlgebraicNotationGeneratorTests.NonPawnMoveTestCaptureAndSquaresForConstantCheckAndMateAsFalse(&quot;Kb2-b4&quot;,ChessWithTDD.Move,False,ChessWithTDD.King)" methodname="NonPawnMoveTestCaptureAndSquaresForConstantCheckAndMateAsFalse" classname="ChessWithTDD.Tests.AlgebraicNotationGeneratorTests" runstate="Runnable" seed="42023990" result="Passed" start-time="2017-07-31 23:04:26Z" end-time="2017-07-31 23:04:26Z" duration="0.000141" asserts="1" />
            <test-case id="0-1282" name="NonPawnMoveTestCaptureAndSquaresForConstantCheckAndMateAsFalse(&quot;Kc2-c4&quot;,ChessWithTDD.Move,False,ChessWithTDD.King)" fullname="ChessWithTDD.Tests.AlgebraicNotationGeneratorTests.NonPawnMoveTestCaptureAndSquaresForConstantCheckAndMateAsFalse(&quot;Kc2-c4&quot;,ChessWithTDD.Move,False,ChessWithTDD.King)" methodname="NonPawnMoveTestCaptureAndSquaresForConstantCheckAndMateAsFalse" classname="ChessWithTDD.Tests.AlgebraicNotationGeneratorTests" runstate="Runnable" seed="2032152368" result="Passed" start-time="2017-07-31 23:04:27Z" end-time="2017-07-31 23:04:27Z" duration="0.000097" asserts="1" />
            <test-case id="0-1283" name="NonPawnMoveTestCaptureAndSquaresForConstantCheckAndMateAsFalse(&quot;Kd2-d4&quot;,ChessWithTDD.Move,False,ChessWithTDD.King)" fullname="ChessWithTDD.Tests.AlgebraicNotationGeneratorTests.NonPawnMoveTestCaptureAndSquaresForConstantCheckAndMateAsFalse(&quot;Kd2-d4&quot;,ChessWithTDD.Move,False,ChessWithTDD.King)" methodname="NonPawnMoveTestCaptureAndSquaresForConstantCheckAndMateAsFalse" classname="ChessWithTDD.Tests.AlgebraicNotationGeneratorTests" runstate="Runnable" seed="1156928680" result="Passed" start-time="2017-07-31 23:04:27Z" end-time="2017-07-31 23:04:27Z" duration="0.000085" asserts="1" />
            <test-case id="0-1284" name="NonPawnMoveTestCaptureAndSquaresForConstantCheckAndMateAsFalse(&quot;Ke2xe4&quot;,ChessWithTDD.Move,True,ChessWithTDD.King)" fullname="ChessWithTDD.Tests.AlgebraicNotationGeneratorTests.NonPawnMoveTestCaptureAndSquaresForConstantCheckAndMateAsFalse(&quot;Ke2xe4&quot;,ChessWithTDD.Move,True,ChessWithTDD.King)" methodname="NonPawnMoveTestCaptureAndSquaresForConstantCheckAndMateAsFalse" classname="ChessWithTDD.Tests.AlgebraicNotationGeneratorTests" runstate="Runnable" seed="2103545440" result="Passed" start-time="2017-07-31 23:04:27Z" end-time="2017-07-31 23:04:27Z" duration="0.000114" asserts="1" />
            <test-case id="0-1285" name="NonPawnMoveTestCaptureAndSquaresForConstantCheckAndMateAsFalse(&quot;Kf2xf4&quot;,ChessWithTDD.Move,True,ChessWithTDD.King)" fullname="ChessWithTDD.Tests.AlgebraicNotationGeneratorTests.NonPawnMoveTestCaptureAndSquaresForConstantCheckAndMateAsFalse(&quot;Kf2xf4&quot;,ChessWithTDD.Move,True,ChessWithTDD.King)" methodname="NonPawnMoveTestCaptureAndSquaresForConstantCheckAndMateAsFalse" classname="ChessWithTDD.Tests.AlgebraicNotationGeneratorTests" runstate="Runnable" seed="2039450802" result="Passed" start-time="2017-07-31 23:04:27Z" end-time="2017-07-31 23:04:27Z" duration="0.000088" asserts="1" />
            <test-case id="0-1286" name="NonPawnMoveTestCaptureAndSquaresForConstantCheckAndMateAsFalse(&quot;Kg2xg4&quot;,ChessWithTDD.Move,True,ChessWithTDD.King)" fullname="ChessWithTDD.Tests.AlgebraicNotationGeneratorTests.NonPawnMoveTestCaptureAndSquaresForConstantCheckAndMateAsFalse(&quot;Kg2xg4&quot;,ChessWithTDD.Move,True,ChessWithTDD.King)" methodname="NonPawnMoveTestCaptureAndSquaresForConstantCheckAndMateAsFalse" classname="ChessWithTDD.Tests.AlgebraicNotationGeneratorTests" runstate="Runnable" seed="194568701" result="Passed" start-time="2017-07-31 23:04:27Z" end-time="2017-07-31 23:04:27Z" duration="0.000105" asserts="1" />
            <test-case id="0-1287" name="NonPawnMoveTestCaptureAndSquaresForConstantCheckAndMateAsFalse(&quot;Kh2xh4&quot;,ChessWithTDD.Move,True,ChessWithTDD.King)" fullname="ChessWithTDD.Tests.AlgebraicNotationGeneratorTests.NonPawnMoveTestCaptureAndSquaresForConstantCheckAndMateAsFalse(&quot;Kh2xh4&quot;,ChessWithTDD.Move,True,ChessWithTDD.King)" methodname="NonPawnMoveTestCaptureAndSquaresForConstantCheckAndMateAsFalse" classname="ChessWithTDD.Tests.AlgebraicNotationGeneratorTests" runstate="Runnable" seed="407807393" result="Passed" start-time="2017-07-31 23:04:27Z" end-time="2017-07-31 23:04:27Z" duration="0.000106" asserts="1" />
            <test-case id="0-1288" name="NonPawnMoveTestCaptureAndSquaresForConstantCheckAndMateAsFalse(&quot;Qa7-a5&quot;,ChessWithTDD.Move,False,ChessWithTDD.Queen)" fullname="ChessWithTDD.Tests.AlgebraicNotationGeneratorTests.NonPawnMoveTestCaptureAndSquaresForConstantCheckAndMateAsFalse(&quot;Qa7-a5&quot;,ChessWithTDD.Move,False,ChessWithTDD.Queen)" methodname="NonPawnMoveTestCaptureAndSquaresForConstantCheckAndMateAsFalse" classname="ChessWithTDD.Tests.AlgebraicNotationGeneratorTests" runstate="Runnable" seed="1502350188" result="Passed" start-time="2017-07-31 23:04:27Z" end-time="2017-07-31 23:04:27Z" duration="0.000115" asserts="1" />
            <test-case id="0-1289" name="NonPawnMoveTestCaptureAndSquaresForConstantCheckAndMateAsFalse(&quot;Qb7-b5&quot;,ChessWithTDD.Move,False,ChessWithTDD.Queen)" fullname="ChessWithTDD.Tests.AlgebraicNotationGeneratorTests.NonPawnMoveTestCaptureAndSquaresForConstantCheckAndMateAsFalse(&quot;Qb7-b5&quot;,ChessWithTDD.Move,False,ChessWithTDD.Queen)" methodname="NonPawnMoveTestCaptureAndSquaresForConstantCheckAndMateAsFalse" classname="ChessWithTDD.Tests.AlgebraicNotationGeneratorTests" runstate="Runnable" seed="1900240667" result="Passed" start-time="2017-07-31 23:04:27Z" end-time="2017-07-31 23:04:27Z" duration="0.000087" asserts="1" />
            <test-case id="0-1290" name="NonPawnMoveTestCaptureAndSquaresForConstantCheckAndMateAsFalse(&quot;Qc7-c5&quot;,ChessWithTDD.Move,False,ChessWithTDD.Queen)" fullname="ChessWithTDD.Tests.AlgebraicNotationGeneratorTests.NonPawnMoveTestCaptureAndSquaresForConstantCheckAndMateAsFalse(&quot;Qc7-c5&quot;,ChessWithTDD.Move,False,ChessWithTDD.Queen)" methodname="NonPawnMoveTestCaptureAndSquaresForConstantCheckAndMateAsFalse" classname="ChessWithTDD.Tests.AlgebraicNotationGeneratorTests" runstate="Runnable" seed="422354243" result="Passed" start-time="2017-07-31 23:04:27Z" end-time="2017-07-31 23:04:27Z" duration="0.000081" asserts="1" />
            <test-case id="0-1291" name="NonPawnMoveTestCaptureAndSquaresForConstantCheckAndMateAsFalse(&quot;Qd7-d5&quot;,ChessWithTDD.Move,False,ChessWithTDD.Queen)" fullname="ChessWithTDD.Tests.AlgebraicNotationGeneratorTests.NonPawnMoveTestCaptureAndSquaresForConstantCheckAndMateAsFalse(&quot;Qd7-d5&quot;,ChessWithTDD.Move,False,ChessWithTDD.Queen)" methodname="NonPawnMoveTestCaptureAndSquaresForConstantCheckAndMateAsFalse" classname="ChessWithTDD.Tests.AlgebraicNotationGeneratorTests" runstate="Runnable" seed="1922054826" result="Passed" start-time="2017-07-31 23:04:27Z" end-time="2017-07-31 23:04:27Z" duration="0.000093" asserts="1" />
            <test-case id="0-1292" name="NonPawnMoveTestCaptureAndSquaresForConstantCheckAndMateAsFalse(&quot;Qe7xe5&quot;,ChessWithTDD.Move,True,ChessWithTDD.Queen)" fullname="ChessWithTDD.Tests.AlgebraicNotationGeneratorTests.NonPawnMoveTestCaptureAndSquaresForConstantCheckAndMateAsFalse(&quot;Qe7xe5&quot;,ChessWithTDD.Move,True,ChessWithTDD.Queen)" methodname="NonPawnMoveTestCaptureAndSquaresForConstantCheckAndMateAsFalse" classname="ChessWithTDD.Tests.AlgebraicNotationGeneratorTests" runstate="Runnable" seed="1894287639" result="Passed" start-time="2017-07-31 23:04:27Z" end-time="2017-07-31 23:04:27Z" duration="0.000101" asserts="1" />
            <test-case id="0-1293" name="NonPawnMoveTestCaptureAndSquaresForConstantCheckAndMateAsFalse(&quot;Qf7xf5&quot;,ChessWithTDD.Move,True,ChessWithTDD.Queen)" fullname="ChessWithTDD.Tests.AlgebraicNotationGeneratorTests.NonPawnMoveTestCaptureAndSquaresForConstantCheckAndMateAsFalse(&quot;Qf7xf5&quot;,ChessWithTDD.Move,True,ChessWithTDD.Queen)" methodname="NonPawnMoveTestCaptureAndSquaresForConstantCheckAndMateAsFalse" classname="ChessWithTDD.Tests.AlgebraicNotationGeneratorTests" runstate="Runnable" seed="707166250" result="Passed" start-time="2017-07-31 23:04:27Z" end-time="2017-07-31 23:04:27Z" duration="0.000102" asserts="1" />
            <test-case id="0-1294" name="NonPawnMoveTestCaptureAndSquaresForConstantCheckAndMateAsFalse(&quot;Qg7xg5&quot;,ChessWithTDD.Move,True,ChessWithTDD.Queen)" fullname="ChessWithTDD.Tests.AlgebraicNotationGeneratorTests.NonPawnMoveTestCaptureAndSquaresForConstantCheckAndMateAsFalse(&quot;Qg7xg5&quot;,ChessWithTDD.Move,True,ChessWithTDD.Queen)" methodname="NonPawnMoveTestCaptureAndSquaresForConstantCheckAndMateAsFalse" classname="ChessWithTDD.Tests.AlgebraicNotationGeneratorTests" runstate="Runnable" seed="1724124591" result="Passed" start-time="2017-07-31 23:04:27Z" end-time="2017-07-31 23:04:27Z" duration="0.000092" asserts="1" />
            <test-case id="0-1295" name="NonPawnMoveTestCaptureAndSquaresForConstantCheckAndMateAsFalse(&quot;Qh7xh5&quot;,ChessWithTDD.Move,True,ChessWithTDD.Queen)" fullname="ChessWithTDD.Tests.AlgebraicNotationGeneratorTests.NonPawnMoveTestCaptureAndSquaresForConstantCheckAndMateAsFalse(&quot;Qh7xh5&quot;,ChessWithTDD.Move,True,ChessWithTDD.Queen)" methodname="NonPawnMoveTestCaptureAndSquaresForConstantCheckAndMateAsFalse" classname="ChessWithTDD.Tests.AlgebraicNotationGeneratorTests" runstate="Runnable" seed="721252234" result="Passed" start-time="2017-07-31 23:04:27Z" end-time="2017-07-31 23:04:27Z" duration="0.000102" asserts="1" />
            <test-case id="0-1296" name="NonPawnMoveTestCaptureAndSquaresForConstantCheckAndMateAsFalse(&quot;Ra2-a3&quot;,ChessWithTDD.Move,False,ChessWithTDD.Rook)" fullname="ChessWithTDD.Tests.AlgebraicNotationGeneratorTests.NonPawnMoveTestCaptureAndSquaresForConstantCheckAndMateAsFalse(&quot;Ra2-a3&quot;,ChessWithTDD.Move,False,ChessWithTDD.Rook)" methodname="NonPawnMoveTestCaptureAndSquaresForConstantCheckAndMateAsFalse" classname="ChessWithTDD.Tests.AlgebraicNotationGeneratorTests" runstate="Runnable" seed="1124434439" result="Passed" start-time="2017-07-31 23:04:27Z" end-time="2017-07-31 23:04:27Z" duration="0.000083" asserts="1" />
            <test-case id="0-1297" name="NonPawnMoveTestCaptureAndSquaresForConstantCheckAndMateAsFalse(&quot;Rb2-b3&quot;,ChessWithTDD.Move,False,ChessWithTDD.Rook)" fullname="ChessWithTDD.Tests.AlgebraicNotationGeneratorTests.NonPawnMoveTestCaptureAndSquaresForConstantCheckAndMateAsFalse(&quot;Rb2-b3&quot;,ChessWithTDD.Move,False,ChessWithTDD.Rook)" methodname="NonPawnMoveTestCaptureAndSquaresForConstantCheckAndMateAsFalse" classname="ChessWithTDD.Tests.AlgebraicNotationGeneratorTests" runstate="Runnable" seed="435317980" result="Passed" start-time="2017-07-31 23:04:27Z" end-time="2017-07-31 23:04:27Z" duration="0.000087" asserts="1" />
            <test-case id="0-1298" name="NonPawnMoveTestCaptureAndSquaresForConstantCheckAndMateAsFalse(&quot;Rc2-c3&quot;,ChessWithTDD.Move,False,ChessWithTDD.Rook)" fullname="ChessWithTDD.Tests.AlgebraicNotationGeneratorTests.NonPawnMoveTestCaptureAndSquaresForConstantCheckAndMateAsFalse(&quot;Rc2-c3&quot;,ChessWithTDD.Move,False,ChessWithTDD.Rook)" methodname="NonPawnMoveTestCaptureAndSquaresForConstantCheckAndMateAsFalse" classname="ChessWithTDD.Tests.AlgebraicNotationGeneratorTests" runstate="Runnable" seed="726870911" result="Passed" start-time="2017-07-31 23:04:27Z" end-time="2017-07-31 23:04:27Z" duration="0.000110" asserts="1" />
            <test-case id="0-1299" name="NonPawnMoveTestCaptureAndSquaresForConstantCheckAndMateAsFalse(&quot;Rd2-d3&quot;,ChessWithTDD.Move,False,ChessWithTDD.Rook)" fullname="ChessWithTDD.Tests.AlgebraicNotationGeneratorTests.NonPawnMoveTestCaptureAndSquaresForConstantCheckAndMateAsFalse(&quot;Rd2-d3&quot;,ChessWithTDD.Move,False,ChessWithTDD.Rook)" methodname="NonPawnMoveTestCaptureAndSquaresForConstantCheckAndMateAsFalse" classname="ChessWithTDD.Tests.AlgebraicNotationGeneratorTests" runstate="Runnable" seed="2041720957" result="Passed" start-time="2017-07-31 23:04:27Z" end-time="2017-07-31 23:04:27Z" duration="0.000127" asserts="1" />
            <test-case id="0-1300" name="NonPawnMoveTestCaptureAndSquaresForConstantCheckAndMateAsFalse(&quot;Re2xe3&quot;,ChessWithTDD.Move,True,ChessWithTDD.Rook)" fullname="ChessWithTDD.Tests.AlgebraicNotationGeneratorTests.NonPawnMoveTestCaptureAndSquaresForConstantCheckAndMateAsFalse(&quot;Re2xe3&quot;,ChessWithTDD.Move,True,ChessWithTDD.Rook)" methodname="NonPawnMoveTestCaptureAndSquaresForConstantCheckAndMateAsFalse" classname="ChessWithTDD.Tests.AlgebraicNotationGeneratorTests" runstate="Runnable" seed="706306124" result="Passed" start-time="2017-07-31 23:04:27Z" end-time="2017-07-31 23:04:27Z" duration="0.000112" asserts="1" />
            <test-case id="0-1301" name="NonPawnMoveTestCaptureAndSquaresForConstantCheckAndMateAsFalse(&quot;Rf2xf3&quot;,ChessWithTDD.Move,True,ChessWithTDD.Rook)" fullname="ChessWithTDD.Tests.AlgebraicNotationGeneratorTests.NonPawnMoveTestCaptureAndSquaresForConstantCheckAndMateAsFalse(&quot;Rf2xf3&quot;,ChessWithTDD.Move,True,ChessWithTDD.Rook)" methodname="NonPawnMoveTestCaptureAndSquaresForConstantCheckAndMateAsFalse" classname="ChessWithTDD.Tests.AlgebraicNotationGeneratorTests" runstate="Runnable" seed="627741896" result="Passed" start-time="2017-07-31 23:04:27Z" end-time="2017-07-31 23:04:27Z" duration="0.000100" asserts="1" />
            <test-case id="0-1302" name="NonPawnMoveTestCaptureAndSquaresForConstantCheckAndMateAsFalse(&quot;Rg2xg3&quot;,ChessWithTDD.Move,True,ChessWithTDD.Rook)" fullname="ChessWithTDD.Tests.AlgebraicNotationGeneratorTests.NonPawnMoveTestCaptureAndSquaresForConstantCheckAndMateAsFalse(&quot;Rg2xg3&quot;,ChessWithTDD.Move,True,ChessWithTDD.Rook)" methodname="NonPawnMoveTestCaptureAndSquaresForConstantCheckAndMateAsFalse" classname="ChessWithTDD.Tests.AlgebraicNotationGeneratorTests" runstate="Runnable" seed="591299910" result="Passed" start-time="2017-07-31 23:04:27Z" end-time="2017-07-31 23:04:27Z" duration="0.000092" asserts="1" />
            <test-case id="0-1303" name="NonPawnMoveTestCaptureAndSquaresForConstantCheckAndMateAsFalse(&quot;Rh2xh3&quot;,ChessWithTDD.Move,True,ChessWithTDD.Rook)" fullname="ChessWithTDD.Tests.AlgebraicNotationGeneratorTests.NonPawnMoveTestCaptureAndSquaresForConstantCheckAndMateAsFalse(&quot;Rh2xh3&quot;,ChessWithTDD.Move,True,ChessWithTDD.Rook)" methodname="NonPawnMoveTestCaptureAndSquaresForConstantCheckAndMateAsFalse" classname="ChessWithTDD.Tests.AlgebraicNotationGeneratorTests" runstate="Runnable" seed="1475997035" result="Passed" start-time="2017-07-31 23:04:27Z" end-time="2017-07-31 23:04:27Z" duration="0.000222" asserts="1" />
            <test-case id="0-1304" name="NonPawnMoveTestCaptureAndSquaresForConstantCheckAndMateAsFalse(&quot;Ba7-a6&quot;,ChessWithTDD.Move,False,ChessWithTDD.Bishop)" fullname="ChessWithTDD.Tests.AlgebraicNotationGeneratorTests.NonPawnMoveTestCaptureAndSquaresForConstantCheckAndMateAsFalse(&quot;Ba7-a6&quot;,ChessWithTDD.Move,False,ChessWithTDD.Bishop)" methodname="NonPawnMoveTestCaptureAndSquaresForConstantCheckAndMateAsFalse" classname="ChessWithTDD.Tests.AlgebraicNotationGeneratorTests" runstate="Runnable" seed="1789832775" result="Passed" start-time="2017-07-31 23:04:27Z" end-time="2017-07-31 23:04:27Z" duration="0.000112" asserts="1" />
            <test-case id="0-1305" name="NonPawnMoveTestCaptureAndSquaresForConstantCheckAndMateAsFalse(&quot;Bb7-b6&quot;,ChessWithTDD.Move,False,ChessWithTDD.Bishop)" fullname="ChessWithTDD.Tests.AlgebraicNotationGeneratorTests.NonPawnMoveTestCaptureAndSquaresForConstantCheckAndMateAsFalse(&quot;Bb7-b6&quot;,ChessWithTDD.Move,False,ChessWithTDD.Bishop)" methodname="NonPawnMoveTestCaptureAndSquaresForConstantCheckAndMateAsFalse" classname="ChessWithTDD.Tests.AlgebraicNotationGeneratorTests" runstate="Runnable" seed="1022244169" result="Passed" start-time="2017-07-31 23:04:27Z" end-time="2017-07-31 23:04:27Z" duration="0.000145" asserts="1" />
            <test-case id="0-1306" name="NonPawnMoveTestCaptureAndSquaresForConstantCheckAndMateAsFalse(&quot;Bc7-c6&quot;,ChessWithTDD.Move,False,ChessWithTDD.Bishop)" fullname="ChessWithTDD.Tests.AlgebraicNotationGeneratorTests.NonPawnMoveTestCaptureAndSquaresForConstantCheckAndMateAsFalse(&quot;Bc7-c6&quot;,ChessWithTDD.Move,False,ChessWithTDD.Bishop)" methodname="NonPawnMoveTestCaptureAndSquaresForConstantCheckAndMateAsFalse" classname="ChessWithTDD.Tests.AlgebraicNotationGeneratorTests" runstate="Runnable" seed="983874205" result="Passed" start-time="2017-07-31 23:04:27Z" end-time="2017-07-31 23:04:27Z" duration="0.000084" asserts="1" />
            <test-case id="0-1307" name="NonPawnMoveTestCaptureAndSquaresForConstantCheckAndMateAsFalse(&quot;Bd7-d6&quot;,ChessWithTDD.Move,False,ChessWithTDD.Bishop)" fullname="ChessWithTDD.Tests.AlgebraicNotationGeneratorTests.NonPawnMoveTestCaptureAndSquaresForConstantCheckAndMateAsFalse(&quot;Bd7-d6&quot;,ChessWithTDD.Move,False,ChessWithTDD.Bishop)" methodname="NonPawnMoveTestCaptureAndSquaresForConstantCheckAndMateAsFalse" classname="ChessWithTDD.Tests.AlgebraicNotationGeneratorTests" runstate="Runnable" seed="1208081628" result="Passed" start-time="2017-07-31 23:04:27Z" end-time="2017-07-31 23:04:27Z" duration="0.000084" asserts="1" />
            <test-case id="0-1308" name="NonPawnMoveTestCaptureAndSquaresForConstantCheckAndMateAsFalse(&quot;Be7xe6&quot;,ChessWithTDD.Move,True,ChessWithTDD.Bishop)" fullname="ChessWithTDD.Tests.AlgebraicNotationGeneratorTests.NonPawnMoveTestCaptureAndSquaresForConstantCheckAndMateAsFalse(&quot;Be7xe6&quot;,ChessWithTDD.Move,True,ChessWithTDD.Bishop)" methodname="NonPawnMoveTestCaptureAndSquaresForConstantCheckAndMateAsFalse" classname="ChessWithTDD.Tests.AlgebraicNotationGeneratorTests" runstate="Runnable" seed="622240130" result="Passed" start-time="2017-07-31 23:04:27Z" end-time="2017-07-31 23:04:27Z" duration="0.000085" asserts="1" />
            <test-case id="0-1309" name="NonPawnMoveTestCaptureAndSquaresForConstantCheckAndMateAsFalse(&quot;Bf7xf6&quot;,ChessWithTDD.Move,True,ChessWithTDD.Bishop)" fullname="ChessWithTDD.Tests.AlgebraicNotationGeneratorTests.NonPawnMoveTestCaptureAndSquaresForConstantCheckAndMateAsFalse(&quot;Bf7xf6&quot;,ChessWithTDD.Move,True,ChessWithTDD.Bishop)" methodname="NonPawnMoveTestCaptureAndSquaresForConstantCheckAndMateAsFalse" classname="ChessWithTDD.Tests.AlgebraicNotationGeneratorTests" runstate="Runnable" seed="1043955118" result="Passed" start-time="2017-07-31 23:04:27Z" end-time="2017-07-31 23:04:27Z" duration="0.000087" asserts="1" />
            <test-case id="0-1310" name="NonPawnMoveTestCaptureAndSquaresForConstantCheckAndMateAsFalse(&quot;Bg7xg6&quot;,ChessWithTDD.Move,True,ChessWithTDD.Bishop)" fullname="ChessWithTDD.Tests.AlgebraicNotationGeneratorTests.NonPawnMoveTestCaptureAndSquaresForConstantCheckAndMateAsFalse(&quot;Bg7xg6&quot;,ChessWithTDD.Move,True,ChessWithTDD.Bishop)" methodname="NonPawnMoveTestCaptureAndSquaresForConstantCheckAndMateAsFalse" classname="ChessWithTDD.Tests.AlgebraicNotationGeneratorTests" runstate="Runnable" seed="2049023800" result="Passed" start-time="2017-07-31 23:04:27Z" end-time="2017-07-31 23:04:27Z" duration="0.000158" asserts="1" />
            <test-case id="0-1311" name="NonPawnMoveTestCaptureAndSquaresForConstantCheckAndMateAsFalse(&quot;Bh7xh6&quot;,ChessWithTDD.Move,True,ChessWithTDD.Bishop)" fullname="ChessWithTDD.Tests.AlgebraicNotationGeneratorTests.NonPawnMoveTestCaptureAndSquaresForConstantCheckAndMateAsFalse(&quot;Bh7xh6&quot;,ChessWithTDD.Move,True,ChessWithTDD.Bishop)" methodname="NonPawnMoveTestCaptureAndSquaresForConstantCheckAndMateAsFalse" classname="ChessWithTDD.Tests.AlgebraicNotationGeneratorTests" runstate="Runnable" seed="1489815686" result="Passed" start-time="2017-07-31 23:04:27Z" end-time="2017-07-31 23:04:27Z" duration="0.000087" asserts="1" />
            <test-case id="0-1312" name="NonPawnMoveTestCaptureAndSquaresForConstantCheckAndMateAsFalse(&quot;Na2-b3&quot;,ChessWithTDD.Move,False,ChessWithTDD.Knight)" fullname="ChessWithTDD.Tests.AlgebraicNotationGeneratorTests.NonPawnMoveTestCaptureAndSquaresForConstantCheckAndMateAsFalse(&quot;Na2-b3&quot;,ChessWithTDD.Move,False,ChessWithTDD.Knight)" methodname="NonPawnMoveTestCaptureAndSquaresForConstantCheckAndMateAsFalse" classname="ChessWithTDD.Tests.AlgebraicNotationGeneratorTests" runstate="Runnable" seed="971815388" result="Passed" start-time="2017-07-31 23:04:27Z" end-time="2017-07-31 23:04:27Z" duration="0.000084" asserts="1" />
            <test-case id="0-1313" name="NonPawnMoveTestCaptureAndSquaresForConstantCheckAndMateAsFalse(&quot;Nb2-c3&quot;,ChessWithTDD.Move,False,ChessWithTDD.Knight)" fullname="ChessWithTDD.Tests.AlgebraicNotationGeneratorTests.NonPawnMoveTestCaptureAndSquaresForConstantCheckAndMateAsFalse(&quot;Nb2-c3&quot;,ChessWithTDD.Move,False,ChessWithTDD.Knight)" methodname="NonPawnMoveTestCaptureAndSquaresForConstantCheckAndMateAsFalse" classname="ChessWithTDD.Tests.AlgebraicNotationGeneratorTests" runstate="Runnable" seed="1417784754" result="Passed" start-time="2017-07-31 23:04:27Z" end-time="2017-07-31 23:04:27Z" duration="0.000185" asserts="1" />
            <test-case id="0-1314" name="NonPawnMoveTestCaptureAndSquaresForConstantCheckAndMateAsFalse(&quot;Nc2-d3&quot;,ChessWithTDD.Move,False,ChessWithTDD.Knight)" fullname="ChessWithTDD.Tests.AlgebraicNotationGeneratorTests.NonPawnMoveTestCaptureAndSquaresForConstantCheckAndMateAsFalse(&quot;Nc2-d3&quot;,ChessWithTDD.Move,False,ChessWithTDD.Knight)" methodname="NonPawnMoveTestCaptureAndSquaresForConstantCheckAndMateAsFalse" classname="ChessWithTDD.Tests.AlgebraicNotationGeneratorTests" runstate="Runnable" seed="1519905828" result="Passed" start-time="2017-07-31 23:04:27Z" end-time="2017-07-31 23:04:27Z" duration="0.000139" asserts="1" />
            <test-case id="0-1315" name="NonPawnMoveTestCaptureAndSquaresForConstantCheckAndMateAsFalse(&quot;Nd2-e3&quot;,ChessWithTDD.Move,False,ChessWithTDD.Knight)" fullname="ChessWithTDD.Tests.AlgebraicNotationGeneratorTests.NonPawnMoveTestCaptureAndSquaresForConstantCheckAndMateAsFalse(&quot;Nd2-e3&quot;,ChessWithTDD.Move,False,ChessWithTDD.Knight)" methodname="NonPawnMoveTestCaptureAndSquaresForConstantCheckAndMateAsFalse" classname="ChessWithTDD.Tests.AlgebraicNotationGeneratorTests" runstate="Runnable" seed="1848452296" result="Passed" start-time="2017-07-31 23:04:27Z" end-time="2017-07-31 23:04:27Z" duration="0.000086" asserts="1" />
            <test-case id="0-1316" name="NonPawnMoveTestCaptureAndSquaresForConstantCheckAndMateAsFalse(&quot;Ne2xf3&quot;,ChessWithTDD.Move,True,ChessWithTDD.Knight)" fullname="ChessWithTDD.Tests.AlgebraicNotationGeneratorTests.NonPawnMoveTestCaptureAndSquaresForConstantCheckAndMateAsFalse(&quot;Ne2xf3&quot;,ChessWithTDD.Move,True,ChessWithTDD.Knight)" methodname="NonPawnMoveTestCaptureAndSquaresForConstantCheckAndMateAsFalse" classname="ChessWithTDD.Tests.AlgebraicNotationGeneratorTests" runstate="Runnable" seed="2033331544" result="Passed" start-time="2017-07-31 23:04:27Z" end-time="2017-07-31 23:04:27Z" duration="0.000139" asserts="1" />
            <test-case id="0-1317" name="NonPawnMoveTestCaptureAndSquaresForConstantCheckAndMateAsFalse(&quot;Nf2xg3&quot;,ChessWithTDD.Move,True,ChessWithTDD.Knight)" fullname="ChessWithTDD.Tests.AlgebraicNotationGeneratorTests.NonPawnMoveTestCaptureAndSquaresForConstantCheckAndMateAsFalse(&quot;Nf2xg3&quot;,ChessWithTDD.Move,True,ChessWithTDD.Knight)" methodname="NonPawnMoveTestCaptureAndSquaresForConstantCheckAndMateAsFalse" classname="ChessWithTDD.Tests.AlgebraicNotationGeneratorTests" runstate="Runnable" seed="399961758" result="Passed" start-time="2017-07-31 23:04:27Z" end-time="2017-07-31 23:04:27Z" duration="0.000085" asserts="1" />
            <test-case id="0-1318" name="NonPawnMoveTestCaptureAndSquaresForConstantCheckAndMateAsFalse(&quot;Ng2xh3&quot;,ChessWithTDD.Move,True,ChessWithTDD.Knight)" fullname="ChessWithTDD.Tests.AlgebraicNotationGeneratorTests.NonPawnMoveTestCaptureAndSquaresForConstantCheckAndMateAsFalse(&quot;Ng2xh3&quot;,ChessWithTDD.Move,True,ChessWithTDD.Knight)" methodname="NonPawnMoveTestCaptureAndSquaresForConstantCheckAndMateAsFalse" classname="ChessWithTDD.Tests.AlgebraicNotationGeneratorTests" runstate="Runnable" seed="1311906759" result="Passed" start-time="2017-07-31 23:04:27Z" end-time="2017-07-31 23:04:27Z" duration="0.000104" asserts="1" />
            <test-case id="0-1319" name="NonPawnMoveTestCaptureAndSquaresForConstantCheckAndMateAsFalse(&quot;Nh2xg3&quot;,ChessWithTDD.Move,True,ChessWithTDD.Knight)" fullname="ChessWithTDD.Tests.AlgebraicNotationGeneratorTests.NonPawnMoveTestCaptureAndSquaresForConstantCheckAndMateAsFalse(&quot;Nh2xg3&quot;,ChessWithTDD.Move,True,ChessWithTDD.Knight)" methodname="NonPawnMoveTestCaptureAndSquaresForConstantCheckAndMateAsFalse" classname="ChessWithTDD.Tests.AlgebraicNotationGeneratorTests" runstate="Runnable" seed="1668278114" result="Passed" start-time="2017-07-31 23:04:27Z" end-time="2017-07-31 23:04:27Z" duration="0.000116" asserts="1" />
          </test-suite>
          <test-suite type="ParameterizedMethod" id="0-1336" name="NonPawnMoveTestCheckAndMateForConstantCaptureAsFalse" fullname="ChessWithTDD.Tests.AlgebraicNotationGeneratorTests.NonPawnMoveTestCheckAndMateForConstantCaptureAsFalse" classname="ChessWithTDD.Tests.AlgebraicNotationGeneratorTests" runstate="Runnable" testcasecount="6" result="Passed" start-time="2017-07-31 23:04:27Z" end-time="2017-07-31 23:04:27Z" duration="0.019028" total="6" passed="6" failed="0" warnings="0" inconclusive="0" skipped="0" asserts="6">
            <test-case id="0-1330" name="NonPawnMoveTestCheckAndMateForConstantCaptureAsFalse(&quot;Ka2-b3&quot;,ChessWithTDD.Move,False,False,ChessWithTDD.King)" fullname="ChessWithTDD.Tests.AlgebraicNotationGeneratorTests.NonPawnMoveTestCheckAndMateForConstantCaptureAsFalse(&quot;Ka2-b3&quot;,ChessWithTDD.Move,False,False,ChessWithTDD.King)" methodname="NonPawnMoveTestCheckAndMateForConstantCaptureAsFalse" classname="ChessWithTDD.Tests.AlgebraicNotationGeneratorTests" runstate="Runnable" seed="1769902248" result="Passed" start-time="2017-07-31 23:04:27Z" end-time="2017-07-31 23:04:27Z" duration="0.000333" asserts="1" />
            <test-case id="0-1331" name="NonPawnMoveTestCheckAndMateForConstantCaptureAsFalse(&quot;Qb2-c3&quot;,ChessWithTDD.Move,False,False,ChessWithTDD.Queen)" fullname="ChessWithTDD.Tests.AlgebraicNotationGeneratorTests.NonPawnMoveTestCheckAndMateForConstantCaptureAsFalse(&quot;Qb2-c3&quot;,ChessWithTDD.Move,False,False,ChessWithTDD.Queen)" methodname="NonPawnMoveTestCheckAndMateForConstantCaptureAsFalse" classname="ChessWithTDD.Tests.AlgebraicNotationGeneratorTests" runstate="Runnable" seed="584131939" result="Passed" start-time="2017-07-31 23:04:27Z" end-time="2017-07-31 23:04:27Z" duration="0.000149" asserts="1" />
            <test-case id="0-1332" name="NonPawnMoveTestCheckAndMateForConstantCaptureAsFalse(&quot;Rc2-d3+&quot;,ChessWithTDD.Move,True,False,ChessWithTDD.Rook)" fullname="ChessWithTDD.Tests.AlgebraicNotationGeneratorTests.NonPawnMoveTestCheckAndMateForConstantCaptureAsFalse(&quot;Rc2-d3+&quot;,ChessWithTDD.Move,True,False,ChessWithTDD.Rook)" methodname="NonPawnMoveTestCheckAndMateForConstantCaptureAsFalse" classname="ChessWithTDD.Tests.AlgebraicNotationGeneratorTests" runstate="Runnable" seed="540784190" result="Passed" start-time="2017-07-31 23:04:27Z" end-time="2017-07-31 23:04:27Z" duration="0.000089" asserts="1" />
            <test-case id="0-1333" name="NonPawnMoveTestCheckAndMateForConstantCaptureAsFalse(&quot;Nd2-e3+&quot;,ChessWithTDD.Move,True,False,ChessWithTDD.Knight)" fullname="ChessWithTDD.Tests.AlgebraicNotationGeneratorTests.NonPawnMoveTestCheckAndMateForConstantCaptureAsFalse(&quot;Nd2-e3+&quot;,ChessWithTDD.Move,True,False,ChessWithTDD.Knight)" methodname="NonPawnMoveTestCheckAndMateForConstantCaptureAsFalse" classname="ChessWithTDD.Tests.AlgebraicNotationGeneratorTests" runstate="Runnable" seed="1281445388" result="Passed" start-time="2017-07-31 23:04:27Z" end-time="2017-07-31 23:04:27Z" duration="0.000090" asserts="1" />
            <test-case id="0-1334" name="NonPawnMoveTestCheckAndMateForConstantCaptureAsFalse(&quot;Be2-f3#&quot;,ChessWithTDD.Move,True,True,ChessWithTDD.Bishop)" fullname="ChessWithTDD.Tests.AlgebraicNotationGeneratorTests.NonPawnMoveTestCheckAndMateForConstantCaptureAsFalse(&quot;Be2-f3#&quot;,ChessWithTDD.Move,True,True,ChessWithTDD.Bishop)" methodname="NonPawnMoveTestCheckAndMateForConstantCaptureAsFalse" classname="ChessWithTDD.Tests.AlgebraicNotationGeneratorTests" runstate="Runnable" seed="1055490190" result="Passed" start-time="2017-07-31 23:04:27Z" end-time="2017-07-31 23:04:27Z" duration="0.000113" asserts="1" />
            <test-case id="0-1335" name="NonPawnMoveTestCheckAndMateForConstantCaptureAsFalse(&quot;Kf2-g3#&quot;,ChessWithTDD.Move,True,True,ChessWithTDD.King)" fullname="ChessWithTDD.Tests.AlgebraicNotationGeneratorTests.NonPawnMoveTestCheckAndMateForConstantCaptureAsFalse(&quot;Kf2-g3#&quot;,ChessWithTDD.Move,True,True,ChessWithTDD.King)" methodname="NonPawnMoveTestCheckAndMateForConstantCaptureAsFalse" classname="ChessWithTDD.Tests.AlgebraicNotationGeneratorTests" runstate="Runnable" seed="1294616220" result="Passed" start-time="2017-07-31 23:04:27Z" end-time="2017-07-31 23:04:27Z" duration="0.000085" asserts="1" />
          </test-suite>
          <test-suite type="ParameterizedMethod" id="0-1339" name="NonPawnMoveTestInvalidCheckAndMate" fullname="ChessWithTDD.Tests.AlgebraicNotationGeneratorTests.NonPawnMoveTestInvalidCheckAndMate" classname="ChessWithTDD.Tests.AlgebraicNotationGeneratorTests" runstate="Runnable" testcasecount="2" result="Passed" start-time="2017-07-31 23:04:27Z" end-time="2017-07-31 23:04:27Z" duration="0.006476" total="2" passed="2" failed="0" warnings="0" inconclusive="0" skipped="0" asserts="2">
            <test-case id="0-1337" name="NonPawnMoveTestInvalidCheckAndMate(&quot;&quot;,ChessWithTDD.Move,False,True,ChessWithTDD.Queen)" fullname="ChessWithTDD.Tests.AlgebraicNotationGeneratorTests.NonPawnMoveTestInvalidCheckAndMate(&quot;&quot;,ChessWithTDD.Move,False,True,ChessWithTDD.Queen)" methodname="NonPawnMoveTestInvalidCheckAndMate" classname="ChessWithTDD.Tests.AlgebraicNotationGeneratorTests" runstate="Runnable" seed="232349315" result="Passed" start-time="2017-07-31 23:04:27Z" end-time="2017-07-31 23:04:27Z" duration="0.000441" asserts="1" />
            <test-case id="0-1338" name="NonPawnMoveTestInvalidCheckAndMate(&quot;&quot;,ChessWithTDD.Move,False,True,ChessWithTDD.Queen)" fullname="ChessWithTDD.Tests.AlgebraicNotationGeneratorTests.NonPawnMoveTestInvalidCheckAndMate(&quot;&quot;,ChessWithTDD.Move,False,True,ChessWithTDD.Queen)" methodname="NonPawnMoveTestInvalidCheckAndMate" classname="ChessWithTDD.Tests.AlgebraicNotationGeneratorTests" runstate="Runnable" seed="689617838" result="Passed" start-time="2017-07-31 23:04:27Z" end-time="2017-07-31 23:04:27Z" duration="0.000078" asserts="1" />
          </test-suite>
          <test-suite type="ParameterizedMethod" id="0-1329" name="NonPawnMoveTestInvalidMove" fullname="ChessWithTDD.Tests.AlgebraicNotationGeneratorTests.NonPawnMoveTestInvalidMove" classname="ChessWithTDD.Tests.AlgebraicNotationGeneratorTests" runstate="Runnable" testcasecount="8" result="Passed" start-time="2017-07-31 23:04:27Z" end-time="2017-07-31 23:04:27Z" duration="0.026006" total="8" passed="8" failed="0" warnings="0" inconclusive="0" skipped="0" asserts="8">
            <test-case id="0-1321" name="NonPawnMoveTestInvalidMove(&quot;&quot;,ChessWithTDD.Move,False,ChessWithTDD.King)" fullname="ChessWithTDD.Tests.AlgebraicNotationGeneratorTests.NonPawnMoveTestInvalidMove(&quot;&quot;,ChessWithTDD.Move,False,ChessWithTDD.King)" methodname="NonPawnMoveTestInvalidMove" classname="ChessWithTDD.Tests.AlgebraicNotationGeneratorTests" runstate="Runnable" seed="999280387" result="Passed" start-time="2017-07-31 23:04:27Z" end-time="2017-07-31 23:04:27Z" duration="0.000353" asserts="1" />
            <test-case id="0-1322" name="NonPawnMoveTestInvalidMove(&quot;&quot;,ChessWithTDD.Move,True,ChessWithTDD.King)" fullname="ChessWithTDD.Tests.AlgebraicNotationGeneratorTests.NonPawnMoveTestInvalidMove(&quot;&quot;,ChessWithTDD.Move,True,ChessWithTDD.King)" methodname="NonPawnMoveTestInvalidMove" classname="ChessWithTDD.Tests.AlgebraicNotationGeneratorTests" runstate="Runnable" seed="422684362" result="Passed" start-time="2017-07-31 23:04:27Z" end-time="2017-07-31 23:04:27Z" duration="0.000075" asserts="1" />
            <test-case id="0-1323" name="NonPawnMoveTestInvalidMove(&quot;&quot;,ChessWithTDD.Move,False,ChessWithTDD.King)" fullname="ChessWithTDD.Tests.AlgebraicNotationGeneratorTests.NonPawnMoveTestInvalidMove(&quot;&quot;,ChessWithTDD.Move,False,ChessWithTDD.King)" methodname="NonPawnMoveTestInvalidMove" classname="ChessWithTDD.Tests.AlgebraicNotationGeneratorTests" runstate="Runnable" seed="894212280" result="Passed" start-time="2017-07-31 23:04:27Z" end-time="2017-07-31 23:04:27Z" duration="0.000172" asserts="1" />
            <test-case id="0-1324" name="NonPawnMoveTestInvalidMove(&quot;&quot;,ChessWithTDD.Move,True,ChessWithTDD.King)" fullname="ChessWithTDD.Tests.AlgebraicNotationGeneratorTests.NonPawnMoveTestInvalidMove(&quot;&quot;,ChessWithTDD.Move,True,ChessWithTDD.King)" methodname="NonPawnMoveTestInvalidMove" classname="ChessWithTDD.Tests.AlgebraicNotationGeneratorTests" runstate="Runnable" seed="45280260" result="Passed" start-time="2017-07-31 23:04:27Z" end-time="2017-07-31 23:04:27Z" duration="0.000086" asserts="1" />
            <test-case id="0-1325" name="NonPawnMoveTestInvalidMove(&quot;&quot;,ChessWithTDD.Move,False,ChessWithTDD.King)" fullname="ChessWithTDD.Tests.AlgebraicNotationGeneratorTests.NonPawnMoveTestInvalidMove(&quot;&quot;,ChessWithTDD.Move,False,ChessWithTDD.King)" methodname="NonPawnMoveTestInvalidMove" classname="ChessWithTDD.Tests.AlgebraicNotationGeneratorTests" runstate="Runnable" seed="1608062493" result="Passed" start-time="2017-07-31 23:04:27Z" end-time="2017-07-31 23:04:27Z" duration="0.000073" asserts="1" />
            <test-case id="0-1326" name="NonPawnMoveTestInvalidMove(&quot;&quot;,ChessWithTDD.Move,True,ChessWithTDD.King)" fullname="ChessWithTDD.Tests.AlgebraicNotationGeneratorTests.NonPawnMoveTestInvalidMove(&quot;&quot;,ChessWithTDD.Move,True,ChessWithTDD.King)" methodname="NonPawnMoveTestInvalidMove" classname="ChessWithTDD.Tests.AlgebraicNotationGeneratorTests" runstate="Runnable" seed="1953413609" result="Passed" start-time="2017-07-31 23:04:27Z" end-time="2017-07-31 23:04:27Z" duration="0.000086" asserts="1" />
            <test-case id="0-1327" name="NonPawnMoveTestInvalidMove(&quot;&quot;,ChessWithTDD.Move,False,ChessWithTDD.King)" fullname="ChessWithTDD.Tests.AlgebraicNotationGeneratorTests.NonPawnMoveTestInvalidMove(&quot;&quot;,ChessWithTDD.Move,False,ChessWithTDD.King)" methodname="NonPawnMoveTestInvalidMove" classname="ChessWithTDD.Tests.AlgebraicNotationGeneratorTests" runstate="Runnable" seed="793671940" result="Passed" start-time="2017-07-31 23:04:27Z" end-time="2017-07-31 23:04:27Z" duration="0.000072" asserts="1" />
            <test-case id="0-1328" name="NonPawnMoveTestInvalidMove(&quot;&quot;,ChessWithTDD.Move,True,ChessWithTDD.King)" fullname="ChessWithTDD.Tests.AlgebraicNotationGeneratorTests.NonPawnMoveTestInvalidMove(&quot;&quot;,ChessWithTDD.Move,True,ChessWithTDD.King)" methodname="NonPawnMoveTestInvalidMove" classname="ChessWithTDD.Tests.AlgebraicNotationGeneratorTests" runstate="Runnable" seed="218357681" result="Passed" start-time="2017-07-31 23:04:27Z" end-time="2017-07-31 23:04:27Z" duration="0.000084" asserts="1" />
          </test-suite>
          <test-suite type="ParameterizedMethod" id="0-1260" name="PawnMoveTestCaptureAndSquaresForConstantCheckAndMateAsFalse" fullname="ChessWithTDD.Tests.AlgebraicNotationGeneratorTests.PawnMoveTestCaptureAndSquaresForConstantCheckAndMateAsFalse" classname="ChessWithTDD.Tests.AlgebraicNotationGeneratorTests" runstate="Runnable" testcasecount="40" result="Passed" start-time="2017-07-31 23:04:27Z" end-time="2017-07-31 23:04:27Z" duration="0.124477" total="40" passed="40" failed="0" warnings="0" inconclusive="0" skipped="0" asserts="40">
            <test-case id="0-1220" name="PawnMoveTestCaptureAndSquaresForConstantCheckAndMateAsFalse(&quot;a2-a4&quot;,ChessWithTDD.Move,False)" fullname="ChessWithTDD.Tests.AlgebraicNotationGeneratorTests.PawnMoveTestCaptureAndSquaresForConstantCheckAndMateAsFalse(&quot;a2-a4&quot;,ChessWithTDD.Move,False)" methodname="PawnMoveTestCaptureAndSquaresForConstantCheckAndMateAsFalse" classname="ChessWithTDD.Tests.AlgebraicNotationGeneratorTests" runstate="Runnable" seed="457670215" result="Passed" start-time="2017-07-31 23:04:27Z" end-time="2017-07-31 23:04:27Z" duration="0.000950" asserts="1" />
            <test-case id="0-1221" name="PawnMoveTestCaptureAndSquaresForConstantCheckAndMateAsFalse(&quot;b2-b4&quot;,ChessWithTDD.Move,False)" fullname="ChessWithTDD.Tests.AlgebraicNotationGeneratorTests.PawnMoveTestCaptureAndSquaresForConstantCheckAndMateAsFalse(&quot;b2-b4&quot;,ChessWithTDD.Move,False)" methodname="PawnMoveTestCaptureAndSquaresForConstantCheckAndMateAsFalse" classname="ChessWithTDD.Tests.AlgebraicNotationGeneratorTests" runstate="Runnable" seed="1908128547" result="Passed" start-time="2017-07-31 23:04:27Z" end-time="2017-07-31 23:04:27Z" duration="0.000088" asserts="1" />
            <test-case id="0-1222" name="PawnMoveTestCaptureAndSquaresForConstantCheckAndMateAsFalse(&quot;c2-c4&quot;,ChessWithTDD.Move,False)" fullname="ChessWithTDD.Tests.AlgebraicNotationGeneratorTests.PawnMoveTestCaptureAndSquaresForConstantCheckAndMateAsFalse(&quot;c2-c4&quot;,ChessWithTDD.Move,False)" methodname="PawnMoveTestCaptureAndSquaresForConstantCheckAndMateAsFalse" classname="ChessWithTDD.Tests.AlgebraicNotationGeneratorTests" runstate="Runnable" seed="917586339" result="Passed" start-time="2017-07-31 23:04:27Z" end-time="2017-07-31 23:04:27Z" duration="0.000086" asserts="1" />
            <test-case id="0-1223" name="PawnMoveTestCaptureAndSquaresForConstantCheckAndMateAsFalse(&quot;d2-d4&quot;,ChessWithTDD.Move,False)" fullname="ChessWithTDD.Tests.AlgebraicNotationGeneratorTests.PawnMoveTestCaptureAndSquaresForConstantCheckAndMateAsFalse(&quot;d2-d4&quot;,ChessWithTDD.Move,False)" methodname="PawnMoveTestCaptureAndSquaresForConstantCheckAndMateAsFalse" classname="ChessWithTDD.Tests.AlgebraicNotationGeneratorTests" runstate="Runnable" seed="1820230917" result="Passed" start-time="2017-07-31 23:04:27Z" end-time="2017-07-31 23:04:27Z" duration="0.000085" asserts="1" />
            <test-case id="0-1224" name="PawnMoveTestCaptureAndSquaresForConstantCheckAndMateAsFalse(&quot;e2-e4&quot;,ChessWithTDD.Move,False)" fullname="ChessWithTDD.Tests.AlgebraicNotationGeneratorTests.PawnMoveTestCaptureAndSquaresForConstantCheckAndMateAsFalse(&quot;e2-e4&quot;,ChessWithTDD.Move,False)" methodname="PawnMoveTestCaptureAndSquaresForConstantCheckAndMateAsFalse" classname="ChessWithTDD.Tests.AlgebraicNotationGeneratorTests" runstate="Runnable" seed="1344002796" result="Passed" start-time="2017-07-31 23:04:27Z" end-time="2017-07-31 23:04:27Z" duration="0.000120" asserts="1" />
            <test-case id="0-1225" name="PawnMoveTestCaptureAndSquaresForConstantCheckAndMateAsFalse(&quot;f2-f4&quot;,ChessWithTDD.Move,False)" fullname="ChessWithTDD.Tests.AlgebraicNotationGeneratorTests.PawnMoveTestCaptureAndSquaresForConstantCheckAndMateAsFalse(&quot;f2-f4&quot;,ChessWithTDD.Move,False)" methodname="PawnMoveTestCaptureAndSquaresForConstantCheckAndMateAsFalse" classname="ChessWithTDD.Tests.AlgebraicNotationGeneratorTests" runstate="Runnable" seed="2063386945" result="Passed" start-time="2017-07-31 23:04:27Z" end-time="2017-07-31 23:04:27Z" duration="0.000084" asserts="1" />
            <test-case id="0-1226" name="PawnMoveTestCaptureAndSquaresForConstantCheckAndMateAsFalse(&quot;g2-g4&quot;,ChessWithTDD.Move,False)" fullname="ChessWithTDD.Tests.AlgebraicNotationGeneratorTests.PawnMoveTestCaptureAndSquaresForConstantCheckAndMateAsFalse(&quot;g2-g4&quot;,ChessWithTDD.Move,False)" methodname="PawnMoveTestCaptureAndSquaresForConstantCheckAndMateAsFalse" classname="ChessWithTDD.Tests.AlgebraicNotationGeneratorTests" runstate="Runnable" seed="1718511288" result="Passed" start-time="2017-07-31 23:04:27Z" end-time="2017-07-31 23:04:27Z" duration="0.000088" asserts="1" />
            <test-case id="0-1227" name="PawnMoveTestCaptureAndSquaresForConstantCheckAndMateAsFalse(&quot;h2-h4&quot;,ChessWithTDD.Move,False)" fullname="ChessWithTDD.Tests.AlgebraicNotationGeneratorTests.PawnMoveTestCaptureAndSquaresForConstantCheckAndMateAsFalse(&quot;h2-h4&quot;,ChessWithTDD.Move,False)" methodname="PawnMoveTestCaptureAndSquaresForConstantCheckAndMateAsFalse" classname="ChessWithTDD.Tests.AlgebraicNotationGeneratorTests" runstate="Runnable" seed="1704301959" result="Passed" start-time="2017-07-31 23:04:27Z" end-time="2017-07-31 23:04:27Z" duration="0.000085" asserts="1" />
            <test-case id="0-1228" name="PawnMoveTestCaptureAndSquaresForConstantCheckAndMateAsFalse(&quot;a7-a5&quot;,ChessWithTDD.Move,False)" fullname="ChessWithTDD.Tests.AlgebraicNotationGeneratorTests.PawnMoveTestCaptureAndSquaresForConstantCheckAndMateAsFalse(&quot;a7-a5&quot;,ChessWithTDD.Move,False)" methodname="PawnMoveTestCaptureAndSquaresForConstantCheckAndMateAsFalse" classname="ChessWithTDD.Tests.AlgebraicNotationGeneratorTests" runstate="Runnable" seed="1374025367" result="Passed" start-time="2017-07-31 23:04:27Z" end-time="2017-07-31 23:04:27Z" duration="0.000082" asserts="1" />
            <test-case id="0-1229" name="PawnMoveTestCaptureAndSquaresForConstantCheckAndMateAsFalse(&quot;b7-b5&quot;,ChessWithTDD.Move,False)" fullname="ChessWithTDD.Tests.AlgebraicNotationGeneratorTests.PawnMoveTestCaptureAndSquaresForConstantCheckAndMateAsFalse(&quot;b7-b5&quot;,ChessWithTDD.Move,False)" methodname="PawnMoveTestCaptureAndSquaresForConstantCheckAndMateAsFalse" classname="ChessWithTDD.Tests.AlgebraicNotationGeneratorTests" runstate="Runnable" seed="1853740994" result="Passed" start-time="2017-07-31 23:04:27Z" end-time="2017-07-31 23:04:27Z" duration="0.000092" asserts="1" />
            <test-case id="0-1230" name="PawnMoveTestCaptureAndSquaresForConstantCheckAndMateAsFalse(&quot;c7-c5&quot;,ChessWithTDD.Move,False)" fullname="ChessWithTDD.Tests.AlgebraicNotationGeneratorTests.PawnMoveTestCaptureAndSquaresForConstantCheckAndMateAsFalse(&quot;c7-c5&quot;,ChessWithTDD.Move,False)" methodname="PawnMoveTestCaptureAndSquaresForConstantCheckAndMateAsFalse" classname="ChessWithTDD.Tests.AlgebraicNotationGeneratorTests" runstate="Runnable" seed="1270776942" result="Passed" start-time="2017-07-31 23:04:27Z" end-time="2017-07-31 23:04:27Z" duration="0.000083" asserts="1" />
            <test-case id="0-1231" name="PawnMoveTestCaptureAndSquaresForConstantCheckAndMateAsFalse(&quot;d7-d5&quot;,ChessWithTDD.Move,False)" fullname="ChessWithTDD.Tests.AlgebraicNotationGeneratorTests.PawnMoveTestCaptureAndSquaresForConstantCheckAndMateAsFalse(&quot;d7-d5&quot;,ChessWithTDD.Move,False)" methodname="PawnMoveTestCaptureAndSquaresForConstantCheckAndMateAsFalse" classname="ChessWithTDD.Tests.AlgebraicNotationGeneratorTests" runstate="Runnable" seed="1700681872" result="Passed" start-time="2017-07-31 23:04:27Z" end-time="2017-07-31 23:04:27Z" duration="0.000086" asserts="1" />
            <test-case id="0-1232" name="PawnMoveTestCaptureAndSquaresForConstantCheckAndMateAsFalse(&quot;e7-e5&quot;,ChessWithTDD.Move,False)" fullname="ChessWithTDD.Tests.AlgebraicNotationGeneratorTests.PawnMoveTestCaptureAndSquaresForConstantCheckAndMateAsFalse(&quot;e7-e5&quot;,ChessWithTDD.Move,False)" methodname="PawnMoveTestCaptureAndSquaresForConstantCheckAndMateAsFalse" classname="ChessWithTDD.Tests.AlgebraicNotationGeneratorTests" runstate="Runnable" seed="1504734869" result="Passed" start-time="2017-07-31 23:04:27Z" end-time="2017-07-31 23:04:27Z" duration="0.000086" asserts="1" />
            <test-case id="0-1233" name="PawnMoveTestCaptureAndSquaresForConstantCheckAndMateAsFalse(&quot;f7-f5&quot;,ChessWithTDD.Move,False)" fullname="ChessWithTDD.Tests.AlgebraicNotationGeneratorTests.PawnMoveTestCaptureAndSquaresForConstantCheckAndMateAsFalse(&quot;f7-f5&quot;,ChessWithTDD.Move,False)" methodname="PawnMoveTestCaptureAndSquaresForConstantCheckAndMateAsFalse" classname="ChessWithTDD.Tests.AlgebraicNotationGeneratorTests" runstate="Runnable" seed="387746235" result="Passed" start-time="2017-07-31 23:04:27Z" end-time="2017-07-31 23:04:27Z" duration="0.000084" asserts="1" />
            <test-case id="0-1234" name="PawnMoveTestCaptureAndSquaresForConstantCheckAndMateAsFalse(&quot;g7-g5&quot;,ChessWithTDD.Move,False)" fullname="ChessWithTDD.Tests.AlgebraicNotationGeneratorTests.PawnMoveTestCaptureAndSquaresForConstantCheckAndMateAsFalse(&quot;g7-g5&quot;,ChessWithTDD.Move,False)" methodname="PawnMoveTestCaptureAndSquaresForConstantCheckAndMateAsFalse" classname="ChessWithTDD.Tests.AlgebraicNotationGeneratorTests" runstate="Runnable" seed="801229412" result="Passed" start-time="2017-07-31 23:04:27Z" end-time="2017-07-31 23:04:27Z" duration="0.000114" asserts="1" />
            <test-case id="0-1235" name="PawnMoveTestCaptureAndSquaresForConstantCheckAndMateAsFalse(&quot;h7-h5&quot;,ChessWithTDD.Move,False)" fullname="ChessWithTDD.Tests.AlgebraicNotationGeneratorTests.PawnMoveTestCaptureAndSquaresForConstantCheckAndMateAsFalse(&quot;h7-h5&quot;,ChessWithTDD.Move,False)" methodname="PawnMoveTestCaptureAndSquaresForConstantCheckAndMateAsFalse" classname="ChessWithTDD.Tests.AlgebraicNotationGeneratorTests" runstate="Runnable" seed="2140740421" result="Passed" start-time="2017-07-31 23:04:27Z" end-time="2017-07-31 23:04:27Z" duration="0.000099" asserts="1" />
            <test-case id="0-1236" name="PawnMoveTestCaptureAndSquaresForConstantCheckAndMateAsFalse(&quot;a2-a3&quot;,ChessWithTDD.Move,False)" fullname="ChessWithTDD.Tests.AlgebraicNotationGeneratorTests.PawnMoveTestCaptureAndSquaresForConstantCheckAndMateAsFalse(&quot;a2-a3&quot;,ChessWithTDD.Move,False)" methodname="PawnMoveTestCaptureAndSquaresForConstantCheckAndMateAsFalse" classname="ChessWithTDD.Tests.AlgebraicNotationGeneratorTests" runstate="Runnable" seed="1461840811" result="Passed" start-time="2017-07-31 23:04:27Z" end-time="2017-07-31 23:04:27Z" duration="0.000093" asserts="1" />
            <test-case id="0-1237" name="PawnMoveTestCaptureAndSquaresForConstantCheckAndMateAsFalse(&quot;b2-b3&quot;,ChessWithTDD.Move,False)" fullname="ChessWithTDD.Tests.AlgebraicNotationGeneratorTests.PawnMoveTestCaptureAndSquaresForConstantCheckAndMateAsFalse(&quot;b2-b3&quot;,ChessWithTDD.Move,False)" methodname="PawnMoveTestCaptureAndSquaresForConstantCheckAndMateAsFalse" classname="ChessWithTDD.Tests.AlgebraicNotationGeneratorTests" runstate="Runnable" seed="443760408" result="Passed" start-time="2017-07-31 23:04:27Z" end-time="2017-07-31 23:04:27Z" duration="0.000081" asserts="1" />
            <test-case id="0-1238" name="PawnMoveTestCaptureAndSquaresForConstantCheckAndMateAsFalse(&quot;c2-c3&quot;,ChessWithTDD.Move,False)" fullname="ChessWithTDD.Tests.AlgebraicNotationGeneratorTests.PawnMoveTestCaptureAndSquaresForConstantCheckAndMateAsFalse(&quot;c2-c3&quot;,ChessWithTDD.Move,False)" methodname="PawnMoveTestCaptureAndSquaresForConstantCheckAndMateAsFalse" classname="ChessWithTDD.Tests.AlgebraicNotationGeneratorTests" runstate="Runnable" seed="1971447197" result="Passed" start-time="2017-07-31 23:04:27Z" end-time="2017-07-31 23:04:27Z" duration="0.000130" asserts="1" />
            <test-case id="0-1239" name="PawnMoveTestCaptureAndSquaresForConstantCheckAndMateAsFalse(&quot;d2-d3&quot;,ChessWithTDD.Move,False)" fullname="ChessWithTDD.Tests.AlgebraicNotationGeneratorTests.PawnMoveTestCaptureAndSquaresForConstantCheckAndMateAsFalse(&quot;d2-d3&quot;,ChessWithTDD.Move,False)" methodname="PawnMoveTestCaptureAndSquaresForConstantCheckAndMateAsFalse" classname="ChessWithTDD.Tests.AlgebraicNotationGeneratorTests" runstate="Runnable" seed="180886092" result="Passed" start-time="2017-07-31 23:04:27Z" end-time="2017-07-31 23:04:27Z" duration="0.000102" asserts="1" />
            <test-case id="0-1240" name="PawnMoveTestCaptureAndSquaresForConstantCheckAndMateAsFalse(&quot;e2-e3&quot;,ChessWithTDD.Move,False)" fullname="ChessWithTDD.Tests.AlgebraicNotationGeneratorTests.PawnMoveTestCaptureAndSquaresForConstantCheckAndMateAsFalse(&quot;e2-e3&quot;,ChessWithTDD.Move,False)" methodname="PawnMoveTestCaptureAndSquaresForConstantCheckAndMateAsFalse" classname="ChessWithTDD.Tests.AlgebraicNotationGeneratorTests" runstate="Runnable" seed="1344021329" result="Passed" start-time="2017-07-31 23:04:27Z" end-time="2017-07-31 23:04:27Z" duration="0.000088" asserts="1" />
            <test-case id="0-1241" name="PawnMoveTestCaptureAndSquaresForConstantCheckAndMateAsFalse(&quot;f2-f3&quot;,ChessWithTDD.Move,False)" fullname="ChessWithTDD.Tests.AlgebraicNotationGeneratorTests.PawnMoveTestCaptureAndSquaresForConstantCheckAndMateAsFalse(&quot;f2-f3&quot;,ChessWithTDD.Move,False)" methodname="PawnMoveTestCaptureAndSquaresForConstantCheckAndMateAsFalse" classname="ChessWithTDD.Tests.AlgebraicNotationGeneratorTests" runstate="Runnable" seed="292581399" result="Passed" start-time="2017-07-31 23:04:27Z" end-time="2017-07-31 23:04:27Z" duration="0.000125" asserts="1" />
            <test-case id="0-1242" name="PawnMoveTestCaptureAndSquaresForConstantCheckAndMateAsFalse(&quot;g2-g3&quot;,ChessWithTDD.Move,False)" fullname="ChessWithTDD.Tests.AlgebraicNotationGeneratorTests.PawnMoveTestCaptureAndSquaresForConstantCheckAndMateAsFalse(&quot;g2-g3&quot;,ChessWithTDD.Move,False)" methodname="PawnMoveTestCaptureAndSquaresForConstantCheckAndMateAsFalse" classname="ChessWithTDD.Tests.AlgebraicNotationGeneratorTests" runstate="Runnable" seed="1095840478" result="Passed" start-time="2017-07-31 23:04:27Z" end-time="2017-07-31 23:04:27Z" duration="0.000133" asserts="1" />
            <test-case id="0-1243" name="PawnMoveTestCaptureAndSquaresForConstantCheckAndMateAsFalse(&quot;h2-h3&quot;,ChessWithTDD.Move,False)" fullname="ChessWithTDD.Tests.AlgebraicNotationGeneratorTests.PawnMoveTestCaptureAndSquaresForConstantCheckAndMateAsFalse(&quot;h2-h3&quot;,ChessWithTDD.Move,False)" methodname="PawnMoveTestCaptureAndSquaresForConstantCheckAndMateAsFalse" classname="ChessWithTDD.Tests.AlgebraicNotationGeneratorTests" runstate="Runnable" seed="72208841" result="Passed" start-time="2017-07-31 23:04:27Z" end-time="2017-07-31 23:04:27Z" duration="0.000099" asserts="1" />
            <test-case id="0-1244" name="PawnMoveTestCaptureAndSquaresForConstantCheckAndMateAsFalse(&quot;a7-a6&quot;,ChessWithTDD.Move,False)" fullname="ChessWithTDD.Tests.AlgebraicNotationGeneratorTests.PawnMoveTestCaptureAndSquaresForConstantCheckAndMateAsFalse(&quot;a7-a6&quot;,ChessWithTDD.Move,False)" methodname="PawnMoveTestCaptureAndSquaresForConstantCheckAndMateAsFalse" classname="ChessWithTDD.Tests.AlgebraicNotationGeneratorTests" runstate="Runnable" seed="778251087" result="Passed" start-time="2017-07-31 23:04:27Z" end-time="2017-07-31 23:04:27Z" duration="0.000080" asserts="1" />
            <test-case id="0-1245" name="PawnMoveTestCaptureAndSquaresForConstantCheckAndMateAsFalse(&quot;b7-b6&quot;,ChessWithTDD.Move,False)" fullname="ChessWithTDD.Tests.AlgebraicNotationGeneratorTests.PawnMoveTestCaptureAndSquaresForConstantCheckAndMateAsFalse(&quot;b7-b6&quot;,ChessWithTDD.Move,False)" methodname="PawnMoveTestCaptureAndSquaresForConstantCheckAndMateAsFalse" classname="ChessWithTDD.Tests.AlgebraicNotationGeneratorTests" runstate="Runnable" seed="261207095" result="Passed" start-time="2017-07-31 23:04:27Z" end-time="2017-07-31 23:04:27Z" duration="0.000091" asserts="1" />
            <test-case id="0-1246" name="PawnMoveTestCaptureAndSquaresForConstantCheckAndMateAsFalse(&quot;c7-c6&quot;,ChessWithTDD.Move,False)" fullname="ChessWithTDD.Tests.AlgebraicNotationGeneratorTests.PawnMoveTestCaptureAndSquaresForConstantCheckAndMateAsFalse(&quot;c7-c6&quot;,ChessWithTDD.Move,False)" methodname="PawnMoveTestCaptureAndSquaresForConstantCheckAndMateAsFalse" classname="ChessWithTDD.Tests.AlgebraicNotationGeneratorTests" runstate="Runnable" seed="1863404687" result="Passed" start-time="2017-07-31 23:04:27Z" end-time="2017-07-31 23:04:27Z" duration="0.000107" asserts="1" />
            <test-case id="0-1247" name="PawnMoveTestCaptureAndSquaresForConstantCheckAndMateAsFalse(&quot;d7-d6&quot;,ChessWithTDD.Move,False)" fullname="ChessWithTDD.Tests.AlgebraicNotationGeneratorTests.PawnMoveTestCaptureAndSquaresForConstantCheckAndMateAsFalse(&quot;d7-d6&quot;,ChessWithTDD.Move,False)" methodname="PawnMoveTestCaptureAndSquaresForConstantCheckAndMateAsFalse" classname="ChessWithTDD.Tests.AlgebraicNotationGeneratorTests" runstate="Runnable" seed="1001901610" result="Passed" start-time="2017-07-31 23:04:27Z" end-time="2017-07-31 23:04:27Z" duration="0.000086" asserts="1" />
            <test-case id="0-1248" name="PawnMoveTestCaptureAndSquaresForConstantCheckAndMateAsFalse(&quot;e7-e6&quot;,ChessWithTDD.Move,False)" fullname="ChessWithTDD.Tests.AlgebraicNotationGeneratorTests.PawnMoveTestCaptureAndSquaresForConstantCheckAndMateAsFalse(&quot;e7-e6&quot;,ChessWithTDD.Move,False)" methodname="PawnMoveTestCaptureAndSquaresForConstantCheckAndMateAsFalse" classname="ChessWithTDD.Tests.AlgebraicNotationGeneratorTests" runstate="Runnable" seed="1844193902" result="Passed" start-time="2017-07-31 23:04:27Z" end-time="2017-07-31 23:04:27Z" duration="0.000084" asserts="1" />
            <test-case id="0-1249" name="PawnMoveTestCaptureAndSquaresForConstantCheckAndMateAsFalse(&quot;f7-f6&quot;,ChessWithTDD.Move,False)" fullname="ChessWithTDD.Tests.AlgebraicNotationGeneratorTests.PawnMoveTestCaptureAndSquaresForConstantCheckAndMateAsFalse(&quot;f7-f6&quot;,ChessWithTDD.Move,False)" methodname="PawnMoveTestCaptureAndSquaresForConstantCheckAndMateAsFalse" classname="ChessWithTDD.Tests.AlgebraicNotationGeneratorTests" runstate="Runnable" seed="686662332" result="Passed" start-time="2017-07-31 23:04:27Z" end-time="2017-07-31 23:04:27Z" duration="0.000108" asserts="1" />
            <test-case id="0-1250" name="PawnMoveTestCaptureAndSquaresForConstantCheckAndMateAsFalse(&quot;g7-g6&quot;,ChessWithTDD.Move,False)" fullname="ChessWithTDD.Tests.AlgebraicNotationGeneratorTests.PawnMoveTestCaptureAndSquaresForConstantCheckAndMateAsFalse(&quot;g7-g6&quot;,ChessWithTDD.Move,False)" methodname="PawnMoveTestCaptureAndSquaresForConstantCheckAndMateAsFalse" classname="ChessWithTDD.Tests.AlgebraicNotationGeneratorTests" runstate="Runnable" seed="859057206" result="Passed" start-time="2017-07-31 23:04:27Z" end-time="2017-07-31 23:04:27Z" duration="0.000084" asserts="1" />
            <test-case id="0-1251" name="PawnMoveTestCaptureAndSquaresForConstantCheckAndMateAsFalse(&quot;h7-h6&quot;,ChessWithTDD.Move,False)" fullname="ChessWithTDD.Tests.AlgebraicNotationGeneratorTests.PawnMoveTestCaptureAndSquaresForConstantCheckAndMateAsFalse(&quot;h7-h6&quot;,ChessWithTDD.Move,False)" methodname="PawnMoveTestCaptureAndSquaresForConstantCheckAndMateAsFalse" classname="ChessWithTDD.Tests.AlgebraicNotationGeneratorTests" runstate="Runnable" seed="109124286" result="Passed" start-time="2017-07-31 23:04:27Z" end-time="2017-07-31 23:04:27Z" duration="0.000101" asserts="1" />
            <test-case id="0-1252" name="PawnMoveTestCaptureAndSquaresForConstantCheckAndMateAsFalse(&quot;a2xb3&quot;,ChessWithTDD.Move,True)" fullname="ChessWithTDD.Tests.AlgebraicNotationGeneratorTests.PawnMoveTestCaptureAndSquaresForConstantCheckAndMateAsFalse(&quot;a2xb3&quot;,ChessWithTDD.Move,True)" methodname="PawnMoveTestCaptureAndSquaresForConstantCheckAndMateAsFalse" classname="ChessWithTDD.Tests.AlgebraicNotationGeneratorTests" runstate="Runnable" seed="1774266760" result="Passed" start-time="2017-07-31 23:04:27Z" end-time="2017-07-31 23:04:27Z" duration="0.000095" asserts="1" />
            <test-case id="0-1253" name="PawnMoveTestCaptureAndSquaresForConstantCheckAndMateAsFalse(&quot;b2xc3&quot;,ChessWithTDD.Move,True)" fullname="ChessWithTDD.Tests.AlgebraicNotationGeneratorTests.PawnMoveTestCaptureAndSquaresForConstantCheckAndMateAsFalse(&quot;b2xc3&quot;,ChessWithTDD.Move,True)" methodname="PawnMoveTestCaptureAndSquaresForConstantCheckAndMateAsFalse" classname="ChessWithTDD.Tests.AlgebraicNotationGeneratorTests" runstate="Runnable" seed="746833383" result="Passed" start-time="2017-07-31 23:04:27Z" end-time="2017-07-31 23:04:27Z" duration="0.000112" asserts="1" />
            <test-case id="0-1254" name="PawnMoveTestCaptureAndSquaresForConstantCheckAndMateAsFalse(&quot;c2xd3&quot;,ChessWithTDD.Move,True)" fullname="ChessWithTDD.Tests.AlgebraicNotationGeneratorTests.PawnMoveTestCaptureAndSquaresForConstantCheckAndMateAsFalse(&quot;c2xd3&quot;,ChessWithTDD.Move,True)" methodname="PawnMoveTestCaptureAndSquaresForConstantCheckAndMateAsFalse" classname="ChessWithTDD.Tests.AlgebraicNotationGeneratorTests" runstate="Runnable" seed="1749302276" result="Passed" start-time="2017-07-31 23:04:27Z" end-time="2017-07-31 23:04:27Z" duration="0.000083" asserts="1" />
            <test-case id="0-1255" name="PawnMoveTestCaptureAndSquaresForConstantCheckAndMateAsFalse(&quot;d2xe3&quot;,ChessWithTDD.Move,True)" fullname="ChessWithTDD.Tests.AlgebraicNotationGeneratorTests.PawnMoveTestCaptureAndSquaresForConstantCheckAndMateAsFalse(&quot;d2xe3&quot;,ChessWithTDD.Move,True)" methodname="PawnMoveTestCaptureAndSquaresForConstantCheckAndMateAsFalse" classname="ChessWithTDD.Tests.AlgebraicNotationGeneratorTests" runstate="Runnable" seed="786189798" result="Passed" start-time="2017-07-31 23:04:27Z" end-time="2017-07-31 23:04:27Z" duration="0.000084" asserts="1" />
            <test-case id="0-1256" name="PawnMoveTestCaptureAndSquaresForConstantCheckAndMateAsFalse(&quot;e2xf3&quot;,ChessWithTDD.Move,True)" fullname="ChessWithTDD.Tests.AlgebraicNotationGeneratorTests.PawnMoveTestCaptureAndSquaresForConstantCheckAndMateAsFalse(&quot;e2xf3&quot;,ChessWithTDD.Move,True)" methodname="PawnMoveTestCaptureAndSquaresForConstantCheckAndMateAsFalse" classname="ChessWithTDD.Tests.AlgebraicNotationGeneratorTests" runstate="Runnable" seed="1480276310" result="Passed" start-time="2017-07-31 23:04:27Z" end-time="2017-07-31 23:04:27Z" duration="0.000127" asserts="1" />
            <test-case id="0-1257" name="PawnMoveTestCaptureAndSquaresForConstantCheckAndMateAsFalse(&quot;f2xg3&quot;,ChessWithTDD.Move,True)" fullname="ChessWithTDD.Tests.AlgebraicNotationGeneratorTests.PawnMoveTestCaptureAndSquaresForConstantCheckAndMateAsFalse(&quot;f2xg3&quot;,ChessWithTDD.Move,True)" methodname="PawnMoveTestCaptureAndSquaresForConstantCheckAndMateAsFalse" classname="ChessWithTDD.Tests.AlgebraicNotationGeneratorTests" runstate="Runnable" seed="1699884312" result="Passed" start-time="2017-07-31 23:04:27Z" end-time="2017-07-31 23:04:27Z" duration="0.000132" asserts="1" />
            <test-case id="0-1258" name="PawnMoveTestCaptureAndSquaresForConstantCheckAndMateAsFalse(&quot;g2xh3&quot;,ChessWithTDD.Move,True)" fullname="ChessWithTDD.Tests.AlgebraicNotationGeneratorTests.PawnMoveTestCaptureAndSquaresForConstantCheckAndMateAsFalse(&quot;g2xh3&quot;,ChessWithTDD.Move,True)" methodname="PawnMoveTestCaptureAndSquaresForConstantCheckAndMateAsFalse" classname="ChessWithTDD.Tests.AlgebraicNotationGeneratorTests" runstate="Runnable" seed="138422540" result="Passed" start-time="2017-07-31 23:04:27Z" end-time="2017-07-31 23:04:27Z" duration="0.000159" asserts="1" />
            <test-case id="0-1259" name="PawnMoveTestCaptureAndSquaresForConstantCheckAndMateAsFalse(&quot;h2xg3&quot;,ChessWithTDD.Move,True)" fullname="ChessWithTDD.Tests.AlgebraicNotationGeneratorTests.PawnMoveTestCaptureAndSquaresForConstantCheckAndMateAsFalse(&quot;h2xg3&quot;,ChessWithTDD.Move,True)" methodname="PawnMoveTestCaptureAndSquaresForConstantCheckAndMateAsFalse" classname="ChessWithTDD.Tests.AlgebraicNotationGeneratorTests" runstate="Runnable" seed="1755849479" result="Passed" start-time="2017-07-31 23:04:27Z" end-time="2017-07-31 23:04:27Z" duration="0.000086" asserts="1" />
          </test-suite>
          <test-suite type="ParameterizedMethod" id="0-1276" name="PawnMoveTestCheckAndMateForConstantCaptureAsFalse" fullname="ChessWithTDD.Tests.AlgebraicNotationGeneratorTests.PawnMoveTestCheckAndMateForConstantCaptureAsFalse" classname="ChessWithTDD.Tests.AlgebraicNotationGeneratorTests" runstate="Runnable" testcasecount="6" result="Passed" start-time="2017-07-31 23:04:27Z" end-time="2017-07-31 23:04:27Z" duration="0.019509" total="6" passed="6" failed="0" warnings="0" inconclusive="0" skipped="0" asserts="6">
            <test-case id="0-1270" name="PawnMoveTestCheckAndMateForConstantCaptureAsFalse(&quot;a2-b3&quot;,ChessWithTDD.Move,False,False)" fullname="ChessWithTDD.Tests.AlgebraicNotationGeneratorTests.PawnMoveTestCheckAndMateForConstantCaptureAsFalse(&quot;a2-b3&quot;,ChessWithTDD.Move,False,False)" methodname="PawnMoveTestCheckAndMateForConstantCaptureAsFalse" classname="ChessWithTDD.Tests.AlgebraicNotationGeneratorTests" runstate="Runnable" seed="556115952" result="Passed" start-time="2017-07-31 23:04:27Z" end-time="2017-07-31 23:04:27Z" duration="0.000713" asserts="1" />
            <test-case id="0-1271" name="PawnMoveTestCheckAndMateForConstantCaptureAsFalse(&quot;b2-c3&quot;,ChessWithTDD.Move,False,False)" fullname="ChessWithTDD.Tests.AlgebraicNotationGeneratorTests.PawnMoveTestCheckAndMateForConstantCaptureAsFalse(&quot;b2-c3&quot;,ChessWithTDD.Move,False,False)" methodname="PawnMoveTestCheckAndMateForConstantCaptureAsFalse" classname="ChessWithTDD.Tests.AlgebraicNotationGeneratorTests" runstate="Runnable" seed="1568799257" result="Passed" start-time="2017-07-31 23:04:27Z" end-time="2017-07-31 23:04:27Z" duration="0.000101" asserts="1" />
            <test-case id="0-1272" name="PawnMoveTestCheckAndMateForConstantCaptureAsFalse(&quot;c2-d3+&quot;,ChessWithTDD.Move,True,False)" fullname="ChessWithTDD.Tests.AlgebraicNotationGeneratorTests.PawnMoveTestCheckAndMateForConstantCaptureAsFalse(&quot;c2-d3+&quot;,ChessWithTDD.Move,True,False)" methodname="PawnMoveTestCheckAndMateForConstantCaptureAsFalse" classname="ChessWithTDD.Tests.AlgebraicNotationGeneratorTests" runstate="Runnable" seed="561516941" result="Passed" start-time="2017-07-31 23:04:27Z" end-time="2017-07-31 23:04:27Z" duration="0.000085" asserts="1" />
            <test-case id="0-1273" name="PawnMoveTestCheckAndMateForConstantCaptureAsFalse(&quot;d2-e3+&quot;,ChessWithTDD.Move,True,False)" fullname="ChessWithTDD.Tests.AlgebraicNotationGeneratorTests.PawnMoveTestCheckAndMateForConstantCaptureAsFalse(&quot;d2-e3+&quot;,ChessWithTDD.Move,True,False)" methodname="PawnMoveTestCheckAndMateForConstantCaptureAsFalse" classname="ChessWithTDD.Tests.AlgebraicNotationGeneratorTests" runstate="Runnable" seed="117222140" result="Passed" start-time="2017-07-31 23:04:27Z" end-time="2017-07-31 23:04:27Z" duration="0.000083" asserts="1" />
            <test-case id="0-1274" name="PawnMoveTestCheckAndMateForConstantCaptureAsFalse(&quot;e2-f3#&quot;,ChessWithTDD.Move,True,True)" fullname="ChessWithTDD.Tests.AlgebraicNotationGeneratorTests.PawnMoveTestCheckAndMateForConstantCaptureAsFalse(&quot;e2-f3#&quot;,ChessWithTDD.Move,True,True)" methodname="PawnMoveTestCheckAndMateForConstantCaptureAsFalse" classname="ChessWithTDD.Tests.AlgebraicNotationGeneratorTests" runstate="Runnable" seed="1906597763" result="Passed" start-time="2017-07-31 23:04:27Z" end-time="2017-07-31 23:04:27Z" duration="0.000084" asserts="1" />
            <test-case id="0-1275" name="PawnMoveTestCheckAndMateForConstantCaptureAsFalse(&quot;f2-g3#&quot;,ChessWithTDD.Move,True,True)" fullname="ChessWithTDD.Tests.AlgebraicNotationGeneratorTests.PawnMoveTestCheckAndMateForConstantCaptureAsFalse(&quot;f2-g3#&quot;,ChessWithTDD.Move,True,True)" methodname="PawnMoveTestCheckAndMateForConstantCaptureAsFalse" classname="ChessWithTDD.Tests.AlgebraicNotationGeneratorTests" runstate="Runnable" seed="1169375040" result="Passed" start-time="2017-07-31 23:04:27Z" end-time="2017-07-31 23:04:27Z" duration="0.000085" asserts="1" />
          </test-suite>
          <test-suite type="ParameterizedMethod" id="0-1279" name="PawnMoveTestInvalidCheckAndMate" fullname="ChessWithTDD.Tests.AlgebraicNotationGeneratorTests.PawnMoveTestInvalidCheckAndMate" classname="ChessWithTDD.Tests.AlgebraicNotationGeneratorTests" runstate="Runnable" testcasecount="2" result="Passed" start-time="2017-07-31 23:04:27Z" end-time="2017-07-31 23:04:27Z" duration="0.006677" total="2" passed="2" failed="0" warnings="0" inconclusive="0" skipped="0" asserts="2">
            <test-case id="0-1277" name="PawnMoveTestInvalidCheckAndMate(&quot;&quot;,ChessWithTDD.Move,False,True)" fullname="ChessWithTDD.Tests.AlgebraicNotationGeneratorTests.PawnMoveTestInvalidCheckAndMate(&quot;&quot;,ChessWithTDD.Move,False,True)" methodname="PawnMoveTestInvalidCheckAndMate" classname="ChessWithTDD.Tests.AlgebraicNotationGeneratorTests" runstate="Runnable" seed="320479465" result="Passed" start-time="2017-07-31 23:04:27Z" end-time="2017-07-31 23:04:27Z" duration="0.000387" asserts="1" />
            <test-case id="0-1278" name="PawnMoveTestInvalidCheckAndMate(&quot;&quot;,ChessWithTDD.Move,False,True)" fullname="ChessWithTDD.Tests.AlgebraicNotationGeneratorTests.PawnMoveTestInvalidCheckAndMate(&quot;&quot;,ChessWithTDD.Move,False,True)" methodname="PawnMoveTestInvalidCheckAndMate" classname="ChessWithTDD.Tests.AlgebraicNotationGeneratorTests" runstate="Runnable" seed="623848471" result="Passed" start-time="2017-07-31 23:04:27Z" end-time="2017-07-31 23:04:27Z" duration="0.000102" asserts="1" />
          </test-suite>
          <test-suite type="ParameterizedMethod" id="0-1269" name="PawnMoveTestInvalidMove" fullname="ChessWithTDD.Tests.AlgebraicNotationGeneratorTests.PawnMoveTestInvalidMove" classname="ChessWithTDD.Tests.AlgebraicNotationGeneratorTests" runstate="Runnable" testcasecount="8" result="Passed" start-time="2017-07-31 23:04:27Z" end-time="2017-07-31 23:04:27Z" duration="0.025027" total="8" passed="8" failed="0" warnings="0" inconclusive="0" skipped="0" asserts="8">
            <test-case id="0-1261" name="PawnMoveTestInvalidMove(&quot;&quot;,ChessWithTDD.Move,False)" fullname="ChessWithTDD.Tests.AlgebraicNotationGeneratorTests.PawnMoveTestInvalidMove(&quot;&quot;,ChessWithTDD.Move,False)" methodname="PawnMoveTestInvalidMove" classname="ChessWithTDD.Tests.AlgebraicNotationGeneratorTests" runstate="Runnable" seed="777397150" result="Passed" start-time="2017-07-31 23:04:27Z" end-time="2017-07-31 23:04:27Z" duration="0.000401" asserts="1" />
            <test-case id="0-1262" name="PawnMoveTestInvalidMove(&quot;&quot;,ChessWithTDD.Move,True)" fullname="ChessWithTDD.Tests.AlgebraicNotationGeneratorTests.PawnMoveTestInvalidMove(&quot;&quot;,ChessWithTDD.Move,True)" methodname="PawnMoveTestInvalidMove" classname="ChessWithTDD.Tests.AlgebraicNotationGeneratorTests" runstate="Runnable" seed="655900106" result="Passed" start-time="2017-07-31 23:04:27Z" end-time="2017-07-31 23:04:27Z" duration="0.000076" asserts="1" />
            <test-case id="0-1263" name="PawnMoveTestInvalidMove(&quot;&quot;,ChessWithTDD.Move,False)" fullname="ChessWithTDD.Tests.AlgebraicNotationGeneratorTests.PawnMoveTestInvalidMove(&quot;&quot;,ChessWithTDD.Move,False)" methodname="PawnMoveTestInvalidMove" classname="ChessWithTDD.Tests.AlgebraicNotationGeneratorTests" runstate="Runnable" seed="1807833261" result="Passed" start-time="2017-07-31 23:04:27Z" end-time="2017-07-31 23:04:27Z" duration="0.000071" asserts="1" />
            <test-case id="0-1264" name="PawnMoveTestInvalidMove(&quot;&quot;,ChessWithTDD.Move,True)" fullname="ChessWithTDD.Tests.AlgebraicNotationGeneratorTests.PawnMoveTestInvalidMove(&quot;&quot;,ChessWithTDD.Move,True)" methodname="PawnMoveTestInvalidMove" classname="ChessWithTDD.Tests.AlgebraicNotationGeneratorTests" runstate="Runnable" seed="735754762" result="Passed" start-time="2017-07-31 23:04:27Z" end-time="2017-07-31 23:04:27Z" duration="0.000073" asserts="1" />
            <test-case id="0-1265" name="PawnMoveTestInvalidMove(&quot;&quot;,ChessWithTDD.Move,False)" fullname="ChessWithTDD.Tests.AlgebraicNotationGeneratorTests.PawnMoveTestInvalidMove(&quot;&quot;,ChessWithTDD.Move,False)" methodname="PawnMoveTestInvalidMove" classname="ChessWithTDD.Tests.AlgebraicNotationGeneratorTests" runstate="Runnable" seed="911291903" result="Passed" start-time="2017-07-31 23:04:27Z" end-time="2017-07-31 23:04:27Z" duration="0.000072" asserts="1" />
            <test-case id="0-1266" name="PawnMoveTestInvalidMove(&quot;&quot;,ChessWithTDD.Move,True)" fullname="ChessWithTDD.Tests.AlgebraicNotationGeneratorTests.PawnMoveTestInvalidMove(&quot;&quot;,ChessWithTDD.Move,True)" methodname="PawnMoveTestInvalidMove" classname="ChessWithTDD.Tests.AlgebraicNotationGeneratorTests" runstate="Runnable" seed="602617587" result="Passed" start-time="2017-07-31 23:04:27Z" end-time="2017-07-31 23:04:27Z" duration="0.000072" asserts="1" />
            <test-case id="0-1267" name="PawnMoveTestInvalidMove(&quot;&quot;,ChessWithTDD.Move,False)" fullname="ChessWithTDD.Tests.AlgebraicNotationGeneratorTests.PawnMoveTestInvalidMove(&quot;&quot;,ChessWithTDD.Move,False)" methodname="PawnMoveTestInvalidMove" classname="ChessWithTDD.Tests.AlgebraicNotationGeneratorTests" runstate="Runnable" seed="2091371889" result="Passed" start-time="2017-07-31 23:04:27Z" end-time="2017-07-31 23:04:27Z" duration="0.000078" asserts="1" />
            <test-case id="0-1268" name="PawnMoveTestInvalidMove(&quot;&quot;,ChessWithTDD.Move,True)" fullname="ChessWithTDD.Tests.AlgebraicNotationGeneratorTests.PawnMoveTestInvalidMove(&quot;&quot;,ChessWithTDD.Move,True)" methodname="PawnMoveTestInvalidMove" classname="ChessWithTDD.Tests.AlgebraicNotationGeneratorTests" runstate="Runnable" seed="606666031" result="Passed" start-time="2017-07-31 23:04:27Z" end-time="2017-07-31 23:04:27Z" duration="0.000086" asserts="1" />
          </test-suite>
        </test-suite>
        <test-suite type="TestFixture" id="0-1340" name="AlgebraicNotationParserTests" fullname="ChessWithTDD.Tests.AlgebraicNotationParserTests" classname="ChessWithTDD.Tests.AlgebraicNotationParserTests" runstate="Runnable" testcasecount="144" result="Passed" start-time="2017-07-31 23:04:27Z" end-time="2017-07-31 23:04:27Z" duration="0.521071" total="144" passed="144" failed="0" warnings="0" inconclusive="0" skipped="0" asserts="168">
          <test-suite type="ParameterizedMethod" id="0-1489" name="NonPawnMoveCheckAndMateFalse" fullname="ChessWithTDD.Tests.AlgebraicNotationParserTests.NonPawnMoveCheckAndMateFalse" classname="ChessWithTDD.Tests.AlgebraicNotationParserTests" runstate="Runnable" testcasecount="4" result="Passed" start-time="2017-07-31 23:04:27Z" end-time="2017-07-31 23:04:27Z" duration="0.026215" total="4" passed="4" failed="0" warnings="0" inconclusive="0" skipped="0" asserts="8">
            <test-case id="0-1485" name="NonPawnMoveCheckAndMateFalse(&quot;Ka2-a4&quot;)" fullname="ChessWithTDD.Tests.AlgebraicNotationParserTests.NonPawnMoveCheckAndMateFalse(&quot;Ka2-a4&quot;)" methodname="NonPawnMoveCheckAndMateFalse" classname="ChessWithTDD.Tests.AlgebraicNotationParserTests" runstate="Runnable" seed="503145856" result="Passed" start-time="2017-07-31 23:04:27Z" end-time="2017-07-31 23:04:27Z" duration="0.014578" asserts="2" />
            <test-case id="0-1486" name="NonPawnMoveCheckAndMateFalse(&quot;Bd7-d5&quot;)" fullname="ChessWithTDD.Tests.AlgebraicNotationParserTests.NonPawnMoveCheckAndMateFalse(&quot;Bd7-d5&quot;)" methodname="NonPawnMoveCheckAndMateFalse" classname="ChessWithTDD.Tests.AlgebraicNotationParserTests" runstate="Runnable" seed="1913763489" result="Passed" start-time="2017-07-31 23:04:27Z" end-time="2017-07-31 23:04:27Z" duration="0.000253" asserts="2" />
            <test-case id="0-1487" name="NonPawnMoveCheckAndMateFalse(&quot;Rc2-c3&quot;)" fullname="ChessWithTDD.Tests.AlgebraicNotationParserTests.NonPawnMoveCheckAndMateFalse(&quot;Rc2-c3&quot;)" methodname="NonPawnMoveCheckAndMateFalse" classname="ChessWithTDD.Tests.AlgebraicNotationParserTests" runstate="Runnable" seed="739495523" result="Passed" start-time="2017-07-31 23:04:27Z" end-time="2017-07-31 23:04:27Z" duration="0.000219" asserts="2" />
            <test-case id="0-1488" name="NonPawnMoveCheckAndMateFalse(&quot;Qf2xg3&quot;)" fullname="ChessWithTDD.Tests.AlgebraicNotationParserTests.NonPawnMoveCheckAndMateFalse(&quot;Qf2xg3&quot;)" methodname="NonPawnMoveCheckAndMateFalse" classname="ChessWithTDD.Tests.AlgebraicNotationParserTests" runstate="Runnable" seed="847662245" result="Passed" start-time="2017-07-31 23:04:27Z" end-time="2017-07-31 23:04:27Z" duration="0.000213" asserts="2" />
          </test-suite>
          <test-suite type="ParameterizedMethod" id="0-1494" name="NonPawnMoveCheckAndMateTrue" fullname="ChessWithTDD.Tests.AlgebraicNotationParserTests.NonPawnMoveCheckAndMateTrue" classname="ChessWithTDD.Tests.AlgebraicNotationParserTests" runstate="Runnable" testcasecount="4" result="Passed" start-time="2017-07-31 23:04:27Z" end-time="2017-07-31 23:04:27Z" duration="0.013007" total="4" passed="4" failed="0" warnings="0" inconclusive="0" skipped="0" asserts="8">
            <test-case id="0-1490" name="NonPawnMoveCheckAndMateTrue(&quot;Ka2-a4#&quot;)" fullname="ChessWithTDD.Tests.AlgebraicNotationParserTests.NonPawnMoveCheckAndMateTrue(&quot;Ka2-a4#&quot;)" methodname="NonPawnMoveCheckAndMateTrue" classname="ChessWithTDD.Tests.AlgebraicNotationParserTests" runstate="Runnable" seed="1677118938" result="Passed" start-time="2017-07-31 23:04:27Z" end-time="2017-07-31 23:04:27Z" duration="0.000748" asserts="2" />
            <test-case id="0-1491" name="NonPawnMoveCheckAndMateTrue(&quot;Bd7-d5#&quot;)" fullname="ChessWithTDD.Tests.AlgebraicNotationParserTests.NonPawnMoveCheckAndMateTrue(&quot;Bd7-d5#&quot;)" methodname="NonPawnMoveCheckAndMateTrue" classname="ChessWithTDD.Tests.AlgebraicNotationParserTests" runstate="Runnable" seed="1002672610" result="Passed" start-time="2017-07-31 23:04:27Z" end-time="2017-07-31 23:04:27Z" duration="0.000212" asserts="2" />
            <test-case id="0-1492" name="NonPawnMoveCheckAndMateTrue(&quot;Rc2-c3#&quot;)" fullname="ChessWithTDD.Tests.AlgebraicNotationParserTests.NonPawnMoveCheckAndMateTrue(&quot;Rc2-c3#&quot;)" methodname="NonPawnMoveCheckAndMateTrue" classname="ChessWithTDD.Tests.AlgebraicNotationParserTests" runstate="Runnable" seed="2064866825" result="Passed" start-time="2017-07-31 23:04:27Z" end-time="2017-07-31 23:04:27Z" duration="0.000223" asserts="2" />
[...]
          <test-case id="0-1727" name="BoardInitialiserServiceIsImplemented" fullname="ChessWithTDD.Tests.StrictServiceLocatorTests.BoardInitialiserServiceIsImplemented" methodname="BoardInitialiserServiceIsImplemented" classname="ChessWithTDD.Tests.StrictServiceLocatorTests" runstate="Runnable" seed="578370171" result="Passed" start-time="2017-07-31 23:04:31Z" end-time="2017-07-31 23:04:31Z" duration="0.000506" asserts="1" />
          <test-case id="0-1728" name="CheckManagerServiceIsImplemented" fullname="ChessWithTDD.Tests.StrictServiceLocatorTests.CheckManagerServiceIsImplemented" methodname="CheckManagerServiceIsImplemented" classname="ChessWithTDD.Tests.StrictServiceLocatorTests" runstate="Runnable" seed="234130470" result="Passed" start-time="2017-07-31 23:04:31Z" end-time="2017-07-31 23:04:31Z" duration="0.000470" asserts="1" />
          <test-case id="0-1731" name="MoveExecutorServiceIsImplemented" fullname="ChessWithTDD.Tests.StrictServiceLocatorTests.MoveExecutorServiceIsImplemented" methodname="MoveExecutorServiceIsImplemented" classname="ChessWithTDD.Tests.StrictServiceLocatorTests" runstate="Runnable" seed="89009521" result="Passed" start-time="2017-07-31 23:04:31Z" end-time="2017-07-31 23:04:31Z" duration="0.000604" asserts="1" />
          <test-case id="0-1732" name="MoveIntoCheckValidatorServiceIsImplemented" fullname="ChessWithTDD.Tests.StrictServiceLocatorTests.MoveIntoCheckValidatorServiceIsImplemented" methodname="MoveIntoCheckValidatorServiceIsImplemented" classname="ChessWithTDD.Tests.StrictServiceLocatorTests" runstate="Runnable" seed="1740696535" result="Passed" start-time="2017-07-31 23:04:31Z" end-time="2017-07-31 23:04:31Z" duration="0.000488" asserts="1" />
          <test-case id="0-1729" name="MoveValidatorServiceIsImplemented" fullname="ChessWithTDD.Tests.StrictServiceLocatorTests.MoveValidatorServiceIsImplemented" methodname="MoveValidatorServiceIsImplemented" classname="ChessWithTDD.Tests.StrictServiceLocatorTests" runstate="Runnable" seed="985484014" result="Passed" start-time="2017-07-31 23:04:31Z" end-time="2017-07-31 23:04:31Z" duration="0.000450" asserts="1" />
          <test-case id="0-1730" name="PawnManagerServiceIsImplemented" fullname="ChessWithTDD.Tests.StrictServiceLocatorTests.PawnManagerServiceIsImplemented" methodname="PawnManagerServiceIsImplemented" classname="ChessWithTDD.Tests.StrictServiceLocatorTests" runstate="Runnable" seed="1746530904" result="Passed" start-time="2017-07-31 23:04:31Z" end-time="2017-07-31 23:04:31Z" duration="0.000479" asserts="1" />
        </test-suite>
        <test-suite type="TestFixture" id="0-1875" name="WhitePawnTests" fullname="ChessWithTDD.Tests.WhitePawnTests" classname="ChessWithTDD.Tests.WhitePawnTests" runstate="Runnable" testcasecount="21" result="Passed" start-time="2017-07-31 23:04:31Z" end-time="2017-07-31 23:04:31Z" duration="0.119539" total="21" passed="21" failed="0" warnings="0" inconclusive="0" skipped="0" asserts="21">
          <test-suite type="ParameterizedMethod" id="0-1884" name="WhitePawnCanMoveDiagonallyUpTheBoardIfBlackPieceThere" fullname="ChessWithTDD.Tests.WhitePawnTests.WhitePawnCanMoveDiagonallyUpTheBoardIfBlackPieceThere" classname="ChessWithTDD.Tests.WhitePawnTests" runstate="Runnable" testcasecount="2" result="Passed" start-time="2017-07-31 23:04:31Z" end-time="2017-07-31 23:04:31Z" duration="0.008537" total="2" passed="2" failed="0" warnings="0" inconclusive="0" skipped="0" asserts="2">
            <test-case id="0-1882" name="WhitePawnCanMoveDiagonallyUpTheBoardIfBlackPieceThere(4,4,5,5)" fullname="ChessWithTDD.Tests.WhitePawnTests.WhitePawnCanMoveDiagonallyUpTheBoardIfBlackPieceThere(4,4,5,5)" methodname="WhitePawnCanMoveDiagonallyUpTheBoardIfBlackPieceThere" classname="ChessWithTDD.Tests.WhitePawnTests" runstate="Runnable" seed="633072969" result="Passed" start-time="2017-07-31 23:04:31Z" end-time="2017-07-31 23:04:31Z" duration="0.001857" asserts="1" />
            <test-case id="0-1883" name="WhitePawnCanMoveDiagonallyUpTheBoardIfBlackPieceThere(4,4,5,3)" fullname="ChessWithTDD.Tests.WhitePawnTests.WhitePawnCanMoveDiagonallyUpTheBoardIfBlackPieceThere(4,4,5,3)" methodname="WhitePawnCanMoveDiagonallyUpTheBoardIfBlackPieceThere" classname="ChessWithTDD.Tests.WhitePawnTests" runstate="Runnable" seed="167461042" result="Passed" start-time="2017-07-31 23:04:31Z" end-time="2017-07-31 23:04:31Z" duration="0.001023" asserts="1" />
          </test-suite>
          <test-suite type="ParameterizedMethod" id="0-1890" name="WhitePawnCanMoveDiagonallyUpwardsToEmptySquareIfToSquareHasEnPassantMark" fullname="ChessWithTDD.Tests.WhitePawnTests.WhitePawnCanMoveDiagonallyUpwardsToEmptySquareIfToSquareHasEnPassantMark" classname="ChessWithTDD.Tests.WhitePawnTests" runstate="Runnable" testcasecount="2" result="Passed" start-time="2017-07-31 23:04:31Z" end-time="2017-07-31 23:04:31Z" duration="0.008481" total="2" passed="2" failed="0" warnings="0" inconclusive="0" skipped="0" asserts="2">
            <test-case id="0-1888" name="WhitePawnCanMoveDiagonallyUpwardsToEmptySquareIfToSquareHasEnPassantMark(4,4,5,5)" fullname="ChessWithTDD.Tests.WhitePawnTests.WhitePawnCanMoveDiagonallyUpwardsToEmptySquareIfToSquareHasEnPassantMark(4,4,5,5)" methodname="WhitePawnCanMoveDiagonallyUpwardsToEmptySquareIfToSquareHasEnPassantMark" classname="ChessWithTDD.Tests.WhitePawnTests" runstate="Runnable" seed="982346202" result="Passed" start-time="2017-07-31 23:04:31Z" end-time="2017-07-31 23:04:31Z" duration="0.001481" asserts="1" />
            <test-case id="0-1889" name="WhitePawnCanMoveDiagonallyUpwardsToEmptySquareIfToSquareHasEnPassantMark(4,4,5,3)" fullname="ChessWithTDD.Tests.WhitePawnTests.WhitePawnCanMoveDiagonallyUpwardsToEmptySquareIfToSquareHasEnPassantMark(4,4,5,3)" methodname="WhitePawnCanMoveDiagonallyUpwardsToEmptySquareIfToSquareHasEnPassantMark" classname="ChessWithTDD.Tests.WhitePawnTests" runstate="Runnable" seed="449932847" result="Passed" start-time="2017-07-31 23:04:31Z" end-time="2017-07-31 23:04:31Z" duration="0.000898" asserts="1" />
          </test-suite>
          <test-suite type="ParameterizedMethod" id="0-1878" name="WhitePawnCanMoveOneVerticalPositionUpTheBoard" fullname="ChessWithTDD.Tests.WhitePawnTests.WhitePawnCanMoveOneVerticalPositionUpTheBoard" classname="ChessWithTDD.Tests.WhitePawnTests" runstate="Runnable" testcasecount="2" result="Passed" start-time="2017-07-31 23:04:31Z" end-time="2017-07-31 23:04:31Z" duration="0.007519" total="2" passed="2" failed="0" warnings="0" inconclusive="0" skipped="0" asserts="2">
            <test-case id="0-1876" name="WhitePawnCanMoveOneVerticalPositionUpTheBoard(5,2,6,2)" fullname="ChessWithTDD.Tests.WhitePawnTests.WhitePawnCanMoveOneVerticalPositionUpTheBoard(5,2,6,2)" methodname="WhitePawnCanMoveOneVerticalPositionUpTheBoard" classname="ChessWithTDD.Tests.WhitePawnTests" runstate="Runnable" seed="1683866536" result="Passed" start-time="2017-07-31 23:04:31Z" end-time="2017-07-31 23:04:31Z" duration="0.001190" asserts="1" />
            <test-case id="0-1877" name="WhitePawnCanMoveOneVerticalPositionUpTheBoard(3,3,4,3)" fullname="ChessWithTDD.Tests.WhitePawnTests.WhitePawnCanMoveOneVerticalPositionUpTheBoard(3,3,4,3)" methodname="WhitePawnCanMoveOneVerticalPositionUpTheBoard" classname="ChessWithTDD.Tests.WhitePawnTests" runstate="Runnable" seed="1766994152" result="Passed" start-time="2017-07-31 23:04:31Z" end-time="2017-07-31 23:04:31Z" duration="0.000800" asserts="1" />
          </test-suite>
          <test-suite type="ParameterizedMethod" id="0-1896" name="WhitePawnCanMoveTwoVerticalSpacesUpTheBoardIfItHasNotMovedBefore" fullname="ChessWithTDD.Tests.WhitePawnTests.WhitePawnCanMoveTwoVerticalSpacesUpTheBoardIfItHasNotMovedBefore" classname="ChessWithTDD.Tests.WhitePawnTests" runstate="Runnable" testcasecount="2" result="Passed" start-time="2017-07-31 23:04:31Z" end-time="2017-07-31 23:04:31Z" duration="0.008045" total="2" passed="2" failed="0" warnings="0" inconclusive="0" skipped="0" asserts="2">
            <test-case id="0-1894" name="WhitePawnCanMoveTwoVerticalSpacesUpTheBoardIfItHasNotMovedBefore(4,4,6,4)" fullname="ChessWithTDD.Tests.WhitePawnTests.WhitePawnCanMoveTwoVerticalSpacesUpTheBoardIfItHasNotMovedBefore(4,4,6,4)" methodname="WhitePawnCanMoveTwoVerticalSpacesUpTheBoardIfItHasNotMovedBefore" classname="ChessWithTDD.Tests.WhitePawnTests" runstate="Runnable" seed="1845381345" result="Passed" start-time="2017-07-31 23:04:31Z" end-time="2017-07-31 23:04:31Z" duration="0.001892" asserts="1" />
            <test-case id="0-1895" name="WhitePawnCanMoveTwoVerticalSpacesUpTheBoardIfItHasNotMovedBefore(2,1,4,1)" fullname="ChessWithTDD.Tests.WhitePawnTests.WhitePawnCanMoveTwoVerticalSpacesUpTheBoardIfItHasNotMovedBefore(2,1,4,1)" methodname="WhitePawnCanMoveTwoVerticalSpacesUpTheBoardIfItHasNotMovedBefore" classname="ChessWithTDD.Tests.WhitePawnTests" runstate="Runnable" seed="1522299715" result="Passed" start-time="2017-07-31 23:04:31Z" end-time="2017-07-31 23:04:31Z" duration="0.000803" asserts="1" />
          </test-suite>
          <test-suite type="ParameterizedMethod" id="0-1887" name="WhitePawnCannotMoveDiagonallyUpTheBoardIfNoPieceThere" fullname="ChessWithTDD.Tests.WhitePawnTests.WhitePawnCannotMoveDiagonallyUpTheBoardIfNoPieceThere" classname="ChessWithTDD.Tests.WhitePawnTests" runstate="Runnable" testcasecount="2" result="Passed" start-time="2017-07-31 23:04:31Z" end-time="2017-07-31 23:04:31Z" duration="0.008484" total="2" passed="2" failed="0" warnings="0" inconclusive="0" skipped="0" asserts="2">
            <test-case id="0-1885" name="WhitePawnCannotMoveDiagonallyUpTheBoardIfNoPieceThere(4,4,5,5)" fullname="ChessWithTDD.Tests.WhitePawnTests.WhitePawnCannotMoveDiagonallyUpTheBoardIfNoPieceThere(4,4,5,5)" methodname="WhitePawnCannotMoveDiagonallyUpTheBoardIfNoPieceThere" classname="ChessWithTDD.Tests.WhitePawnTests" runstate="Runnable" seed="1529556679" result="Passed" start-time="2017-07-31 23:04:31Z" end-time="2017-07-31 23:04:31Z" duration="0.001200" asserts="1" />
            <test-case id="0-1886" name="WhitePawnCannotMoveDiagonallyUpTheBoardIfNoPieceThere(4,4,5,3)" fullname="ChessWithTDD.Tests.WhitePawnTests.WhitePawnCannotMoveDiagonallyUpTheBoardIfNoPieceThere(4,4,5,3)" methodname="WhitePawnCannotMoveDiagonallyUpTheBoardIfNoPieceThere" classname="ChessWithTDD.Tests.WhitePawnTests" runstate="Runnable" seed="445829849" result="Passed" start-time="2017-07-31 23:04:31Z" end-time="2017-07-31 23:04:31Z" duration="0.000824" asserts="1" />
          </test-suite>
          <test-suite type="ParameterizedMethod" id="0-1893" name="WhitePawnCannotMoveDiagonallyUpwardsToEmptySquareIfToSquareHasNoEnPassantMark" fullname="ChessWithTDD.Tests.WhitePawnTests.WhitePawnCannotMoveDiagonallyUpwardsToEmptySquareIfToSquareHasNoEnPassantMark" classname="ChessWithTDD.Tests.WhitePawnTests" runstate="Runnable" testcasecount="2" result="Passed" start-time="2017-07-31 23:04:31Z" end-time="2017-07-31 23:04:31Z" duration="0.008540" total="2" passed="2" failed="0" warnings="0" inconclusive="0" skipped="0" asserts="2">
            <test-case id="0-1891" name="WhitePawnCannotMoveDiagonallyUpwardsToEmptySquareIfToSquareHasNoEnPassantMark(4,4,5,5)" fullname="ChessWithTDD.Tests.WhitePawnTests.WhitePawnCannotMoveDiagonallyUpwardsToEmptySquareIfToSquareHasNoEnPassantMark(4,4,5,5)" methodname="WhitePawnCannotMoveDiagonallyUpwardsToEmptySquareIfToSquareHasNoEnPassantMark" classname="ChessWithTDD.Tests.WhitePawnTests" runstate="Runnable" seed="1778171988" result="Passed" start-time="2017-07-31 23:04:31Z" end-time="2017-07-31 23:04:31Z" duration="0.001876" asserts="1" />
            <test-case id="0-1892" name="WhitePawnCannotMoveDiagonallyUpwardsToEmptySquareIfToSquareHasNoEnPassantMark(4,4,5,3)" fullname="ChessWithTDD.Tests.WhitePawnTests.WhitePawnCannotMoveDiagonallyUpwardsToEmptySquareIfToSquareHasNoEnPassantMark(4,4,5,3)" methodname="WhitePawnCannotMoveDiagonallyUpwardsToEmptySquareIfToSquareHasNoEnPassantMark" classname="ChessWithTDD.Tests.WhitePawnTests" runstate="Runnable" seed="881131262" result="Passed" start-time="2017-07-31 23:04:31Z" end-time="2017-07-31 23:04:31Z" duration="0.000961" asserts="1" />
          </test-suite>
          <test-suite type="ParameterizedMethod" id="0-1905" name="WhitePawnCannotMoveOneHorizontalPositionAcrossTheBoard" fullname="ChessWithTDD.Tests.WhitePawnTests.WhitePawnCannotMoveOneHorizontalPositionAcrossTheBoard" classname="ChessWithTDD.Tests.WhitePawnTests" runstate="Runnable" testcasecount="2" result="Passed" start-time="2017-07-31 23:04:31Z" end-time="2017-07-31 23:04:31Z" duration="0.007533" total="2" passed="2" failed="0" warnings="0" inconclusive="0" skipped="0" asserts="2">
            <test-case id="0-1903" name="WhitePawnCannotMoveOneHorizontalPositionAcrossTheBoard(5,2,5,3)" fullname="ChessWithTDD.Tests.WhitePawnTests.WhitePawnCannotMoveOneHorizontalPositionAcrossTheBoard(5,2,5,3)" methodname="WhitePawnCannotMoveOneHorizontalPositionAcrossTheBoard" classname="ChessWithTDD.Tests.WhitePawnTests" runstate="Runnable" seed="1530856184" result="Passed" start-time="2017-07-31 23:04:31Z" end-time="2017-07-31 23:04:31Z" duration="0.001040" asserts="1" />
            <test-case id="0-1904" name="WhitePawnCannotMoveOneHorizontalPositionAcrossTheBoard(3,3,3,2)" fullname="ChessWithTDD.Tests.WhitePawnTests.WhitePawnCannotMoveOneHorizontalPositionAcrossTheBoard(3,3,3,2)" methodname="WhitePawnCannotMoveOneHorizontalPositionAcrossTheBoard" classname="ChessWithTDD.Tests.WhitePawnTests" runstate="Runnable" seed="871534735" result="Passed" start-time="2017-07-31 23:04:31Z" end-time="2017-07-31 23:04:31Z" duration="0.000777" asserts="1" />
          </test-suite>
          <test-suite type="ParameterizedMethod" id="0-1907" name="WhitePawnCannotMoveOneVerticalPositionDownTheBoard" fullname="ChessWithTDD.Tests.WhitePawnTests.WhitePawnCannotMoveOneVerticalPositionDownTheBoard" classname="ChessWithTDD.Tests.WhitePawnTests" runstate="Runnable" testcasecount="1" result="Passed" start-time="2017-07-31 23:04:31Z" end-time="2017-07-31 23:04:31Z" duration="0.004057" total="1" passed="1" failed="0" warnings="0" inconclusive="0" skipped="0" asserts="1">
            <test-case id="0-1906" name="WhitePawnCannotMoveOneVerticalPositionDownTheBoard(1,1,0,1)" fullname="ChessWithTDD.Tests.WhitePawnTests.WhitePawnCannotMoveOneVerticalPositionDownTheBoard(1,1,0,1)" methodname="WhitePawnCannotMoveOneVerticalPositionDownTheBoard" classname="ChessWithTDD.Tests.WhitePawnTests" runstate="Runnable" seed="647210013" result="Passed" start-time="2017-07-31 23:04:31Z" end-time="2017-07-31 23:04:31Z" duration="0.001075" asserts="1" />
          </test-suite>
          <test-suite type="ParameterizedMethod" id="0-1881" name="WhitePawnCannotMoveOneVerticalPositionUpTheBoardIfBlackPieceThere" fullname="ChessWithTDD.Tests.WhitePawnTests.WhitePawnCannotMoveOneVerticalPositionUpTheBoardIfBlackPieceThere" classname="ChessWithTDD.Tests.WhitePawnTests" runstate="Runnable" testcasecount="2" result="Passed" start-time="2017-07-31 23:04:31Z" end-time="2017-07-31 23:04:31Z" duration="0.009018" total="2" passed="2" failed="0" warnings="0" inconclusive="0" skipped="0" asserts="2">
            <test-case id="0-1879" name="WhitePawnCannotMoveOneVerticalPositionUpTheBoardIfBlackPieceThere(5,2,6,2)" fullname="ChessWithTDD.Tests.WhitePawnTests.WhitePawnCannotMoveOneVerticalPositionUpTheBoardIfBlackPieceThere(5,2,6,2)" methodname="WhitePawnCannotMoveOneVerticalPositionUpTheBoardIfBlackPieceThere" classname="ChessWithTDD.Tests.WhitePawnTests" runstate="Runnable" seed="59217376" result="Passed" start-time="2017-07-31 23:04:31Z" end-time="2017-07-31 23:04:31Z" duration="0.001522" asserts="1" />
            <test-case id="0-1880" name="WhitePawnCannotMoveOneVerticalPositionUpTheBoardIfBlackPieceThere(3,3,4,3)" fullname="ChessWithTDD.Tests.WhitePawnTests.WhitePawnCannotMoveOneVerticalPositionUpTheBoardIfBlackPieceThere(3,3,4,3)" methodname="WhitePawnCannotMoveOneVerticalPositionUpTheBoardIfBlackPieceThere" classname="ChessWithTDD.Tests.WhitePawnTests" runstate="Runnable" seed="1755012045" result="Passed" start-time="2017-07-31 23:04:31Z" end-time="2017-07-31 23:04:31Z" duration="0.000972" asserts="1" />
          </test-suite>
          <test-suite type="ParameterizedMethod" id="0-1899" name="WhitePawnCannotMoveTwoVerticalSpacesUpTheBoardIfItHasMovedBefore" fullname="ChessWithTDD.Tests.WhitePawnTests.WhitePawnCannotMoveTwoVerticalSpacesUpTheBoardIfItHasMovedBefore" classname="ChessWithTDD.Tests.WhitePawnTests" runstate="Runnable" testcasecount="2" result="Passed" start-time="2017-07-31 23:04:31Z" end-time="2017-07-31 23:04:31Z" duration="0.007501" total="2" passed="2" failed="0" warnings="0" inconclusive="0" skipped="0" asserts="2">
            <test-case id="0-1897" name="WhitePawnCannotMoveTwoVerticalSpacesUpTheBoardIfItHasMovedBefore(4,4,6,4)" fullname="ChessWithTDD.Tests.WhitePawnTests.WhitePawnCannotMoveTwoVerticalSpacesUpTheBoardIfItHasMovedBefore(4,4,6,4)" methodname="WhitePawnCannotMoveTwoVerticalSpacesUpTheBoardIfItHasMovedBefore" classname="ChessWithTDD.Tests.WhitePawnTests" runstate="Runnable" seed="291449807" result="Passed" start-time="2017-07-31 23:04:31Z" end-time="2017-07-31 23:04:31Z" duration="0.001149" asserts="1" />
            <test-case id="0-1898" name="WhitePawnCannotMoveTwoVerticalSpacesUpTheBoardIfItHasMovedBefore(2,1,4,1)" fullname="ChessWithTDD.Tests.WhitePawnTests.WhitePawnCannotMoveTwoVerticalSpacesUpTheBoardIfItHasMovedBefore(2,1,4,1)" methodname="WhitePawnCannotMoveTwoVerticalSpacesUpTheBoardIfItHasMovedBefore" classname="ChessWithTDD.Tests.WhitePawnTests" runstate="Runnable" seed="899501413" result="Passed" start-time="2017-07-31 23:04:31Z" end-time="2017-07-31 23:04:31Z" duration="0.000895" asserts="1" />
          </test-suite>
          <test-suite type="ParameterizedMethod" id="0-1902" name="WhitePawnCannotMoveTwoVerticalSpacesUpTheBoardIfItHasNotMovedButToSquareContainsAPiece" fullname="ChessWithTDD.Tests.WhitePawnTests.WhitePawnCannotMoveTwoVerticalSpacesUpTheBoardIfItHasNotMovedButToSquareContainsAPiece" classname="ChessWithTDD.Tests.WhitePawnTests" runstate="Runnable" testcasecount="2" result="Passed" start-time="2017-07-31 23:04:31Z" end-time="2017-07-31 23:04:31Z" duration="0.007530" total="2" passed="2" failed="0" warnings="0" inconclusive="0" skipped="0" asserts="2">
            <test-case id="0-1900" name="WhitePawnCannotMoveTwoVerticalSpacesUpTheBoardIfItHasNotMovedButToSquareContainsAPiece(4,4,6,4)" fullname="ChessWithTDD.Tests.WhitePawnTests.WhitePawnCannotMoveTwoVerticalSpacesUpTheBoardIfItHasNotMovedButToSquareContainsAPiece(4,4,6,4)" methodname="WhitePawnCannotMoveTwoVerticalSpacesUpTheBoardIfItHasNotMovedButToSquareContainsAPiece" classname="ChessWithTDD.Tests.WhitePawnTests" runstate="Runnable" seed="1249776880" result="Passed" start-time="2017-07-31 23:04:31Z" end-time="2017-07-31 23:04:31Z" duration="0.001086" asserts="1" />
            <test-case id="0-1901" name="WhitePawnCannotMoveTwoVerticalSpacesUpTheBoardIfItHasNotMovedButToSquareContainsAPiece(2,1,4,1)" fullname="ChessWithTDD.Tests.WhitePawnTests.WhitePawnCannotMoveTwoVerticalSpacesUpTheBoardIfItHasNotMovedButToSquareContainsAPiece(2,1,4,1)" methodname="WhitePawnCannotMoveTwoVerticalSpacesUpTheBoardIfItHasNotMovedButToSquareContainsAPiece" classname="ChessWithTDD.Tests.WhitePawnTests" runstate="Runnable" seed="1289066497" result="Passed" start-time="2017-07-31 23:04:31Z" end-time="2017-07-31 23:04:31Z" duration="0.000837" asserts="1" />
          </test-suite>
        </test-suite>
      </test-suite>
    </test-suite>
  </test-suite>
</test-run>